2025-05-30 05:22:55,731 - ServerApp - INFO - Запуск серверного приложения...
2025-05-30 05:22:55,731 - ServerApp - INFO - Сервер запущен и слушает на 127.0.0.1:65432
2025-05-30 05:22:55,732 - ServerApp - INFO - Для остановки сервера нажмите Ctrl+C в этой консоли.
2025-05-30 05:23:22,795 - ServerApp - INFO - Новое подключение от ('127.0.0.1', 56093)
2025-05-30 05:23:22,814 - ServerApp - INFO - Успешное подключение к базе данных PostgreSQL.
2025-05-30 05:23:23,305 - ServerApp - INFO - Новое подключение от ('127.0.0.1', 56095)
2025-05-30 05:23:23,421 - ServerApp - INFO - Успешное подключение к базе данных PostgreSQL.
2025-05-30 05:23:29,137 - ServerApp - DEBUG - Получено от ('127.0.0.1', 56093) (аутентификация): {"type": "login", "payload": {"username": "5555", "password": "5555"}}
2025-05-30 05:23:29,139 - ServerApp - WARNING - Неудачная попытка входа для пользователя '5555' от ('127.0.0.1', 56093)
2025-05-30 05:23:30,648 - ServerApp - DEBUG - Получено от ('127.0.0.1', 56093) (аутентификация): {"type": "register", "payload": {"username": "5555", "password": "5555"}}
2025-05-30 05:23:30,807 - ServerApp - INFO - Пользователь '5555' (ID: 4) успешно создан в БД.
2025-05-30 05:23:32,440 - ServerApp - DEBUG - Получено от ('127.0.0.1', 56093) (аутентификация): {"type": "login", "payload": {"username": "5555", "password": "5555"}}
2025-05-30 05:23:32,599 - ServerApp - INFO - Клиент ('127.0.0.1', 56093) аутентифицирован как 5555 (ID: 4)
2025-05-30 05:23:32,599 - ServerApp - INFO - Пользователь ID 4 запросил список чатов.
2025-05-30 05:23:32,603 - ServerApp - DEBUG - Для user_id 4 найдено 0 чатов.
2025-05-30 05:23:32,603 - ServerApp - DEBUG - Получено от 5555 (('127.0.0.1', 56093)): {"type": "request_chat_list", "payload": {}}
2025-05-30 05:23:32,603 - ServerApp - INFO - Пользователь ID 4 запросил список чатов.
2025-05-30 05:23:32,604 - ServerApp - DEBUG - Для user_id 4 найдено 0 чатов.
2025-05-30 05:23:37,128 - ServerApp - DEBUG - Получено от ('127.0.0.1', 56095) (аутентификация): {"type": "register", "payload": {"username": "4444", "password": "4444"}}
2025-05-30 05:23:37,288 - ServerApp - INFO - Пользователь '4444' (ID: 5) успешно создан в БД.
2025-05-30 05:23:38,944 - ServerApp - DEBUG - Получено от ('127.0.0.1', 56095) (аутентификация): {"type": "login", "payload": {"username": "4444", "password": "4444"}}
2025-05-30 05:23:39,101 - ServerApp - INFO - Клиент ('127.0.0.1', 56095) аутентифицирован как 4444 (ID: 5)
2025-05-30 05:23:39,101 - ServerApp - INFO - Пользователь ID 5 запросил список чатов.
2025-05-30 05:23:39,104 - ServerApp - DEBUG - Для user_id 5 найдено 0 чатов.
2025-05-30 05:23:39,104 - ServerApp - DEBUG - Получено от 4444 (('127.0.0.1', 56095)): {"type": "request_chat_list", "payload": {}}
2025-05-30 05:23:39,104 - ServerApp - INFO - Пользователь ID 5 запросил список чатов.
2025-05-30 05:23:39,105 - ServerApp - DEBUG - Для user_id 5 найдено 0 чатов.
2025-05-30 05:23:45,191 - ServerApp - DEBUG - Получено от 5555 (('127.0.0.1', 56093)): {"type": "initiate_direct_chat", "payload": {"target_username": "4444"}}
2025-05-30 05:23:45,191 - ServerApp - INFO - Создание нового direct чата для пользователей 4 и 5
2025-05-30 05:23:45,219 - ServerApp - INFO - Новый direct чат ID: 8 создан, участники добавлены.
2025-05-30 05:23:45,219 - ServerApp - INFO - Чат между 5555 (ID:4) и 4444 (ID:5) инициирован/найден. Chat ID: 8
2025-05-30 05:23:45,221 - ServerApp - DEBUG - Получено от 5555 (('127.0.0.1', 56093)): {"type": "request_chat_history", "payload": {"chat_id": 8}}
2025-05-30 05:23:45,221 - ServerApp - INFO - User_id 4 запросил историю для чата ID 8.
2025-05-30 05:23:45,221 - ServerApp - DEBUG - Извлечено 0 сообщений для chat_id: 8
2025-05-30 05:23:49,116 - ServerApp - DEBUG - Получено от 5555 (('127.0.0.1', 56093)): {"type": "send_message_to_chat", "payload": {"chat_id": 8, "text": "1"}}
2025-05-30 05:23:49,117 - ServerApp - DEBUG - Попытка INSERT сообщения: chat_id=8, sender_id=4, content='1...'
2025-05-30 05:23:49,118 - ServerApp - DEBUG - Сообщение вставлено, ID: 115, Время БД: 2025-05-30T05:23:49.117257+07:00
2025-05-30 05:23:49,118 - ServerApp - DEBUG - Попытка UPDATE chats: chat_id=8, last_message_at=2025-05-30T05:23:49.117257+07:00
2025-05-30 05:23:49,118 - ServerApp - INFO - Сообщение ID: 115 от user_id: 4 в chat_id: 8 сохранено, last_message_at обновлено (2025-05-30T05:23:49.117257+07:00).
2025-05-30 05:23:49,118 - ServerApp - INFO - Сообщение (ID: 115) от 5555 в чат 8 сохранено.
2025-05-30 05:23:49,119 - ServerApp - DEBUG - Участники чата 8 для рассылки (кроме 4 - 5555): [5]
2025-05-30 05:23:49,119 - ServerApp - INFO - Доставка сообщения (ID: 115) от 5555 участнику 4444 (ID: 5) чата 8.
2025-05-30 05:23:49,126 - ServerApp - DEBUG - Получено от 4444 (('127.0.0.1', 56095)): {"type": "request_chat_list", "payload": {}}
2025-05-30 05:23:49,126 - ServerApp - INFO - Пользователь ID 5 запросил список чатов.
2025-05-30 05:23:49,127 - ServerApp - DEBUG - Для user_id 5 найдено 1 чатов.
2025-05-30 05:23:52,199 - ServerApp - DEBUG - Получено от 4444 (('127.0.0.1', 56095)): {"type": "request_chat_list", "payload": {}}
2025-05-30 05:23:52,199 - ServerApp - INFO - Пользователь ID 5 запросил список чатов.
2025-05-30 05:23:52,200 - ServerApp - DEBUG - Для user_id 5 найдено 1 чатов.
2025-05-30 05:23:56,826 - ServerApp - DEBUG - Получено от 5555 (('127.0.0.1', 56093)): {"type": "send_message_to_chat", "payload": {"chat_id": 8, "text": "2"}}
2025-05-30 05:23:56,827 - ServerApp - DEBUG - Попытка INSERT сообщения: chat_id=8, sender_id=4, content='2...'
2025-05-30 05:23:56,827 - ServerApp - DEBUG - Сообщение вставлено, ID: 116, Время БД: 2025-05-30T05:23:56.827286+07:00
2025-05-30 05:23:56,827 - ServerApp - DEBUG - Попытка UPDATE chats: chat_id=8, last_message_at=2025-05-30T05:23:56.827286+07:00
2025-05-30 05:23:56,828 - ServerApp - INFO - Сообщение ID: 116 от user_id: 4 в chat_id: 8 сохранено, last_message_at обновлено (2025-05-30T05:23:56.827286+07:00).
2025-05-30 05:23:56,828 - ServerApp - INFO - Сообщение (ID: 116) от 5555 в чат 8 сохранено.
2025-05-30 05:23:56,828 - ServerApp - DEBUG - Участники чата 8 для рассылки (кроме 4 - 5555): [5]
2025-05-30 05:23:56,828 - ServerApp - INFO - Доставка сообщения (ID: 116) от 5555 участнику 4444 (ID: 5) чата 8.
2025-05-30 05:23:56,836 - ServerApp - DEBUG - Получено от 4444 (('127.0.0.1', 56095)): {"type": "request_chat_list", "payload": {}}
2025-05-30 05:23:56,836 - ServerApp - INFO - Пользователь ID 5 запросил список чатов.
2025-05-30 05:23:56,837 - ServerApp - DEBUG - Для user_id 5 найдено 1 чатов.
2025-05-30 05:23:58,218 - ServerApp - DEBUG - Получено от 5555 (('127.0.0.1', 56093)): {"type": "send_message_to_chat", "payload": {"chat_id": 8, "text": "3"}}
2025-05-30 05:23:58,219 - ServerApp - DEBUG - Попытка INSERT сообщения: chat_id=8, sender_id=4, content='3...'
2025-05-30 05:23:58,219 - ServerApp - DEBUG - Сообщение вставлено, ID: 117, Время БД: 2025-05-30T05:23:58.219311+07:00
2025-05-30 05:23:58,219 - ServerApp - DEBUG - Попытка UPDATE chats: chat_id=8, last_message_at=2025-05-30T05:23:58.219311+07:00
2025-05-30 05:23:58,220 - ServerApp - INFO - Сообщение ID: 117 от user_id: 4 в chat_id: 8 сохранено, last_message_at обновлено (2025-05-30T05:23:58.219311+07:00).
2025-05-30 05:23:58,220 - ServerApp - INFO - Сообщение (ID: 117) от 5555 в чат 8 сохранено.
2025-05-30 05:23:58,220 - ServerApp - DEBUG - Участники чата 8 для рассылки (кроме 4 - 5555): [5]
2025-05-30 05:23:58,220 - ServerApp - INFO - Доставка сообщения (ID: 117) от 5555 участнику 4444 (ID: 5) чата 8.
2025-05-30 05:23:59,075 - ServerApp - DEBUG - Получено от 5555 (('127.0.0.1', 56093)): {"type": "send_message_to_chat", "payload": {"chat_id": 8, "text": "4"}}
2025-05-30 05:23:59,075 - ServerApp - DEBUG - Попытка INSERT сообщения: chat_id=8, sender_id=4, content='4...'
2025-05-30 05:23:59,075 - ServerApp - DEBUG - Сообщение вставлено, ID: 118, Время БД: 2025-05-30T05:23:59.075475+07:00
2025-05-30 05:23:59,075 - ServerApp - DEBUG - Попытка UPDATE chats: chat_id=8, last_message_at=2025-05-30T05:23:59.075475+07:00
2025-05-30 05:23:59,076 - ServerApp - INFO - Сообщение ID: 118 от user_id: 4 в chat_id: 8 сохранено, last_message_at обновлено (2025-05-30T05:23:59.075475+07:00).
2025-05-30 05:23:59,076 - ServerApp - INFO - Сообщение (ID: 118) от 5555 в чат 8 сохранено.
2025-05-30 05:23:59,076 - ServerApp - DEBUG - Участники чата 8 для рассылки (кроме 4 - 5555): [5]
2025-05-30 05:23:59,076 - ServerApp - INFO - Доставка сообщения (ID: 118) от 5555 участнику 4444 (ID: 5) чата 8.
2025-05-30 05:23:59,442 - ServerApp - DEBUG - Получено от 5555 (('127.0.0.1', 56093)): {"type": "send_message_to_chat", "payload": {"chat_id": 8, "text": "5"}}
2025-05-30 05:23:59,443 - ServerApp - DEBUG - Попытка INSERT сообщения: chat_id=8, sender_id=4, content='5...'
2025-05-30 05:23:59,443 - ServerApp - DEBUG - Сообщение вставлено, ID: 119, Время БД: 2025-05-30T05:23:59.443292+07:00
2025-05-30 05:23:59,443 - ServerApp - DEBUG - Попытка UPDATE chats: chat_id=8, last_message_at=2025-05-30T05:23:59.443292+07:00
2025-05-30 05:23:59,443 - ServerApp - INFO - Сообщение ID: 119 от user_id: 4 в chat_id: 8 сохранено, last_message_at обновлено (2025-05-30T05:23:59.443292+07:00).
2025-05-30 05:23:59,444 - ServerApp - INFO - Сообщение (ID: 119) от 5555 в чат 8 сохранено.
2025-05-30 05:23:59,444 - ServerApp - DEBUG - Участники чата 8 для рассылки (кроме 4 - 5555): [5]
2025-05-30 05:23:59,444 - ServerApp - INFO - Доставка сообщения (ID: 119) от 5555 участнику 4444 (ID: 5) чата 8.
2025-05-30 05:24:01,625 - ServerApp - DEBUG - Получено от 4444 (('127.0.0.1', 56095)): {"type": "request_chat_history", "payload": {"chat_id": 8}}
2025-05-30 05:24:01,625 - ServerApp - INFO - User_id 5 запросил историю для чата ID 8.
2025-05-30 05:24:01,626 - ServerApp - DEBUG - Извлечено 5 сообщений для chat_id: 8
2025-05-30 05:24:05,403 - ServerApp - DEBUG - Получено от 5555 (('127.0.0.1', 56093)): {"type": "send_message_to_chat", "payload": {"chat_id": 8, "text": "6"}}
2025-05-30 05:24:05,404 - ServerApp - DEBUG - Попытка INSERT сообщения: chat_id=8, sender_id=4, content='6...'
2025-05-30 05:24:05,407 - ServerApp - DEBUG - Сообщение вставлено, ID: 120, Время БД: 2025-05-30T05:24:05.404177+07:00
2025-05-30 05:24:05,407 - ServerApp - DEBUG - Попытка UPDATE chats: chat_id=8, last_message_at=2025-05-30T05:24:05.404177+07:00
2025-05-30 05:24:05,408 - ServerApp - INFO - Сообщение ID: 120 от user_id: 4 в chat_id: 8 сохранено, last_message_at обновлено (2025-05-30T05:24:05.404177+07:00).
2025-05-30 05:24:05,408 - ServerApp - INFO - Сообщение (ID: 120) от 5555 в чат 8 сохранено.
2025-05-30 05:24:05,408 - ServerApp - DEBUG - Участники чата 8 для рассылки (кроме 4 - 5555): [5]
2025-05-30 05:24:05,408 - ServerApp - INFO - Доставка сообщения (ID: 120) от 5555 участнику 4444 (ID: 5) чата 8.
2025-05-30 05:24:05,755 - ServerApp - DEBUG - Получено от 5555 (('127.0.0.1', 56093)): {"type": "send_message_to_chat", "payload": {"chat_id": 8, "text": "7"}}
2025-05-30 05:24:05,756 - ServerApp - DEBUG - Попытка INSERT сообщения: chat_id=8, sender_id=4, content='7...'
2025-05-30 05:24:05,756 - ServerApp - DEBUG - Сообщение вставлено, ID: 121, Время БД: 2025-05-30T05:24:05.756340+07:00
2025-05-30 05:24:05,756 - ServerApp - DEBUG - Попытка UPDATE chats: chat_id=8, last_message_at=2025-05-30T05:24:05.756340+07:00
2025-05-30 05:24:05,757 - ServerApp - INFO - Сообщение ID: 121 от user_id: 4 в chat_id: 8 сохранено, last_message_at обновлено (2025-05-30T05:24:05.756340+07:00).
2025-05-30 05:24:05,757 - ServerApp - INFO - Сообщение (ID: 121) от 5555 в чат 8 сохранено.
2025-05-30 05:24:05,757 - ServerApp - DEBUG - Участники чата 8 для рассылки (кроме 4 - 5555): [5]
2025-05-30 05:24:05,757 - ServerApp - INFO - Доставка сообщения (ID: 121) от 5555 участнику 4444 (ID: 5) чата 8.
2025-05-30 05:24:06,091 - ServerApp - DEBUG - Получено от 5555 (('127.0.0.1', 56093)): {"type": "send_message_to_chat", "payload": {"chat_id": 8, "text": "8"}}
2025-05-30 05:24:06,092 - ServerApp - DEBUG - Попытка INSERT сообщения: chat_id=8, sender_id=4, content='8...'
2025-05-30 05:24:06,092 - ServerApp - DEBUG - Сообщение вставлено, ID: 122, Время БД: 2025-05-30T05:24:06.092140+07:00
2025-05-30 05:24:06,092 - ServerApp - DEBUG - Попытка UPDATE chats: chat_id=8, last_message_at=2025-05-30T05:24:06.092140+07:00
2025-05-30 05:24:06,092 - ServerApp - INFO - Сообщение ID: 122 от user_id: 4 в chat_id: 8 сохранено, last_message_at обновлено (2025-05-30T05:24:06.092140+07:00).
2025-05-30 05:24:06,092 - ServerApp - INFO - Сообщение (ID: 122) от 5555 в чат 8 сохранено.
2025-05-30 05:24:06,093 - ServerApp - DEBUG - Участники чата 8 для рассылки (кроме 4 - 5555): [5]
2025-05-30 05:24:06,093 - ServerApp - INFO - Доставка сообщения (ID: 122) от 5555 участнику 4444 (ID: 5) чата 8.
2025-05-30 05:24:06,572 - ServerApp - DEBUG - Получено от 5555 (('127.0.0.1', 56093)): {"type": "send_message_to_chat", "payload": {"chat_id": 8, "text": "9"}}
2025-05-30 05:24:06,572 - ServerApp - DEBUG - Попытка INSERT сообщения: chat_id=8, sender_id=4, content='9...'
2025-05-30 05:24:06,572 - ServerApp - DEBUG - Сообщение вставлено, ID: 123, Время БД: 2025-05-30T05:24:06.572419+07:00
2025-05-30 05:24:06,572 - ServerApp - DEBUG - Попытка UPDATE chats: chat_id=8, last_message_at=2025-05-30T05:24:06.572419+07:00
2025-05-30 05:24:06,573 - ServerApp - INFO - Сообщение ID: 123 от user_id: 4 в chat_id: 8 сохранено, last_message_at обновлено (2025-05-30T05:24:06.572419+07:00).
2025-05-30 05:24:06,573 - ServerApp - INFO - Сообщение (ID: 123) от 5555 в чат 8 сохранено.
2025-05-30 05:24:06,573 - ServerApp - DEBUG - Участники чата 8 для рассылки (кроме 4 - 5555): [5]
2025-05-30 05:24:06,573 - ServerApp - INFO - Доставка сообщения (ID: 123) от 5555 участнику 4444 (ID: 5) чата 8.
2025-05-30 05:24:08,195 - ServerApp - DEBUG - Получено от 5555 (('127.0.0.1', 56093)): {"type": "send_message_to_chat", "payload": {"chat_id": 8, "text": "10"}}
2025-05-30 05:24:08,196 - ServerApp - DEBUG - Попытка INSERT сообщения: chat_id=8, sender_id=4, content='10...'
2025-05-30 05:24:08,196 - ServerApp - DEBUG - Сообщение вставлено, ID: 124, Время БД: 2025-05-30T05:24:08.196348+07:00
2025-05-30 05:24:08,196 - ServerApp - DEBUG - Попытка UPDATE chats: chat_id=8, last_message_at=2025-05-30T05:24:08.196348+07:00
2025-05-30 05:24:08,197 - ServerApp - INFO - Сообщение ID: 124 от user_id: 4 в chat_id: 8 сохранено, last_message_at обновлено (2025-05-30T05:24:08.196348+07:00).
2025-05-30 05:24:08,197 - ServerApp - INFO - Сообщение (ID: 124) от 5555 в чат 8 сохранено.
2025-05-30 05:24:08,197 - ServerApp - DEBUG - Участники чата 8 для рассылки (кроме 4 - 5555): [5]
2025-05-30 05:24:08,197 - ServerApp - INFO - Доставка сообщения (ID: 124) от 5555 участнику 4444 (ID: 5) чата 8.
2025-05-30 05:24:09,100 - ServerApp - DEBUG - Получено от 5555 (('127.0.0.1', 56093)): {"type": "send_message_to_chat", "payload": {"chat_id": 8, "text": "11"}}
2025-05-30 05:24:09,100 - ServerApp - DEBUG - Попытка INSERT сообщения: chat_id=8, sender_id=4, content='11...'
2025-05-30 05:24:09,129 - ServerApp - DEBUG - Сообщение вставлено, ID: 125, Время БД: 2025-05-30T05:24:09.100837+07:00
2025-05-30 05:24:09,129 - ServerApp - DEBUG - Попытка UPDATE chats: chat_id=8, last_message_at=2025-05-30T05:24:09.100837+07:00
2025-05-30 05:24:09,129 - ServerApp - INFO - Сообщение ID: 125 от user_id: 4 в chat_id: 8 сохранено, last_message_at обновлено (2025-05-30T05:24:09.100837+07:00).
2025-05-30 05:24:09,129 - ServerApp - INFO - Сообщение (ID: 125) от 5555 в чат 8 сохранено.
2025-05-30 05:24:09,130 - ServerApp - DEBUG - Участники чата 8 для рассылки (кроме 4 - 5555): [5]
2025-05-30 05:24:09,130 - ServerApp - INFO - Доставка сообщения (ID: 125) от 5555 участнику 4444 (ID: 5) чата 8.
2025-05-30 05:24:09,916 - ServerApp - DEBUG - Получено от 5555 (('127.0.0.1', 56093)): {"type": "send_message_to_chat", "payload": {"chat_id": 8, "text": "12"}}
2025-05-30 05:24:09,916 - ServerApp - DEBUG - Попытка INSERT сообщения: chat_id=8, sender_id=4, content='12...'
2025-05-30 05:24:09,917 - ServerApp - DEBUG - Сообщение вставлено, ID: 126, Время БД: 2025-05-30T05:24:09.916826+07:00
2025-05-30 05:24:09,917 - ServerApp - DEBUG - Попытка UPDATE chats: chat_id=8, last_message_at=2025-05-30T05:24:09.916826+07:00
2025-05-30 05:24:09,917 - ServerApp - INFO - Сообщение ID: 126 от user_id: 4 в chat_id: 8 сохранено, last_message_at обновлено (2025-05-30T05:24:09.916826+07:00).
2025-05-30 05:24:09,917 - ServerApp - INFO - Сообщение (ID: 126) от 5555 в чат 8 сохранено.
2025-05-30 05:24:09,917 - ServerApp - DEBUG - Участники чата 8 для рассылки (кроме 4 - 5555): [5]
2025-05-30 05:24:09,917 - ServerApp - INFO - Доставка сообщения (ID: 126) от 5555 участнику 4444 (ID: 5) чата 8.
2025-05-30 05:24:10,364 - ServerApp - DEBUG - Получено от 5555 (('127.0.0.1', 56093)): {"type": "send_message_to_chat", "payload": {"chat_id": 8, "text": "13"}}
2025-05-30 05:24:10,364 - ServerApp - DEBUG - Попытка INSERT сообщения: chat_id=8, sender_id=4, content='13...'
2025-05-30 05:24:10,367 - ServerApp - DEBUG - Сообщение вставлено, ID: 127, Время БД: 2025-05-30T05:24:10.364720+07:00
2025-05-30 05:24:10,367 - ServerApp - DEBUG - Попытка UPDATE chats: chat_id=8, last_message_at=2025-05-30T05:24:10.364720+07:00
2025-05-30 05:24:10,367 - ServerApp - INFO - Сообщение ID: 127 от user_id: 4 в chat_id: 8 сохранено, last_message_at обновлено (2025-05-30T05:24:10.364720+07:00).
2025-05-30 05:24:10,367 - ServerApp - INFO - Сообщение (ID: 127) от 5555 в чат 8 сохранено.
2025-05-30 05:24:10,367 - ServerApp - DEBUG - Участники чата 8 для рассылки (кроме 4 - 5555): [5]
2025-05-30 05:24:10,368 - ServerApp - INFO - Доставка сообщения (ID: 127) от 5555 участнику 4444 (ID: 5) чата 8.
2025-05-30 05:24:10,940 - ServerApp - DEBUG - Получено от 5555 (('127.0.0.1', 56093)): {"type": "send_message_to_chat", "payload": {"chat_id": 8, "text": "14"}}
2025-05-30 05:24:10,940 - ServerApp - DEBUG - Попытка INSERT сообщения: chat_id=8, sender_id=4, content='14...'
2025-05-30 05:24:10,941 - ServerApp - DEBUG - Сообщение вставлено, ID: 128, Время БД: 2025-05-30T05:24:10.940952+07:00
2025-05-30 05:24:10,941 - ServerApp - DEBUG - Попытка UPDATE chats: chat_id=8, last_message_at=2025-05-30T05:24:10.940952+07:00
2025-05-30 05:24:10,941 - ServerApp - INFO - Сообщение ID: 128 от user_id: 4 в chat_id: 8 сохранено, last_message_at обновлено (2025-05-30T05:24:10.940952+07:00).
2025-05-30 05:24:10,941 - ServerApp - INFO - Сообщение (ID: 128) от 5555 в чат 8 сохранено.
2025-05-30 05:24:10,941 - ServerApp - DEBUG - Участники чата 8 для рассылки (кроме 4 - 5555): [5]
2025-05-30 05:24:10,941 - ServerApp - INFO - Доставка сообщения (ID: 128) от 5555 участнику 4444 (ID: 5) чата 8.
2025-05-30 05:24:12,124 - ServerApp - DEBUG - Получено от 5555 (('127.0.0.1', 56093)): {"type": "send_message_to_chat", "payload": {"chat_id": 8, "text": "15"}}
2025-05-30 05:24:12,124 - ServerApp - DEBUG - Попытка INSERT сообщения: chat_id=8, sender_id=4, content='15...'
2025-05-30 05:24:12,125 - ServerApp - DEBUG - Сообщение вставлено, ID: 129, Время БД: 2025-05-30T05:24:12.124856+07:00
2025-05-30 05:24:12,125 - ServerApp - DEBUG - Попытка UPDATE chats: chat_id=8, last_message_at=2025-05-30T05:24:12.124856+07:00
2025-05-30 05:24:12,125 - ServerApp - INFO - Сообщение ID: 129 от user_id: 4 в chat_id: 8 сохранено, last_message_at обновлено (2025-05-30T05:24:12.124856+07:00).
2025-05-30 05:24:12,125 - ServerApp - INFO - Сообщение (ID: 129) от 5555 в чат 8 сохранено.
2025-05-30 05:24:12,125 - ServerApp - DEBUG - Участники чата 8 для рассылки (кроме 4 - 5555): [5]
2025-05-30 05:24:12,125 - ServerApp - INFO - Доставка сообщения (ID: 129) от 5555 участнику 4444 (ID: 5) чата 8.
2025-05-30 05:24:12,620 - ServerApp - DEBUG - Получено от 5555 (('127.0.0.1', 56093)): {"type": "send_message_to_chat", "payload": {"chat_id": 8, "text": "16"}}
2025-05-30 05:24:12,620 - ServerApp - DEBUG - Попытка INSERT сообщения: chat_id=8, sender_id=4, content='16...'
2025-05-30 05:24:12,621 - ServerApp - DEBUG - Сообщение вставлено, ID: 130, Время БД: 2025-05-30T05:24:12.620858+07:00
2025-05-30 05:24:12,621 - ServerApp - DEBUG - Попытка UPDATE chats: chat_id=8, last_message_at=2025-05-30T05:24:12.620858+07:00
2025-05-30 05:24:12,621 - ServerApp - INFO - Сообщение ID: 130 от user_id: 4 в chat_id: 8 сохранено, last_message_at обновлено (2025-05-30T05:24:12.620858+07:00).
2025-05-30 05:24:12,621 - ServerApp - INFO - Сообщение (ID: 130) от 5555 в чат 8 сохранено.
2025-05-30 05:24:12,621 - ServerApp - DEBUG - Участники чата 8 для рассылки (кроме 4 - 5555): [5]
2025-05-30 05:24:12,621 - ServerApp - INFO - Доставка сообщения (ID: 130) от 5555 участнику 4444 (ID: 5) чата 8.
2025-05-30 05:24:14,084 - ServerApp - DEBUG - Получено от 5555 (('127.0.0.1', 56093)): {"type": "send_message_to_chat", "payload": {"chat_id": 8, "text": "17"}}
2025-05-30 05:24:14,085 - ServerApp - DEBUG - Попытка INSERT сообщения: chat_id=8, sender_id=4, content='17...'
2025-05-30 05:24:14,085 - ServerApp - DEBUG - Сообщение вставлено, ID: 131, Время БД: 2025-05-30T05:24:14.085172+07:00
2025-05-30 05:24:14,085 - ServerApp - DEBUG - Попытка UPDATE chats: chat_id=8, last_message_at=2025-05-30T05:24:14.085172+07:00
2025-05-30 05:24:14,087 - ServerApp - INFO - Сообщение ID: 131 от user_id: 4 в chat_id: 8 сохранено, last_message_at обновлено (2025-05-30T05:24:14.085172+07:00).
2025-05-30 05:24:14,087 - ServerApp - INFO - Сообщение (ID: 131) от 5555 в чат 8 сохранено.
2025-05-30 05:24:14,087 - ServerApp - DEBUG - Участники чата 8 для рассылки (кроме 4 - 5555): [5]
2025-05-30 05:24:14,088 - ServerApp - INFO - Доставка сообщения (ID: 131) от 5555 участнику 4444 (ID: 5) чата 8.
2025-05-30 05:24:15,140 - ServerApp - DEBUG - Получено от 5555 (('127.0.0.1', 56093)): {"type": "send_message_to_chat", "payload": {"chat_id": 8, "text": "18"}}
2025-05-30 05:24:15,141 - ServerApp - DEBUG - Попытка INSERT сообщения: chat_id=8, sender_id=4, content='18...'
2025-05-30 05:24:15,141 - ServerApp - DEBUG - Сообщение вставлено, ID: 132, Время БД: 2025-05-30T05:24:15.141190+07:00
2025-05-30 05:24:15,141 - ServerApp - DEBUG - Попытка UPDATE chats: chat_id=8, last_message_at=2025-05-30T05:24:15.141190+07:00
2025-05-30 05:24:15,141 - ServerApp - INFO - Сообщение ID: 132 от user_id: 4 в chat_id: 8 сохранено, last_message_at обновлено (2025-05-30T05:24:15.141190+07:00).
2025-05-30 05:24:15,141 - ServerApp - INFO - Сообщение (ID: 132) от 5555 в чат 8 сохранено.
2025-05-30 05:24:15,142 - ServerApp - DEBUG - Участники чата 8 для рассылки (кроме 4 - 5555): [5]
2025-05-30 05:24:15,142 - ServerApp - INFO - Доставка сообщения (ID: 132) от 5555 участнику 4444 (ID: 5) чата 8.
2025-05-30 05:24:16,173 - ServerApp - DEBUG - Получено от 5555 (('127.0.0.1', 56093)): {"type": "send_message_to_chat", "payload": {"chat_id": 8, "text": "19"}}
2025-05-30 05:24:16,173 - ServerApp - DEBUG - Попытка INSERT сообщения: chat_id=8, sender_id=4, content='19...'
2025-05-30 05:24:16,173 - ServerApp - DEBUG - Сообщение вставлено, ID: 133, Время БД: 2025-05-30T05:24:16.173396+07:00
2025-05-30 05:24:16,173 - ServerApp - DEBUG - Попытка UPDATE chats: chat_id=8, last_message_at=2025-05-30T05:24:16.173396+07:00
2025-05-30 05:24:16,174 - ServerApp - INFO - Сообщение ID: 133 от user_id: 4 в chat_id: 8 сохранено, last_message_at обновлено (2025-05-30T05:24:16.173396+07:00).
2025-05-30 05:24:16,174 - ServerApp - INFO - Сообщение (ID: 133) от 5555 в чат 8 сохранено.
2025-05-30 05:24:16,174 - ServerApp - DEBUG - Участники чата 8 для рассылки (кроме 4 - 5555): [5]
2025-05-30 05:24:16,174 - ServerApp - INFO - Доставка сообщения (ID: 133) от 5555 участнику 4444 (ID: 5) чата 8.
2025-05-30 05:24:17,148 - ServerApp - DEBUG - Получено от 5555 (('127.0.0.1', 56093)): {"type": "send_message_to_chat", "payload": {"chat_id": 8, "text": "20"}}
2025-05-30 05:24:17,149 - ServerApp - DEBUG - Попытка INSERT сообщения: chat_id=8, sender_id=4, content='20...'
2025-05-30 05:24:17,149 - ServerApp - DEBUG - Сообщение вставлено, ID: 134, Время БД: 2025-05-30T05:24:17.149318+07:00
2025-05-30 05:24:17,149 - ServerApp - DEBUG - Попытка UPDATE chats: chat_id=8, last_message_at=2025-05-30T05:24:17.149318+07:00
2025-05-30 05:24:17,149 - ServerApp - INFO - Сообщение ID: 134 от user_id: 4 в chat_id: 8 сохранено, last_message_at обновлено (2025-05-30T05:24:17.149318+07:00).
2025-05-30 05:24:17,150 - ServerApp - INFO - Сообщение (ID: 134) от 5555 в чат 8 сохранено.
2025-05-30 05:24:17,150 - ServerApp - DEBUG - Участники чата 8 для рассылки (кроме 4 - 5555): [5]
2025-05-30 05:24:17,150 - ServerApp - INFO - Доставка сообщения (ID: 134) от 5555 участнику 4444 (ID: 5) чата 8.
2025-05-30 05:24:18,013 - ServerApp - DEBUG - Получено от 5555 (('127.0.0.1', 56093)): {"type": "send_message_to_chat", "payload": {"chat_id": 8, "text": "21"}}
2025-05-30 05:24:18,013 - ServerApp - DEBUG - Попытка INSERT сообщения: chat_id=8, sender_id=4, content='21...'
2025-05-30 05:24:18,013 - ServerApp - DEBUG - Сообщение вставлено, ID: 135, Время БД: 2025-05-30T05:24:18.013607+07:00
2025-05-30 05:24:18,014 - ServerApp - DEBUG - Попытка UPDATE chats: chat_id=8, last_message_at=2025-05-30T05:24:18.013607+07:00
2025-05-30 05:24:18,014 - ServerApp - INFO - Сообщение ID: 135 от user_id: 4 в chat_id: 8 сохранено, last_message_at обновлено (2025-05-30T05:24:18.013607+07:00).
2025-05-30 05:24:18,014 - ServerApp - INFO - Сообщение (ID: 135) от 5555 в чат 8 сохранено.
2025-05-30 05:24:18,014 - ServerApp - DEBUG - Участники чата 8 для рассылки (кроме 4 - 5555): [5]
2025-05-30 05:24:18,014 - ServerApp - INFO - Доставка сообщения (ID: 135) от 5555 участнику 4444 (ID: 5) чата 8.
2025-05-30 05:24:18,813 - ServerApp - DEBUG - Получено от 5555 (('127.0.0.1', 56093)): {"type": "send_message_to_chat", "payload": {"chat_id": 8, "text": "22"}}
2025-05-30 05:24:18,813 - ServerApp - DEBUG - Попытка INSERT сообщения: chat_id=8, sender_id=4, content='22...'
2025-05-30 05:24:18,814 - ServerApp - DEBUG - Сообщение вставлено, ID: 136, Время БД: 2025-05-30T05:24:18.813856+07:00
2025-05-30 05:24:18,814 - ServerApp - DEBUG - Попытка UPDATE chats: chat_id=8, last_message_at=2025-05-30T05:24:18.813856+07:00
2025-05-30 05:24:18,814 - ServerApp - INFO - Сообщение ID: 136 от user_id: 4 в chat_id: 8 сохранено, last_message_at обновлено (2025-05-30T05:24:18.813856+07:00).
2025-05-30 05:24:18,814 - ServerApp - INFO - Сообщение (ID: 136) от 5555 в чат 8 сохранено.
2025-05-30 05:24:18,814 - ServerApp - DEBUG - Участники чата 8 для рассылки (кроме 4 - 5555): [5]
2025-05-30 05:24:18,814 - ServerApp - INFO - Доставка сообщения (ID: 136) от 5555 участнику 4444 (ID: 5) чата 8.
2025-05-30 05:24:20,765 - ServerApp - DEBUG - Получено от 5555 (('127.0.0.1', 56093)): {"type": "send_message_to_chat", "payload": {"chat_id": 8, "text": "23"}}
2025-05-30 05:24:20,766 - ServerApp - DEBUG - Попытка INSERT сообщения: chat_id=8, sender_id=4, content='23...'
2025-05-30 05:24:20,766 - ServerApp - DEBUG - Сообщение вставлено, ID: 137, Время БД: 2025-05-30T05:24:20.766205+07:00
2025-05-30 05:24:20,766 - ServerApp - DEBUG - Попытка UPDATE chats: chat_id=8, last_message_at=2025-05-30T05:24:20.766205+07:00
2025-05-30 05:24:20,766 - ServerApp - INFO - Сообщение ID: 137 от user_id: 4 в chat_id: 8 сохранено, last_message_at обновлено (2025-05-30T05:24:20.766205+07:00).
2025-05-30 05:24:20,766 - ServerApp - INFO - Сообщение (ID: 137) от 5555 в чат 8 сохранено.
2025-05-30 05:24:20,767 - ServerApp - DEBUG - Участники чата 8 для рассылки (кроме 4 - 5555): [5]
2025-05-30 05:24:20,767 - ServerApp - INFO - Доставка сообщения (ID: 137) от 5555 участнику 4444 (ID: 5) чата 8.
2025-05-30 05:24:25,414 - ServerApp - DEBUG - Получено от 4444 (('127.0.0.1', 56095)): {"type": "send_message_to_chat", "payload": {"chat_id": 8, "text": "24"}}
2025-05-30 05:24:25,414 - ServerApp - DEBUG - Попытка INSERT сообщения: chat_id=8, sender_id=5, content='24...'
2025-05-30 05:24:25,416 - ServerApp - DEBUG - Сообщение вставлено, ID: 138, Время БД: 2025-05-30T05:24:25.414870+07:00
2025-05-30 05:24:25,416 - ServerApp - DEBUG - Попытка UPDATE chats: chat_id=8, last_message_at=2025-05-30T05:24:25.414870+07:00
2025-05-30 05:24:25,416 - ServerApp - INFO - Сообщение ID: 138 от user_id: 5 в chat_id: 8 сохранено, last_message_at обновлено (2025-05-30T05:24:25.414870+07:00).
2025-05-30 05:24:25,416 - ServerApp - INFO - Сообщение (ID: 138) от 4444 в чат 8 сохранено.
2025-05-30 05:24:25,417 - ServerApp - DEBUG - Участники чата 8 для рассылки (кроме 5 - 4444): [4]
2025-05-30 05:24:25,417 - ServerApp - INFO - Доставка сообщения (ID: 138) от 4444 участнику 5555 (ID: 4) чата 8.
2025-05-30 05:24:25,902 - ServerApp - DEBUG - Получено от 4444 (('127.0.0.1', 56095)): {"type": "send_message_to_chat", "payload": {"chat_id": 8, "text": "25"}}
2025-05-30 05:24:25,902 - ServerApp - DEBUG - Попытка INSERT сообщения: chat_id=8, sender_id=5, content='25...'
2025-05-30 05:24:25,902 - ServerApp - DEBUG - Сообщение вставлено, ID: 139, Время БД: 2025-05-30T05:24:25.902468+07:00
2025-05-30 05:24:25,902 - ServerApp - DEBUG - Попытка UPDATE chats: chat_id=8, last_message_at=2025-05-30T05:24:25.902468+07:00
2025-05-30 05:24:25,903 - ServerApp - INFO - Сообщение ID: 139 от user_id: 5 в chat_id: 8 сохранено, last_message_at обновлено (2025-05-30T05:24:25.902468+07:00).
2025-05-30 05:24:25,903 - ServerApp - INFO - Сообщение (ID: 139) от 4444 в чат 8 сохранено.
2025-05-30 05:24:25,903 - ServerApp - DEBUG - Участники чата 8 для рассылки (кроме 5 - 4444): [4]
2025-05-30 05:24:25,903 - ServerApp - INFO - Доставка сообщения (ID: 139) от 4444 участнику 5555 (ID: 4) чата 8.
2025-05-30 05:24:26,910 - ServerApp - DEBUG - Получено от 4444 (('127.0.0.1', 56095)): {"type": "send_message_to_chat", "payload": {"chat_id": 8, "text": "26"}}
2025-05-30 05:24:26,910 - ServerApp - DEBUG - Попытка INSERT сообщения: chat_id=8, sender_id=5, content='26...'
2025-05-30 05:24:26,911 - ServerApp - DEBUG - Сообщение вставлено, ID: 140, Время БД: 2025-05-30T05:24:26.910659+07:00
2025-05-30 05:24:26,911 - ServerApp - DEBUG - Попытка UPDATE chats: chat_id=8, last_message_at=2025-05-30T05:24:26.910659+07:00
2025-05-30 05:24:26,911 - ServerApp - INFO - Сообщение ID: 140 от user_id: 5 в chat_id: 8 сохранено, last_message_at обновлено (2025-05-30T05:24:26.910659+07:00).
2025-05-30 05:24:26,911 - ServerApp - INFO - Сообщение (ID: 140) от 4444 в чат 8 сохранено.
2025-05-30 05:24:26,911 - ServerApp - DEBUG - Участники чата 8 для рассылки (кроме 5 - 4444): [4]
2025-05-30 05:24:26,911 - ServerApp - INFO - Доставка сообщения (ID: 140) от 4444 участнику 5555 (ID: 4) чата 8.
2025-05-30 05:24:27,424 - ServerApp - DEBUG - Получено от 4444 (('127.0.0.1', 56095)): {"type": "send_message_to_chat", "payload": {"chat_id": 8, "text": "27"}}
2025-05-30 05:24:27,424 - ServerApp - DEBUG - Попытка INSERT сообщения: chat_id=8, sender_id=5, content='27...'
2025-05-30 05:24:27,425 - ServerApp - DEBUG - Сообщение вставлено, ID: 141, Время БД: 2025-05-30T05:24:27.424937+07:00
2025-05-30 05:24:27,425 - ServerApp - DEBUG - Попытка UPDATE chats: chat_id=8, last_message_at=2025-05-30T05:24:27.424937+07:00
2025-05-30 05:24:27,425 - ServerApp - INFO - Сообщение ID: 141 от user_id: 5 в chat_id: 8 сохранено, last_message_at обновлено (2025-05-30T05:24:27.424937+07:00).
2025-05-30 05:24:27,425 - ServerApp - INFO - Сообщение (ID: 141) от 4444 в чат 8 сохранено.
2025-05-30 05:24:27,425 - ServerApp - DEBUG - Участники чата 8 для рассылки (кроме 5 - 4444): [4]
2025-05-30 05:24:27,425 - ServerApp - INFO - Доставка сообщения (ID: 141) от 4444 участнику 5555 (ID: 4) чата 8.
2025-05-30 05:24:27,918 - ServerApp - DEBUG - Получено от 4444 (('127.0.0.1', 56095)): {"type": "send_message_to_chat", "payload": {"chat_id": 8, "text": "28"}}
2025-05-30 05:24:27,919 - ServerApp - DEBUG - Попытка INSERT сообщения: chat_id=8, sender_id=5, content='28...'
2025-05-30 05:24:27,921 - ServerApp - DEBUG - Сообщение вставлено, ID: 142, Время БД: 2025-05-30T05:24:27.919121+07:00
2025-05-30 05:24:27,921 - ServerApp - DEBUG - Попытка UPDATE chats: chat_id=8, last_message_at=2025-05-30T05:24:27.919121+07:00
2025-05-30 05:24:27,921 - ServerApp - INFO - Сообщение ID: 142 от user_id: 5 в chat_id: 8 сохранено, last_message_at обновлено (2025-05-30T05:24:27.919121+07:00).
2025-05-30 05:24:27,921 - ServerApp - INFO - Сообщение (ID: 142) от 4444 в чат 8 сохранено.
2025-05-30 05:24:27,921 - ServerApp - DEBUG - Участники чата 8 для рассылки (кроме 5 - 4444): [4]
2025-05-30 05:24:27,921 - ServerApp - INFO - Доставка сообщения (ID: 142) от 4444 участнику 5555 (ID: 4) чата 8.
2025-05-30 05:24:28,430 - ServerApp - DEBUG - Получено от 4444 (('127.0.0.1', 56095)): {"type": "send_message_to_chat", "payload": {"chat_id": 8, "text": "29"}}
2025-05-30 05:24:28,431 - ServerApp - DEBUG - Попытка INSERT сообщения: chat_id=8, sender_id=5, content='29...'
2025-05-30 05:24:28,431 - ServerApp - DEBUG - Сообщение вставлено, ID: 143, Время БД: 2025-05-30T05:24:28.431288+07:00
2025-05-30 05:24:28,431 - ServerApp - DEBUG - Попытка UPDATE chats: chat_id=8, last_message_at=2025-05-30T05:24:28.431288+07:00
2025-05-30 05:24:28,431 - ServerApp - INFO - Сообщение ID: 143 от user_id: 5 в chat_id: 8 сохранено, last_message_at обновлено (2025-05-30T05:24:28.431288+07:00).
2025-05-30 05:24:28,431 - ServerApp - INFO - Сообщение (ID: 143) от 4444 в чат 8 сохранено.
2025-05-30 05:24:28,432 - ServerApp - DEBUG - Участники чата 8 для рассылки (кроме 5 - 4444): [4]
2025-05-30 05:24:28,432 - ServerApp - INFO - Доставка сообщения (ID: 143) от 4444 участнику 5555 (ID: 4) чата 8.
2025-05-30 05:24:30,703 - ServerApp - DEBUG - Получено от 4444 (('127.0.0.1', 56095)): {"type": "send_message_to_chat", "payload": {"chat_id": 8, "text": "30"}}
2025-05-30 05:24:30,703 - ServerApp - DEBUG - Попытка INSERT сообщения: chat_id=8, sender_id=5, content='30...'
2025-05-30 05:24:30,703 - ServerApp - DEBUG - Сообщение вставлено, ID: 144, Время БД: 2025-05-30T05:24:30.703435+07:00
2025-05-30 05:24:30,703 - ServerApp - DEBUG - Попытка UPDATE chats: chat_id=8, last_message_at=2025-05-30T05:24:30.703435+07:00
2025-05-30 05:24:30,704 - ServerApp - INFO - Сообщение ID: 144 от user_id: 5 в chat_id: 8 сохранено, last_message_at обновлено (2025-05-30T05:24:30.703435+07:00).
2025-05-30 05:24:30,704 - ServerApp - INFO - Сообщение (ID: 144) от 4444 в чат 8 сохранено.
2025-05-30 05:24:30,704 - ServerApp - DEBUG - Участники чата 8 для рассылки (кроме 5 - 4444): [4]
2025-05-30 05:24:30,704 - ServerApp - INFO - Доставка сообщения (ID: 144) от 4444 участнику 5555 (ID: 4) чата 8.
2025-05-30 05:24:31,831 - ServerApp - DEBUG - Получено от 4444 (('127.0.0.1', 56095)): {"type": "send_message_to_chat", "payload": {"chat_id": 8, "text": "1"}}
2025-05-30 05:24:31,831 - ServerApp - DEBUG - Попытка INSERT сообщения: chat_id=8, sender_id=5, content='1...'
2025-05-30 05:24:31,831 - ServerApp - DEBUG - Сообщение вставлено, ID: 145, Время БД: 2025-05-30T05:24:31.831617+07:00
2025-05-30 05:24:31,832 - ServerApp - DEBUG - Попытка UPDATE chats: chat_id=8, last_message_at=2025-05-30T05:24:31.831617+07:00
2025-05-30 05:24:31,832 - ServerApp - INFO - Сообщение ID: 145 от user_id: 5 в chat_id: 8 сохранено, last_message_at обновлено (2025-05-30T05:24:31.831617+07:00).
2025-05-30 05:24:31,832 - ServerApp - INFO - Сообщение (ID: 145) от 4444 в чат 8 сохранено.
2025-05-30 05:24:31,832 - ServerApp - DEBUG - Участники чата 8 для рассылки (кроме 5 - 4444): [4]
2025-05-30 05:24:31,832 - ServerApp - INFO - Доставка сообщения (ID: 145) от 4444 участнику 5555 (ID: 4) чата 8.
2025-05-30 05:24:32,463 - ServerApp - DEBUG - Получено от 4444 (('127.0.0.1', 56095)): {"type": "send_message_to_chat", "payload": {"chat_id": 8, "text": "2"}}
2025-05-30 05:24:32,463 - ServerApp - DEBUG - Попытка INSERT сообщения: chat_id=8, sender_id=5, content='2...'
2025-05-30 05:24:32,464 - ServerApp - DEBUG - Сообщение вставлено, ID: 146, Время БД: 2025-05-30T05:24:32.463751+07:00
2025-05-30 05:24:32,464 - ServerApp - DEBUG - Попытка UPDATE chats: chat_id=8, last_message_at=2025-05-30T05:24:32.463751+07:00
2025-05-30 05:24:32,464 - ServerApp - INFO - Сообщение ID: 146 от user_id: 5 в chat_id: 8 сохранено, last_message_at обновлено (2025-05-30T05:24:32.463751+07:00).
2025-05-30 05:24:32,464 - ServerApp - INFO - Сообщение (ID: 146) от 4444 в чат 8 сохранено.
2025-05-30 05:24:32,464 - ServerApp - DEBUG - Участники чата 8 для рассылки (кроме 5 - 4444): [4]
2025-05-30 05:24:32,464 - ServerApp - INFO - Доставка сообщения (ID: 146) от 4444 участнику 5555 (ID: 4) чата 8.
2025-05-30 05:24:33,175 - ServerApp - DEBUG - Получено от 4444 (('127.0.0.1', 56095)): {"type": "send_message_to_chat", "payload": {"chat_id": 8, "text": "3"}}
2025-05-30 05:24:33,175 - ServerApp - DEBUG - Попытка INSERT сообщения: chat_id=8, sender_id=5, content='3...'
2025-05-30 05:24:33,177 - ServerApp - DEBUG - Сообщение вставлено, ID: 147, Время БД: 2025-05-30T05:24:33.175571+07:00
2025-05-30 05:24:33,178 - ServerApp - DEBUG - Попытка UPDATE chats: chat_id=8, last_message_at=2025-05-30T05:24:33.175571+07:00
2025-05-30 05:24:33,178 - ServerApp - INFO - Сообщение ID: 147 от user_id: 5 в chat_id: 8 сохранено, last_message_at обновлено (2025-05-30T05:24:33.175571+07:00).
2025-05-30 05:24:33,178 - ServerApp - INFO - Сообщение (ID: 147) от 4444 в чат 8 сохранено.
2025-05-30 05:24:33,178 - ServerApp - DEBUG - Участники чата 8 для рассылки (кроме 5 - 4444): [4]
2025-05-30 05:24:33,178 - ServerApp - INFO - Доставка сообщения (ID: 147) от 4444 участнику 5555 (ID: 4) чата 8.
2025-05-30 05:24:33,927 - ServerApp - DEBUG - Получено от 4444 (('127.0.0.1', 56095)): {"type": "send_message_to_chat", "payload": {"chat_id": 8, "text": "4"}}
2025-05-30 05:24:33,927 - ServerApp - DEBUG - Попытка INSERT сообщения: chat_id=8, sender_id=5, content='4...'
2025-05-30 05:24:33,928 - ServerApp - DEBUG - Сообщение вставлено, ID: 148, Время БД: 2025-05-30T05:24:33.927742+07:00
2025-05-30 05:24:33,928 - ServerApp - DEBUG - Попытка UPDATE chats: chat_id=8, last_message_at=2025-05-30T05:24:33.927742+07:00
2025-05-30 05:24:33,928 - ServerApp - INFO - Сообщение ID: 148 от user_id: 5 в chat_id: 8 сохранено, last_message_at обновлено (2025-05-30T05:24:33.927742+07:00).
2025-05-30 05:24:33,928 - ServerApp - INFO - Сообщение (ID: 148) от 4444 в чат 8 сохранено.
2025-05-30 05:24:33,928 - ServerApp - DEBUG - Участники чата 8 для рассылки (кроме 5 - 4444): [4]
2025-05-30 05:24:33,928 - ServerApp - INFO - Доставка сообщения (ID: 148) от 4444 участнику 5555 (ID: 4) чата 8.
2025-05-30 05:24:34,263 - ServerApp - DEBUG - Получено от 4444 (('127.0.0.1', 56095)): {"type": "send_message_to_chat", "payload": {"chat_id": 8, "text": "5"}}
2025-05-30 05:24:34,263 - ServerApp - DEBUG - Попытка INSERT сообщения: chat_id=8, sender_id=5, content='5...'
2025-05-30 05:24:34,263 - ServerApp - DEBUG - Сообщение вставлено, ID: 149, Время БД: 2025-05-30T05:24:34.263650+07:00
2025-05-30 05:24:34,264 - ServerApp - DEBUG - Попытка UPDATE chats: chat_id=8, last_message_at=2025-05-30T05:24:34.263650+07:00
2025-05-30 05:24:34,264 - ServerApp - INFO - Сообщение ID: 149 от user_id: 5 в chat_id: 8 сохранено, last_message_at обновлено (2025-05-30T05:24:34.263650+07:00).
2025-05-30 05:24:34,264 - ServerApp - INFO - Сообщение (ID: 149) от 4444 в чат 8 сохранено.
2025-05-30 05:24:34,264 - ServerApp - DEBUG - Участники чата 8 для рассылки (кроме 5 - 4444): [4]
2025-05-30 05:24:34,264 - ServerApp - INFO - Доставка сообщения (ID: 149) от 4444 участнику 5555 (ID: 4) чата 8.
2025-05-30 05:24:34,599 - ServerApp - DEBUG - Получено от 4444 (('127.0.0.1', 56095)): {"type": "send_message_to_chat", "payload": {"chat_id": 8, "text": "6"}}
2025-05-30 05:24:34,599 - ServerApp - DEBUG - Попытка INSERT сообщения: chat_id=8, sender_id=5, content='6...'
2025-05-30 05:24:34,600 - ServerApp - DEBUG - Сообщение вставлено, ID: 150, Время БД: 2025-05-30T05:24:34.599736+07:00
2025-05-30 05:24:34,600 - ServerApp - DEBUG - Попытка UPDATE chats: chat_id=8, last_message_at=2025-05-30T05:24:34.599736+07:00
2025-05-30 05:24:34,600 - ServerApp - INFO - Сообщение ID: 150 от user_id: 5 в chat_id: 8 сохранено, last_message_at обновлено (2025-05-30T05:24:34.599736+07:00).
2025-05-30 05:24:34,600 - ServerApp - INFO - Сообщение (ID: 150) от 4444 в чат 8 сохранено.
2025-05-30 05:24:34,600 - ServerApp - DEBUG - Участники чата 8 для рассылки (кроме 5 - 4444): [4]
2025-05-30 05:24:34,600 - ServerApp - INFO - Доставка сообщения (ID: 150) от 4444 участнику 5555 (ID: 4) чата 8.
2025-05-30 05:24:34,935 - ServerApp - DEBUG - Получено от 4444 (('127.0.0.1', 56095)): {"type": "send_message_to_chat", "payload": {"chat_id": 8, "text": "7"}}
2025-05-30 05:24:34,935 - ServerApp - DEBUG - Попытка INSERT сообщения: chat_id=8, sender_id=5, content='7...'
2025-05-30 05:24:34,936 - ServerApp - DEBUG - Сообщение вставлено, ID: 151, Время БД: 2025-05-30T05:24:34.935755+07:00
2025-05-30 05:24:34,936 - ServerApp - DEBUG - Попытка UPDATE chats: chat_id=8, last_message_at=2025-05-30T05:24:34.935755+07:00
2025-05-30 05:24:34,936 - ServerApp - INFO - Сообщение ID: 151 от user_id: 5 в chat_id: 8 сохранено, last_message_at обновлено (2025-05-30T05:24:34.935755+07:00).
2025-05-30 05:24:34,936 - ServerApp - INFO - Сообщение (ID: 151) от 4444 в чат 8 сохранено.
2025-05-30 05:24:34,936 - ServerApp - DEBUG - Участники чата 8 для рассылки (кроме 5 - 4444): [4]
2025-05-30 05:24:34,936 - ServerApp - INFO - Доставка сообщения (ID: 151) от 4444 участнику 5555 (ID: 4) чата 8.
2025-05-30 05:24:35,239 - ServerApp - DEBUG - Получено от 4444 (('127.0.0.1', 56095)): {"type": "send_message_to_chat", "payload": {"chat_id": 8, "text": "8"}}
2025-05-30 05:24:35,239 - ServerApp - DEBUG - Попытка INSERT сообщения: chat_id=8, sender_id=5, content='8...'
2025-05-30 05:24:35,240 - ServerApp - DEBUG - Сообщение вставлено, ID: 152, Время БД: 2025-05-30T05:24:35.239788+07:00
2025-05-30 05:24:35,240 - ServerApp - DEBUG - Попытка UPDATE chats: chat_id=8, last_message_at=2025-05-30T05:24:35.239788+07:00
2025-05-30 05:24:35,240 - ServerApp - INFO - Сообщение ID: 152 от user_id: 5 в chat_id: 8 сохранено, last_message_at обновлено (2025-05-30T05:24:35.239788+07:00).
2025-05-30 05:24:35,240 - ServerApp - INFO - Сообщение (ID: 152) от 4444 в чат 8 сохранено.
2025-05-30 05:24:35,240 - ServerApp - DEBUG - Участники чата 8 для рассылки (кроме 5 - 4444): [4]
2025-05-30 05:24:35,240 - ServerApp - INFO - Доставка сообщения (ID: 152) от 4444 участнику 5555 (ID: 4) чата 8.
2025-05-30 05:24:35,607 - ServerApp - DEBUG - Получено от 4444 (('127.0.0.1', 56095)): {"type": "send_message_to_chat", "payload": {"chat_id": 8, "text": "9"}}
2025-05-30 05:24:35,607 - ServerApp - DEBUG - Попытка INSERT сообщения: chat_id=8, sender_id=5, content='9...'
2025-05-30 05:24:35,608 - ServerApp - DEBUG - Сообщение вставлено, ID: 153, Время БД: 2025-05-30T05:24:35.607747+07:00
2025-05-30 05:24:35,608 - ServerApp - DEBUG - Попытка UPDATE chats: chat_id=8, last_message_at=2025-05-30T05:24:35.607747+07:00
2025-05-30 05:24:35,608 - ServerApp - INFO - Сообщение ID: 153 от user_id: 5 в chat_id: 8 сохранено, last_message_at обновлено (2025-05-30T05:24:35.607747+07:00).
2025-05-30 05:24:35,608 - ServerApp - INFO - Сообщение (ID: 153) от 4444 в чат 8 сохранено.
2025-05-30 05:24:35,609 - ServerApp - DEBUG - Участники чата 8 для рассылки (кроме 5 - 4444): [4]
2025-05-30 05:24:35,609 - ServerApp - INFO - Доставка сообщения (ID: 153) от 4444 участнику 5555 (ID: 4) чата 8.
2025-05-30 05:24:38,607 - ServerApp - DEBUG - Получено от 4444 (('127.0.0.1', 56095)): {"type": "send_message_to_chat", "payload": {"chat_id": 8, "text": "10"}}
2025-05-30 05:24:38,608 - ServerApp - DEBUG - Попытка INSERT сообщения: chat_id=8, sender_id=5, content='10...'
2025-05-30 05:24:38,608 - ServerApp - DEBUG - Сообщение вставлено, ID: 154, Время БД: 2025-05-30T05:24:38.608350+07:00
2025-05-30 05:24:38,608 - ServerApp - DEBUG - Попытка UPDATE chats: chat_id=8, last_message_at=2025-05-30T05:24:38.608350+07:00
2025-05-30 05:24:38,608 - ServerApp - INFO - Сообщение ID: 154 от user_id: 5 в chat_id: 8 сохранено, last_message_at обновлено (2025-05-30T05:24:38.608350+07:00).
2025-05-30 05:24:38,609 - ServerApp - INFO - Сообщение (ID: 154) от 4444 в чат 8 сохранено.
2025-05-30 05:24:38,609 - ServerApp - DEBUG - Участники чата 8 для рассылки (кроме 5 - 4444): [4]
2025-05-30 05:24:38,609 - ServerApp - INFO - Доставка сообщения (ID: 154) от 4444 участнику 5555 (ID: 4) чата 8.
2025-05-30 05:24:39,224 - ServerApp - DEBUG - Получено от 4444 (('127.0.0.1', 56095)): {"type": "send_message_to_chat", "payload": {"chat_id": 8, "text": "1"}}
2025-05-30 05:24:39,224 - ServerApp - DEBUG - Попытка INSERT сообщения: chat_id=8, sender_id=5, content='1...'
2025-05-30 05:24:39,224 - ServerApp - DEBUG - Сообщение вставлено, ID: 155, Время БД: 2025-05-30T05:24:39.224530+07:00
2025-05-30 05:24:39,224 - ServerApp - DEBUG - Попытка UPDATE chats: chat_id=8, last_message_at=2025-05-30T05:24:39.224530+07:00
2025-05-30 05:24:39,225 - ServerApp - INFO - Сообщение ID: 155 от user_id: 5 в chat_id: 8 сохранено, last_message_at обновлено (2025-05-30T05:24:39.224530+07:00).
2025-05-30 05:24:39,225 - ServerApp - INFO - Сообщение (ID: 155) от 4444 в чат 8 сохранено.
2025-05-30 05:24:39,225 - ServerApp - DEBUG - Участники чата 8 для рассылки (кроме 5 - 4444): [4]
2025-05-30 05:24:39,225 - ServerApp - INFO - Доставка сообщения (ID: 155) от 4444 участнику 5555 (ID: 4) чата 8.
2025-05-30 05:24:39,688 - ServerApp - DEBUG - Получено от 4444 (('127.0.0.1', 56095)): {"type": "send_message_to_chat", "payload": {"chat_id": 8, "text": "2"}}
2025-05-30 05:24:39,688 - ServerApp - DEBUG - Попытка INSERT сообщения: chat_id=8, sender_id=5, content='2...'
2025-05-30 05:24:39,688 - ServerApp - DEBUG - Сообщение вставлено, ID: 156, Время БД: 2025-05-30T05:24:39.688444+07:00
2025-05-30 05:24:39,688 - ServerApp - DEBUG - Попытка UPDATE chats: chat_id=8, last_message_at=2025-05-30T05:24:39.688444+07:00
2025-05-30 05:24:39,689 - ServerApp - INFO - Сообщение ID: 156 от user_id: 5 в chat_id: 8 сохранено, last_message_at обновлено (2025-05-30T05:24:39.688444+07:00).
2025-05-30 05:24:39,689 - ServerApp - INFO - Сообщение (ID: 156) от 4444 в чат 8 сохранено.
2025-05-30 05:24:39,689 - ServerApp - DEBUG - Участники чата 8 для рассылки (кроме 5 - 4444): [4]
2025-05-30 05:24:39,689 - ServerApp - INFO - Доставка сообщения (ID: 156) от 4444 участнику 5555 (ID: 4) чата 8.
2025-05-30 05:24:40,136 - ServerApp - DEBUG - Получено от 4444 (('127.0.0.1', 56095)): {"type": "send_message_to_chat", "payload": {"chat_id": 8, "text": "3"}}
2025-05-30 05:24:40,136 - ServerApp - DEBUG - Попытка INSERT сообщения: chat_id=8, sender_id=5, content='3...'
2025-05-30 05:24:40,136 - ServerApp - DEBUG - Сообщение вставлено, ID: 157, Время БД: 2025-05-30T05:24:40.136443+07:00
2025-05-30 05:24:40,136 - ServerApp - DEBUG - Попытка UPDATE chats: chat_id=8, last_message_at=2025-05-30T05:24:40.136443+07:00
2025-05-30 05:24:40,137 - ServerApp - INFO - Сообщение ID: 157 от user_id: 5 в chat_id: 8 сохранено, last_message_at обновлено (2025-05-30T05:24:40.136443+07:00).
2025-05-30 05:24:40,137 - ServerApp - INFO - Сообщение (ID: 157) от 4444 в чат 8 сохранено.
2025-05-30 05:24:40,137 - ServerApp - DEBUG - Участники чата 8 для рассылки (кроме 5 - 4444): [4]
2025-05-30 05:24:40,137 - ServerApp - INFO - Доставка сообщения (ID: 157) от 4444 участнику 5555 (ID: 4) чата 8.
2025-05-30 05:24:40,680 - ServerApp - DEBUG - Получено от 4444 (('127.0.0.1', 56095)): {"type": "send_message_to_chat", "payload": {"chat_id": 8, "text": "4"}}
2025-05-30 05:24:40,680 - ServerApp - DEBUG - Попытка INSERT сообщения: chat_id=8, sender_id=5, content='4...'
2025-05-30 05:24:40,680 - ServerApp - DEBUG - Сообщение вставлено, ID: 158, Время БД: 2025-05-30T05:24:40.680565+07:00
2025-05-30 05:24:40,680 - ServerApp - DEBUG - Попытка UPDATE chats: chat_id=8, last_message_at=2025-05-30T05:24:40.680565+07:00
2025-05-30 05:24:40,681 - ServerApp - INFO - Сообщение ID: 158 от user_id: 5 в chat_id: 8 сохранено, last_message_at обновлено (2025-05-30T05:24:40.680565+07:00).
2025-05-30 05:24:40,681 - ServerApp - INFO - Сообщение (ID: 158) от 4444 в чат 8 сохранено.
2025-05-30 05:24:40,681 - ServerApp - DEBUG - Участники чата 8 для рассылки (кроме 5 - 4444): [4]
2025-05-30 05:24:40,681 - ServerApp - INFO - Доставка сообщения (ID: 158) от 4444 участнику 5555 (ID: 4) чата 8.
2025-05-30 05:24:41,144 - ServerApp - DEBUG - Получено от 4444 (('127.0.0.1', 56095)): {"type": "send_message_to_chat", "payload": {"chat_id": 8, "text": "5"}}
2025-05-30 05:24:41,144 - ServerApp - DEBUG - Попытка INSERT сообщения: chat_id=8, sender_id=5, content='5...'
2025-05-30 05:24:41,144 - ServerApp - DEBUG - Сообщение вставлено, ID: 159, Время БД: 2025-05-30T05:24:41.144526+07:00
2025-05-30 05:24:41,144 - ServerApp - DEBUG - Попытка UPDATE chats: chat_id=8, last_message_at=2025-05-30T05:24:41.144526+07:00
2025-05-30 05:24:41,145 - ServerApp - INFO - Сообщение ID: 159 от user_id: 5 в chat_id: 8 сохранено, last_message_at обновлено (2025-05-30T05:24:41.144526+07:00).
2025-05-30 05:24:41,145 - ServerApp - INFO - Сообщение (ID: 159) от 4444 в чат 8 сохранено.
2025-05-30 05:24:41,145 - ServerApp - DEBUG - Участники чата 8 для рассылки (кроме 5 - 4444): [4]
2025-05-30 05:24:41,145 - ServerApp - INFO - Доставка сообщения (ID: 159) от 4444 участнику 5555 (ID: 4) чата 8.
2025-05-30 05:24:41,688 - ServerApp - DEBUG - Получено от 4444 (('127.0.0.1', 56095)): {"type": "send_message_to_chat", "payload": {"chat_id": 8, "text": "6"}}
2025-05-30 05:24:41,689 - ServerApp - DEBUG - Попытка INSERT сообщения: chat_id=8, sender_id=5, content='6...'
2025-05-30 05:24:41,689 - ServerApp - DEBUG - Сообщение вставлено, ID: 160, Время БД: 2025-05-30T05:24:41.689043+07:00
2025-05-30 05:24:41,689 - ServerApp - DEBUG - Попытка UPDATE chats: chat_id=8, last_message_at=2025-05-30T05:24:41.689043+07:00
2025-05-30 05:24:41,689 - ServerApp - INFO - Сообщение ID: 160 от user_id: 5 в chat_id: 8 сохранено, last_message_at обновлено (2025-05-30T05:24:41.689043+07:00).
2025-05-30 05:24:41,689 - ServerApp - INFO - Сообщение (ID: 160) от 4444 в чат 8 сохранено.
2025-05-30 05:24:41,689 - ServerApp - DEBUG - Участники чата 8 для рассылки (кроме 5 - 4444): [4]
2025-05-30 05:24:41,690 - ServerApp - INFO - Доставка сообщения (ID: 160) от 4444 участнику 5555 (ID: 4) чата 8.
2025-05-30 05:24:42,104 - ServerApp - DEBUG - Получено от 4444 (('127.0.0.1', 56095)): {"type": "send_message_to_chat", "payload": {"chat_id": 8, "text": "7"}}
2025-05-30 05:24:42,104 - ServerApp - DEBUG - Попытка INSERT сообщения: chat_id=8, sender_id=5, content='7...'
2025-05-30 05:24:42,104 - ServerApp - DEBUG - Сообщение вставлено, ID: 161, Время БД: 2025-05-30T05:24:42.104536+07:00
2025-05-30 05:24:42,104 - ServerApp - DEBUG - Попытка UPDATE chats: chat_id=8, last_message_at=2025-05-30T05:24:42.104536+07:00
2025-05-30 05:24:42,105 - ServerApp - INFO - Сообщение ID: 161 от user_id: 5 в chat_id: 8 сохранено, last_message_at обновлено (2025-05-30T05:24:42.104536+07:00).
2025-05-30 05:24:42,105 - ServerApp - INFO - Сообщение (ID: 161) от 4444 в чат 8 сохранено.
2025-05-30 05:24:42,105 - ServerApp - DEBUG - Участники чата 8 для рассылки (кроме 5 - 4444): [4]
2025-05-30 05:24:42,105 - ServerApp - INFO - Доставка сообщения (ID: 161) от 4444 участнику 5555 (ID: 4) чата 8.
2025-05-30 05:24:42,632 - ServerApp - DEBUG - Получено от 4444 (('127.0.0.1', 56095)): {"type": "send_message_to_chat", "payload": {"chat_id": 8, "text": "8"}}
2025-05-30 05:24:42,632 - ServerApp - DEBUG - Попытка INSERT сообщения: chat_id=8, sender_id=5, content='8...'
2025-05-30 05:24:42,634 - ServerApp - DEBUG - Сообщение вставлено, ID: 162, Время БД: 2025-05-30T05:24:42.632908+07:00
2025-05-30 05:24:42,634 - ServerApp - DEBUG - Попытка UPDATE chats: chat_id=8, last_message_at=2025-05-30T05:24:42.632908+07:00
2025-05-30 05:24:42,635 - ServerApp - INFO - Сообщение ID: 162 от user_id: 5 в chat_id: 8 сохранено, last_message_at обновлено (2025-05-30T05:24:42.632908+07:00).
2025-05-30 05:24:42,635 - ServerApp - INFO - Сообщение (ID: 162) от 4444 в чат 8 сохранено.
2025-05-30 05:24:42,635 - ServerApp - DEBUG - Участники чата 8 для рассылки (кроме 5 - 4444): [4]
2025-05-30 05:24:42,635 - ServerApp - INFO - Доставка сообщения (ID: 162) от 4444 участнику 5555 (ID: 4) чата 8.
2025-05-30 05:24:43,096 - ServerApp - DEBUG - Получено от 4444 (('127.0.0.1', 56095)): {"type": "send_message_to_chat", "payload": {"chat_id": 8, "text": "9"}}
2025-05-30 05:24:43,096 - ServerApp - DEBUG - Попытка INSERT сообщения: chat_id=8, sender_id=5, content='9...'
2025-05-30 05:24:43,097 - ServerApp - DEBUG - Сообщение вставлено, ID: 163, Время БД: 2025-05-30T05:24:43.096848+07:00
2025-05-30 05:24:43,097 - ServerApp - DEBUG - Попытка UPDATE chats: chat_id=8, last_message_at=2025-05-30T05:24:43.096848+07:00
2025-05-30 05:24:43,097 - ServerApp - INFO - Сообщение ID: 163 от user_id: 5 в chat_id: 8 сохранено, last_message_at обновлено (2025-05-30T05:24:43.096848+07:00).
2025-05-30 05:24:43,097 - ServerApp - INFO - Сообщение (ID: 163) от 4444 в чат 8 сохранено.
2025-05-30 05:24:43,097 - ServerApp - DEBUG - Участники чата 8 для рассылки (кроме 5 - 4444): [4]
2025-05-30 05:24:43,097 - ServerApp - INFO - Доставка сообщения (ID: 163) от 4444 участнику 5555 (ID: 4) чата 8.
2025-05-30 05:24:43,592 - ServerApp - DEBUG - Получено от 4444 (('127.0.0.1', 56095)): {"type": "send_message_to_chat", "payload": {"chat_id": 8, "text": "0"}}
2025-05-30 05:24:43,592 - ServerApp - DEBUG - Попытка INSERT сообщения: chat_id=8, sender_id=5, content='0...'
2025-05-30 05:24:43,593 - ServerApp - DEBUG - Сообщение вставлено, ID: 164, Время БД: 2025-05-30T05:24:43.592824+07:00
2025-05-30 05:24:43,593 - ServerApp - DEBUG - Попытка UPDATE chats: chat_id=8, last_message_at=2025-05-30T05:24:43.592824+07:00
2025-05-30 05:24:43,593 - ServerApp - INFO - Сообщение ID: 164 от user_id: 5 в chat_id: 8 сохранено, last_message_at обновлено (2025-05-30T05:24:43.592824+07:00).
2025-05-30 05:24:43,593 - ServerApp - INFO - Сообщение (ID: 164) от 4444 в чат 8 сохранено.
2025-05-30 05:24:43,593 - ServerApp - DEBUG - Участники чата 8 для рассылки (кроме 5 - 4444): [4]
2025-05-30 05:24:43,593 - ServerApp - INFO - Доставка сообщения (ID: 164) от 4444 участнику 5555 (ID: 4) чата 8.
2025-05-30 05:24:45,272 - ServerApp - DEBUG - Получено от 4444 (('127.0.0.1', 56095)): {"type": "send_message_to_chat", "payload": {"chat_id": 8, "text": "11"}}
2025-05-30 05:24:45,273 - ServerApp - DEBUG - Попытка INSERT сообщения: chat_id=8, sender_id=5, content='11...'
2025-05-30 05:24:45,274 - ServerApp - DEBUG - Сообщение вставлено, ID: 165, Время БД: 2025-05-30T05:24:45.273159+07:00
2025-05-30 05:24:45,274 - ServerApp - DEBUG - Попытка UPDATE chats: chat_id=8, last_message_at=2025-05-30T05:24:45.273159+07:00
2025-05-30 05:24:45,274 - ServerApp - INFO - Сообщение ID: 165 от user_id: 5 в chat_id: 8 сохранено, last_message_at обновлено (2025-05-30T05:24:45.273159+07:00).
2025-05-30 05:24:45,274 - ServerApp - INFO - Сообщение (ID: 165) от 4444 в чат 8 сохранено.
2025-05-30 05:24:45,274 - ServerApp - DEBUG - Участники чата 8 для рассылки (кроме 5 - 4444): [4]
2025-05-30 05:24:45,274 - ServerApp - INFO - Доставка сообщения (ID: 165) от 4444 участнику 5555 (ID: 4) чата 8.
2025-05-30 05:24:45,880 - ServerApp - DEBUG - Получено от 4444 (('127.0.0.1', 56095)): {"type": "send_message_to_chat", "payload": {"chat_id": 8, "text": "11"}}
2025-05-30 05:24:45,881 - ServerApp - DEBUG - Попытка INSERT сообщения: chat_id=8, sender_id=5, content='11...'
2025-05-30 05:24:45,881 - ServerApp - DEBUG - Сообщение вставлено, ID: 166, Время БД: 2025-05-30T05:24:45.881326+07:00
2025-05-30 05:24:45,881 - ServerApp - DEBUG - Попытка UPDATE chats: chat_id=8, last_message_at=2025-05-30T05:24:45.881326+07:00
2025-05-30 05:24:45,881 - ServerApp - INFO - Сообщение ID: 166 от user_id: 5 в chat_id: 8 сохранено, last_message_at обновлено (2025-05-30T05:24:45.881326+07:00).
2025-05-30 05:24:45,882 - ServerApp - INFO - Сообщение (ID: 166) от 4444 в чат 8 сохранено.
2025-05-30 05:24:45,882 - ServerApp - DEBUG - Участники чата 8 для рассылки (кроме 5 - 4444): [4]
2025-05-30 05:24:45,882 - ServerApp - INFO - Доставка сообщения (ID: 166) от 4444 участнику 5555 (ID: 4) чата 8.
2025-05-30 05:24:47,008 - ServerApp - DEBUG - Получено от 4444 (('127.0.0.1', 56095)): {"type": "send_message_to_chat", "payload": {"chat_id": 8, "text": "12"}}
2025-05-30 05:24:47,009 - ServerApp - DEBUG - Попытка INSERT сообщения: chat_id=8, sender_id=5, content='12...'
2025-05-30 05:24:47,009 - ServerApp - DEBUG - Сообщение вставлено, ID: 167, Время БД: 2025-05-30T05:24:47.009200+07:00
2025-05-30 05:24:47,009 - ServerApp - DEBUG - Попытка UPDATE chats: chat_id=8, last_message_at=2025-05-30T05:24:47.009200+07:00
2025-05-30 05:24:47,009 - ServerApp - INFO - Сообщение ID: 167 от user_id: 5 в chat_id: 8 сохранено, last_message_at обновлено (2025-05-30T05:24:47.009200+07:00).
2025-05-30 05:24:47,009 - ServerApp - INFO - Сообщение (ID: 167) от 4444 в чат 8 сохранено.
2025-05-30 05:24:47,010 - ServerApp - DEBUG - Участники чата 8 для рассылки (кроме 5 - 4444): [4]
2025-05-30 05:24:47,010 - ServerApp - INFO - Доставка сообщения (ID: 167) от 4444 участнику 5555 (ID: 4) чата 8.
2025-05-30 05:24:51,560 - ServerApp - DEBUG - Получено от 5555 (('127.0.0.1', 56093)): {"type": "request_chat_list", "payload": {}}
2025-05-30 05:24:51,560 - ServerApp - INFO - Пользователь ID 4 запросил список чатов.
2025-05-30 05:24:51,563 - ServerApp - DEBUG - Для user_id 4 найдено 1 чатов.
2025-05-30 05:24:52,752 - ServerApp - DEBUG - Получено от 5555 (('127.0.0.1', 56093)): {"type": "request_chat_history", "payload": {"chat_id": 8}}
2025-05-30 05:24:52,752 - ServerApp - INFO - User_id 4 запросил историю для чата ID 8.
2025-05-30 05:24:52,753 - ServerApp - DEBUG - Извлечено 50 сообщений для chat_id: 8
2025-05-30 05:24:56,145 - ServerApp - DEBUG - Получено от 4444 (('127.0.0.1', 56095)): {"type": "request_chat_list", "payload": {}}
2025-05-30 05:24:56,145 - ServerApp - INFO - Пользователь ID 5 запросил список чатов.
2025-05-30 05:24:56,146 - ServerApp - DEBUG - Для user_id 5 найдено 1 чатов.
2025-05-30 05:24:57,865 - ServerApp - DEBUG - Получено от 4444 (('127.0.0.1', 56095)): {"type": "request_chat_history", "payload": {"chat_id": 8}}
2025-05-30 05:24:57,865 - ServerApp - INFO - User_id 5 запросил историю для чата ID 8.
2025-05-30 05:24:57,865 - ServerApp - DEBUG - Извлечено 50 сообщений для chat_id: 8
2025-05-30 05:25:12,524 - ServerApp - DEBUG - Получено от 5555 (('127.0.0.1', 56093)): {"type": "send_message_to_chat", "payload": {"chat_id": 8, "text": "123"}}
2025-05-30 05:25:12,524 - ServerApp - DEBUG - Попытка INSERT сообщения: chat_id=8, sender_id=4, content='123...'
2025-05-30 05:25:12,525 - ServerApp - DEBUG - Сообщение вставлено, ID: 168, Время БД: 2025-05-30T05:25:12.524514+07:00
2025-05-30 05:25:12,525 - ServerApp - DEBUG - Попытка UPDATE chats: chat_id=8, last_message_at=2025-05-30T05:25:12.524514+07:00
2025-05-30 05:25:12,525 - ServerApp - INFO - Сообщение ID: 168 от user_id: 4 в chat_id: 8 сохранено, last_message_at обновлено (2025-05-30T05:25:12.524514+07:00).
2025-05-30 05:25:12,525 - ServerApp - INFO - Сообщение (ID: 168) от 5555 в чат 8 сохранено.
2025-05-30 05:25:12,525 - ServerApp - DEBUG - Участники чата 8 для рассылки (кроме 4 - 5555): [5]
2025-05-30 05:25:12,525 - ServerApp - INFO - Доставка сообщения (ID: 168) от 5555 участнику 4444 (ID: 5) чата 8.
2025-05-30 05:25:12,955 - ServerApp - DEBUG - Получено от 5555 (('127.0.0.1', 56093)): {"type": "send_message_to_chat", "payload": {"chat_id": 8, "text": "123"}}
2025-05-30 05:25:12,956 - ServerApp - DEBUG - Попытка INSERT сообщения: chat_id=8, sender_id=4, content='123...'
2025-05-30 05:25:12,958 - ServerApp - DEBUG - Сообщение вставлено, ID: 169, Время БД: 2025-05-30T05:25:12.956228+07:00
2025-05-30 05:25:12,958 - ServerApp - DEBUG - Попытка UPDATE chats: chat_id=8, last_message_at=2025-05-30T05:25:12.956228+07:00
2025-05-30 05:25:12,959 - ServerApp - INFO - Сообщение ID: 169 от user_id: 4 в chat_id: 8 сохранено, last_message_at обновлено (2025-05-30T05:25:12.956228+07:00).
2025-05-30 05:25:12,959 - ServerApp - INFO - Сообщение (ID: 169) от 5555 в чат 8 сохранено.
2025-05-30 05:25:12,959 - ServerApp - DEBUG - Участники чата 8 для рассылки (кроме 4 - 5555): [5]
2025-05-30 05:25:12,959 - ServerApp - INFO - Доставка сообщения (ID: 169) от 5555 участнику 4444 (ID: 5) чата 8.
2025-05-30 05:25:13,492 - ServerApp - DEBUG - Получено от 5555 (('127.0.0.1', 56093)): {"type": "send_message_to_chat", "payload": {"chat_id": 8, "text": "123"}}
2025-05-30 05:25:13,492 - ServerApp - DEBUG - Попытка INSERT сообщения: chat_id=8, sender_id=4, content='123...'
2025-05-30 05:25:13,493 - ServerApp - DEBUG - Сообщение вставлено, ID: 170, Время БД: 2025-05-30T05:25:13.492669+07:00
2025-05-30 05:25:13,493 - ServerApp - DEBUG - Попытка UPDATE chats: chat_id=8, last_message_at=2025-05-30T05:25:13.492669+07:00
2025-05-30 05:25:13,493 - ServerApp - INFO - Сообщение ID: 170 от user_id: 4 в chat_id: 8 сохранено, last_message_at обновлено (2025-05-30T05:25:13.492669+07:00).
2025-05-30 05:25:13,493 - ServerApp - INFO - Сообщение (ID: 170) от 5555 в чат 8 сохранено.
2025-05-30 05:25:13,493 - ServerApp - DEBUG - Участники чата 8 для рассылки (кроме 4 - 5555): [5]
2025-05-30 05:25:13,493 - ServerApp - INFO - Доставка сообщения (ID: 170) от 5555 участнику 4444 (ID: 5) чата 8.
2025-05-30 05:25:13,924 - ServerApp - DEBUG - Получено от 5555 (('127.0.0.1', 56093)): {"type": "send_message_to_chat", "payload": {"chat_id": 8, "text": "123"}}
2025-05-30 05:25:13,924 - ServerApp - DEBUG - Попытка INSERT сообщения: chat_id=8, sender_id=4, content='123...'
2025-05-30 05:25:13,924 - ServerApp - DEBUG - Сообщение вставлено, ID: 171, Время БД: 2025-05-30T05:25:13.924351+07:00
2025-05-30 05:25:13,924 - ServerApp - DEBUG - Попытка UPDATE chats: chat_id=8, last_message_at=2025-05-30T05:25:13.924351+07:00
2025-05-30 05:25:13,924 - ServerApp - INFO - Сообщение ID: 171 от user_id: 4 в chat_id: 8 сохранено, last_message_at обновлено (2025-05-30T05:25:13.924351+07:00).
2025-05-30 05:25:13,925 - ServerApp - INFO - Сообщение (ID: 171) от 5555 в чат 8 сохранено.
2025-05-30 05:25:13,925 - ServerApp - DEBUG - Участники чата 8 для рассылки (кроме 4 - 5555): [5]
2025-05-30 05:25:13,925 - ServerApp - INFO - Доставка сообщения (ID: 171) от 5555 участнику 4444 (ID: 5) чата 8.
2025-05-30 05:25:18,352 - ServerApp - DEBUG - Получено от 5555 (('127.0.0.1', 56093)): {"type": "request_chat_list", "payload": {}}
2025-05-30 05:25:18,352 - ServerApp - INFO - Пользователь ID 4 запросил список чатов.
2025-05-30 05:25:18,353 - ServerApp - DEBUG - Для user_id 4 найдено 1 чатов.
2025-05-30 05:25:19,008 - ServerApp - DEBUG - Получено от 4444 (('127.0.0.1', 56095)): {"type": "request_chat_list", "payload": {}}
2025-05-30 05:25:19,008 - ServerApp - INFO - Пользователь ID 5 запросил список чатов.
2025-05-30 05:25:19,009 - ServerApp - DEBUG - Для user_id 5 найдено 1 чатов.
2025-05-30 05:25:21,183 - ServerApp - DEBUG - Получено от 5555 (('127.0.0.1', 56093)): {"type": "request_chat_list", "payload": {}}
2025-05-30 05:25:21,183 - ServerApp - INFO - Пользователь ID 4 запросил список чатов.
2025-05-30 05:25:21,184 - ServerApp - DEBUG - Для user_id 4 найдено 1 чатов.
2025-05-30 05:25:22,121 - ServerApp - DEBUG - Получено от 5555 (('127.0.0.1', 56093)): {"type": "request_chat_history", "payload": {"chat_id": 8}}
2025-05-30 05:25:22,121 - ServerApp - INFO - User_id 4 запросил историю для чата ID 8.
2025-05-30 05:25:22,121 - ServerApp - DEBUG - Извлечено 50 сообщений для chat_id: 8
2025-05-30 05:25:25,337 - ServerApp - DEBUG - Получено от 4444 (('127.0.0.1', 56095)): {"type": "request_chat_history", "payload": {"chat_id": 8}}
2025-05-30 05:25:25,337 - ServerApp - INFO - User_id 5 запросил историю для чата ID 8.
2025-05-30 05:25:25,337 - ServerApp - DEBUG - Извлечено 50 сообщений для chat_id: 8
2025-05-30 05:25:40,891 - ServerApp - DEBUG - Получено от 5555 (('127.0.0.1', 56093)): {"type": "request_chat_list", "payload": {}}
2025-05-30 05:25:40,891 - ServerApp - INFO - Пользователь ID 4 запросил список чатов.
2025-05-30 05:25:40,892 - ServerApp - DEBUG - Для user_id 4 найдено 1 чатов.
2025-05-30 05:25:41,648 - ServerApp - DEBUG - Получено от 4444 (('127.0.0.1', 56095)): {"type": "request_chat_list", "payload": {}}
2025-05-30 05:25:41,648 - ServerApp - INFO - Пользователь ID 5 запросил список чатов.
2025-05-30 05:25:41,650 - ServerApp - DEBUG - Для user_id 5 найдено 1 чатов.
2025-05-30 05:25:43,751 - ServerApp - DEBUG - Получено от 4444 (('127.0.0.1', 56095)): {"type": "request_chat_list", "payload": {}}
2025-05-30 05:25:43,751 - ServerApp - INFO - Пользователь ID 5 запросил список чатов.
2025-05-30 05:25:43,752 - ServerApp - DEBUG - Для user_id 5 найдено 1 чатов.
2025-05-30 05:25:44,663 - ServerApp - DEBUG - Получено от 5555 (('127.0.0.1', 56093)): {"type": "request_chat_list", "payload": {}}
2025-05-30 05:25:44,663 - ServerApp - INFO - Пользователь ID 4 запросил список чатов.
2025-05-30 05:25:44,664 - ServerApp - DEBUG - Для user_id 4 найдено 1 чатов.
2025-05-30 05:26:09,712 - ServerApp - DEBUG - Получено от 5555 (('127.0.0.1', 56093)): {"type": "create_group_request", "payload": {"group_name": "клоунада", "member_usernames": ["5555", "4444", "3333", "2222", "1111"]}}
2025-05-30 05:26:09,713 - ServerApp - INFO - Создан групповой чат 'клоунада' с ID: 9 от создателя ID: 4
2025-05-30 05:26:09,714 - ServerApp - INFO - Создатель ID: 4 добавлен в чат 9 как админ.
2025-05-30 05:26:09,714 - ServerApp - INFO - Участник ID: 1 добавлен в чат 9 как мембер.
2025-05-30 05:26:09,714 - ServerApp - INFO - Участник ID: 2 добавлен в чат 9 как мембер.
2025-05-30 05:26:09,715 - ServerApp - INFO - Участник ID: 3 добавлен в чат 9 как мембер.
2025-05-30 05:26:09,715 - ServerApp - INFO - Участник ID: 5 добавлен в чат 9 как мембер.
2025-05-30 05:26:10,699 - ServerApp - DEBUG - Получено от 5555 (('127.0.0.1', 56093)): {"type": "request_chat_list", "payload": {}}
2025-05-30 05:26:10,699 - ServerApp - INFO - Пользователь ID 4 запросил список чатов.
2025-05-30 05:26:10,700 - ServerApp - DEBUG - Для user_id 4 найдено 2 чатов.
2025-05-30 05:26:10,700 - ServerApp - DEBUG - Получено от 5555 (('127.0.0.1', 56093)): {"type": "request_chat_history", "payload": {"chat_id": 9}}
2025-05-30 05:26:10,700 - ServerApp - INFO - User_id 4 запросил историю для чата ID 9.
2025-05-30 05:26:10,700 - ServerApp - DEBUG - Извлечено 0 сообщений для chat_id: 9
2025-05-30 05:26:15,304 - ServerApp - DEBUG - Получено от 5555 (('127.0.0.1', 56093)): {"type": "send_message_to_chat", "payload": {"chat_id": 9, "text": "1"}}
2025-05-30 05:26:15,304 - ServerApp - DEBUG - Попытка INSERT сообщения: chat_id=9, sender_id=4, content='1...'
2025-05-30 05:26:15,306 - ServerApp - DEBUG - Сообщение вставлено, ID: 172, Время БД: 2025-05-30T05:26:15.304600+07:00
2025-05-30 05:26:15,306 - ServerApp - DEBUG - Попытка UPDATE chats: chat_id=9, last_message_at=2025-05-30T05:26:15.304600+07:00
2025-05-30 05:26:15,307 - ServerApp - INFO - Сообщение ID: 172 от user_id: 4 в chat_id: 9 сохранено, last_message_at обновлено (2025-05-30T05:26:15.304600+07:00).
2025-05-30 05:26:15,307 - ServerApp - INFO - Сообщение (ID: 172) от 5555 в чат 9 сохранено.
2025-05-30 05:26:15,307 - ServerApp - DEBUG - Участники чата 9 для рассылки (кроме 4 - 5555): [1, 2, 3, 5]
2025-05-30 05:26:15,307 - ServerApp - INFO - Доставка сообщения (ID: 172) от 5555 участнику 4444 (ID: 5) чата 9.
2025-05-30 05:26:15,315 - ServerApp - DEBUG - Получено от 4444 (('127.0.0.1', 56095)): {"type": "request_chat_list", "payload": {}}
2025-05-30 05:26:15,315 - ServerApp - INFO - Пользователь ID 5 запросил список чатов.
2025-05-30 05:26:15,316 - ServerApp - DEBUG - Для user_id 5 найдено 2 чатов.
2025-05-30 05:26:17,238 - ServerApp - DEBUG - Получено от 4444 (('127.0.0.1', 56095)): {"type": "request_chat_list", "payload": {}}
2025-05-30 05:26:17,238 - ServerApp - INFO - Пользователь ID 5 запросил список чатов.
2025-05-30 05:26:17,239 - ServerApp - DEBUG - Для user_id 5 найдено 2 чатов.
2025-05-30 05:26:18,233 - ServerApp - DEBUG - Получено от 4444 (('127.0.0.1', 56095)): {"type": "request_chat_history", "payload": {"chat_id": 9}}
2025-05-30 05:26:18,233 - ServerApp - INFO - User_id 5 запросил историю для чата ID 9.
2025-05-30 05:26:18,233 - ServerApp - DEBUG - Извлечено 1 сообщений для chat_id: 9
2025-05-30 05:26:24,836 - ServerApp - DEBUG - Получено от 5555 (('127.0.0.1', 56093)): {"type": "send_message_to_chat", "payload": {"chat_id": 9, "text": "2"}}
2025-05-30 05:26:24,836 - ServerApp - DEBUG - Попытка INSERT сообщения: chat_id=9, sender_id=4, content='2...'
2025-05-30 05:26:24,836 - ServerApp - DEBUG - Сообщение вставлено, ID: 173, Время БД: 2025-05-30T05:26:24.836575+07:00
2025-05-30 05:26:24,837 - ServerApp - DEBUG - Попытка UPDATE chats: chat_id=9, last_message_at=2025-05-30T05:26:24.836575+07:00
2025-05-30 05:26:24,838 - ServerApp - INFO - Сообщение ID: 173 от user_id: 4 в chat_id: 9 сохранено, last_message_at обновлено (2025-05-30T05:26:24.836575+07:00).
2025-05-30 05:26:24,838 - ServerApp - INFO - Сообщение (ID: 173) от 5555 в чат 9 сохранено.
2025-05-30 05:26:24,838 - ServerApp - DEBUG - Участники чата 9 для рассылки (кроме 4 - 5555): [1, 2, 3, 5]
2025-05-30 05:26:24,838 - ServerApp - INFO - Доставка сообщения (ID: 173) от 5555 участнику 4444 (ID: 5) чата 9.
2025-05-30 05:26:25,220 - ServerApp - DEBUG - Получено от 5555 (('127.0.0.1', 56093)): {"type": "send_message_to_chat", "payload": {"chat_id": 9, "text": "3"}}
2025-05-30 05:26:25,220 - ServerApp - DEBUG - Попытка INSERT сообщения: chat_id=9, sender_id=4, content='3...'
2025-05-30 05:26:25,221 - ServerApp - DEBUG - Сообщение вставлено, ID: 174, Время БД: 2025-05-30T05:26:25.220596+07:00
2025-05-30 05:26:25,221 - ServerApp - DEBUG - Попытка UPDATE chats: chat_id=9, last_message_at=2025-05-30T05:26:25.220596+07:00
2025-05-30 05:26:25,221 - ServerApp - INFO - Сообщение ID: 174 от user_id: 4 в chat_id: 9 сохранено, last_message_at обновлено (2025-05-30T05:26:25.220596+07:00).
2025-05-30 05:26:25,221 - ServerApp - INFO - Сообщение (ID: 174) от 5555 в чат 9 сохранено.
2025-05-30 05:26:25,221 - ServerApp - DEBUG - Участники чата 9 для рассылки (кроме 4 - 5555): [1, 2, 3, 5]
2025-05-30 05:26:25,221 - ServerApp - INFO - Доставка сообщения (ID: 174) от 5555 участнику 4444 (ID: 5) чата 9.
2025-05-30 05:26:25,540 - ServerApp - DEBUG - Получено от 5555 (('127.0.0.1', 56093)): {"type": "send_message_to_chat", "payload": {"chat_id": 9, "text": "4"}}
2025-05-30 05:26:25,540 - ServerApp - DEBUG - Попытка INSERT сообщения: chat_id=9, sender_id=4, content='4...'
2025-05-30 05:26:25,540 - ServerApp - DEBUG - Сообщение вставлено, ID: 175, Время БД: 2025-05-30T05:26:25.540497+07:00
2025-05-30 05:26:25,540 - ServerApp - DEBUG - Попытка UPDATE chats: chat_id=9, last_message_at=2025-05-30T05:26:25.540497+07:00
2025-05-30 05:26:25,541 - ServerApp - INFO - Сообщение ID: 175 от user_id: 4 в chat_id: 9 сохранено, last_message_at обновлено (2025-05-30T05:26:25.540497+07:00).
2025-05-30 05:26:25,541 - ServerApp - INFO - Сообщение (ID: 175) от 5555 в чат 9 сохранено.
2025-05-30 05:26:25,541 - ServerApp - DEBUG - Участники чата 9 для рассылки (кроме 4 - 5555): [1, 2, 3, 5]
2025-05-30 05:26:25,541 - ServerApp - INFO - Доставка сообщения (ID: 175) от 5555 участнику 4444 (ID: 5) чата 9.
2025-05-30 05:26:25,876 - ServerApp - DEBUG - Получено от 5555 (('127.0.0.1', 56093)): {"type": "send_message_to_chat", "payload": {"chat_id": 9, "text": "5"}}
2025-05-30 05:26:25,876 - ServerApp - DEBUG - Попытка INSERT сообщения: chat_id=9, sender_id=4, content='5...'
2025-05-30 05:26:25,877 - ServerApp - DEBUG - Сообщение вставлено, ID: 176, Время БД: 2025-05-30T05:26:25.876687+07:00
2025-05-30 05:26:25,877 - ServerApp - DEBUG - Попытка UPDATE chats: chat_id=9, last_message_at=2025-05-30T05:26:25.876687+07:00
2025-05-30 05:26:25,877 - ServerApp - INFO - Сообщение ID: 176 от user_id: 4 в chat_id: 9 сохранено, last_message_at обновлено (2025-05-30T05:26:25.876687+07:00).
2025-05-30 05:26:25,877 - ServerApp - INFO - Сообщение (ID: 176) от 5555 в чат 9 сохранено.
2025-05-30 05:26:25,877 - ServerApp - DEBUG - Участники чата 9 для рассылки (кроме 4 - 5555): [1, 2, 3, 5]
2025-05-30 05:26:25,877 - ServerApp - INFO - Доставка сообщения (ID: 176) от 5555 участнику 4444 (ID: 5) чата 9.
2025-05-30 05:26:26,244 - ServerApp - DEBUG - Получено от 5555 (('127.0.0.1', 56093)): {"type": "send_message_to_chat", "payload": {"chat_id": 9, "text": "6"}}
2025-05-30 05:26:26,244 - ServerApp - DEBUG - Попытка INSERT сообщения: chat_id=9, sender_id=4, content='6...'
2025-05-30 05:26:26,245 - ServerApp - DEBUG - Сообщение вставлено, ID: 177, Время БД: 2025-05-30T05:26:26.244631+07:00
2025-05-30 05:26:26,245 - ServerApp - DEBUG - Попытка UPDATE chats: chat_id=9, last_message_at=2025-05-30T05:26:26.244631+07:00
2025-05-30 05:26:26,245 - ServerApp - INFO - Сообщение ID: 177 от user_id: 4 в chat_id: 9 сохранено, last_message_at обновлено (2025-05-30T05:26:26.244631+07:00).
2025-05-30 05:26:26,245 - ServerApp - INFO - Сообщение (ID: 177) от 5555 в чат 9 сохранено.
2025-05-30 05:26:26,245 - ServerApp - DEBUG - Участники чата 9 для рассылки (кроме 4 - 5555): [1, 2, 3, 5]
2025-05-30 05:26:26,245 - ServerApp - INFO - Доставка сообщения (ID: 177) от 5555 участнику 4444 (ID: 5) чата 9.
2025-05-30 05:26:26,548 - ServerApp - DEBUG - Получено от 5555 (('127.0.0.1', 56093)): {"type": "send_message_to_chat", "payload": {"chat_id": 9, "text": "7"}}
2025-05-30 05:26:26,548 - ServerApp - DEBUG - Попытка INSERT сообщения: chat_id=9, sender_id=4, content='7...'
2025-05-30 05:26:26,548 - ServerApp - DEBUG - Сообщение вставлено, ID: 178, Время БД: 2025-05-30T05:26:26.548579+07:00
2025-05-30 05:26:26,548 - ServerApp - DEBUG - Попытка UPDATE chats: chat_id=9, last_message_at=2025-05-30T05:26:26.548579+07:00
2025-05-30 05:26:26,549 - ServerApp - INFO - Сообщение ID: 178 от user_id: 4 в chat_id: 9 сохранено, last_message_at обновлено (2025-05-30T05:26:26.548579+07:00).
2025-05-30 05:26:26,549 - ServerApp - INFO - Сообщение (ID: 178) от 5555 в чат 9 сохранено.
2025-05-30 05:26:26,549 - ServerApp - DEBUG - Участники чата 9 для рассылки (кроме 4 - 5555): [1, 2, 3, 5]
2025-05-30 05:26:26,549 - ServerApp - INFO - Доставка сообщения (ID: 178) от 5555 участнику 4444 (ID: 5) чата 9.
2025-05-30 05:26:26,868 - ServerApp - DEBUG - Получено от 5555 (('127.0.0.1', 56093)): {"type": "send_message_to_chat", "payload": {"chat_id": 9, "text": "8"}}
2025-05-30 05:26:26,868 - ServerApp - DEBUG - Попытка INSERT сообщения: chat_id=9, sender_id=4, content='8...'
2025-05-30 05:26:26,869 - ServerApp - DEBUG - Сообщение вставлено, ID: 179, Время БД: 2025-05-30T05:26:26.868696+07:00
2025-05-30 05:26:26,869 - ServerApp - DEBUG - Попытка UPDATE chats: chat_id=9, last_message_at=2025-05-30T05:26:26.868696+07:00
2025-05-30 05:26:26,869 - ServerApp - INFO - Сообщение ID: 179 от user_id: 4 в chat_id: 9 сохранено, last_message_at обновлено (2025-05-30T05:26:26.868696+07:00).
2025-05-30 05:26:26,869 - ServerApp - INFO - Сообщение (ID: 179) от 5555 в чат 9 сохранено.
2025-05-30 05:26:26,869 - ServerApp - DEBUG - Участники чата 9 для рассылки (кроме 4 - 5555): [1, 2, 3, 5]
2025-05-30 05:26:26,869 - ServerApp - INFO - Доставка сообщения (ID: 179) от 5555 участнику 4444 (ID: 5) чата 9.
2025-05-30 05:26:27,268 - ServerApp - DEBUG - Получено от 5555 (('127.0.0.1', 56093)): {"type": "send_message_to_chat", "payload": {"chat_id": 9, "text": "9"}}
2025-05-30 05:26:27,268 - ServerApp - DEBUG - Попытка INSERT сообщения: chat_id=9, sender_id=4, content='9...'
2025-05-30 05:26:27,269 - ServerApp - DEBUG - Сообщение вставлено, ID: 180, Время БД: 2025-05-30T05:26:27.268773+07:00
2025-05-30 05:26:27,269 - ServerApp - DEBUG - Попытка UPDATE chats: chat_id=9, last_message_at=2025-05-30T05:26:27.268773+07:00
2025-05-30 05:26:27,269 - ServerApp - INFO - Сообщение ID: 180 от user_id: 4 в chat_id: 9 сохранено, last_message_at обновлено (2025-05-30T05:26:27.268773+07:00).
2025-05-30 05:26:27,269 - ServerApp - INFO - Сообщение (ID: 180) от 5555 в чат 9 сохранено.
2025-05-30 05:26:27,269 - ServerApp - DEBUG - Участники чата 9 для рассылки (кроме 4 - 5555): [1, 2, 3, 5]
2025-05-30 05:26:27,269 - ServerApp - INFO - Доставка сообщения (ID: 180) от 5555 участнику 4444 (ID: 5) чата 9.
2025-05-30 05:26:28,292 - ServerApp - DEBUG - Получено от 5555 (('127.0.0.1', 56093)): {"type": "send_message_to_chat", "payload": {"chat_id": 9, "text": "0"}}
2025-05-30 05:26:28,292 - ServerApp - DEBUG - Попытка INSERT сообщения: chat_id=9, sender_id=4, content='0...'
2025-05-30 05:26:28,293 - ServerApp - DEBUG - Сообщение вставлено, ID: 181, Время БД: 2025-05-30T05:26:28.292970+07:00
2025-05-30 05:26:28,293 - ServerApp - DEBUG - Попытка UPDATE chats: chat_id=9, last_message_at=2025-05-30T05:26:28.292970+07:00
2025-05-30 05:26:28,293 - ServerApp - INFO - Сообщение ID: 181 от user_id: 4 в chat_id: 9 сохранено, last_message_at обновлено (2025-05-30T05:26:28.292970+07:00).
2025-05-30 05:26:28,293 - ServerApp - INFO - Сообщение (ID: 181) от 5555 в чат 9 сохранено.
2025-05-30 05:26:28,293 - ServerApp - DEBUG - Участники чата 9 для рассылки (кроме 4 - 5555): [1, 2, 3, 5]
2025-05-30 05:26:28,294 - ServerApp - INFO - Доставка сообщения (ID: 181) от 5555 участнику 4444 (ID: 5) чата 9.
2025-05-30 05:26:28,660 - ServerApp - DEBUG - Получено от 5555 (('127.0.0.1', 56093)): {"type": "send_message_to_chat", "payload": {"chat_id": 9, "text": "1"}}
2025-05-30 05:26:28,660 - ServerApp - DEBUG - Попытка INSERT сообщения: chat_id=9, sender_id=4, content='1...'
2025-05-30 05:26:28,661 - ServerApp - DEBUG - Сообщение вставлено, ID: 182, Время БД: 2025-05-30T05:26:28.660903+07:00
2025-05-30 05:26:28,661 - ServerApp - DEBUG - Попытка UPDATE chats: chat_id=9, last_message_at=2025-05-30T05:26:28.660903+07:00
2025-05-30 05:26:28,661 - ServerApp - INFO - Сообщение ID: 182 от user_id: 4 в chat_id: 9 сохранено, last_message_at обновлено (2025-05-30T05:26:28.660903+07:00).
2025-05-30 05:26:28,661 - ServerApp - INFO - Сообщение (ID: 182) от 5555 в чат 9 сохранено.
2025-05-30 05:26:28,661 - ServerApp - DEBUG - Участники чата 9 для рассылки (кроме 4 - 5555): [1, 2, 3, 5]
2025-05-30 05:26:28,661 - ServerApp - INFO - Доставка сообщения (ID: 182) от 5555 участнику 4444 (ID: 5) чата 9.
2025-05-30 05:26:28,980 - ServerApp - DEBUG - Получено от 5555 (('127.0.0.1', 56093)): {"type": "send_message_to_chat", "payload": {"chat_id": 9, "text": "2"}}
2025-05-30 05:26:28,980 - ServerApp - DEBUG - Попытка INSERT сообщения: chat_id=9, sender_id=4, content='2...'
2025-05-30 05:26:28,981 - ServerApp - DEBUG - Сообщение вставлено, ID: 183, Время БД: 2025-05-30T05:26:28.980953+07:00
2025-05-30 05:26:28,981 - ServerApp - DEBUG - Попытка UPDATE chats: chat_id=9, last_message_at=2025-05-30T05:26:28.980953+07:00
2025-05-30 05:26:28,981 - ServerApp - INFO - Сообщение ID: 183 от user_id: 4 в chat_id: 9 сохранено, last_message_at обновлено (2025-05-30T05:26:28.980953+07:00).
2025-05-30 05:26:28,981 - ServerApp - INFO - Сообщение (ID: 183) от 5555 в чат 9 сохранено.
2025-05-30 05:26:28,981 - ServerApp - DEBUG - Участники чата 9 для рассылки (кроме 4 - 5555): [1, 2, 3, 5]
2025-05-30 05:26:28,981 - ServerApp - INFO - Доставка сообщения (ID: 183) от 5555 участнику 4444 (ID: 5) чата 9.
2025-05-30 05:26:29,284 - ServerApp - DEBUG - Получено от 5555 (('127.0.0.1', 56093)): {"type": "send_message_to_chat", "payload": {"chat_id": 9, "text": "3"}}
2025-05-30 05:26:29,284 - ServerApp - DEBUG - Попытка INSERT сообщения: chat_id=9, sender_id=4, content='3...'
2025-05-30 05:26:29,287 - ServerApp - DEBUG - Сообщение вставлено, ID: 184, Время БД: 2025-05-30T05:26:29.284932+07:00
2025-05-30 05:26:29,287 - ServerApp - DEBUG - Попытка UPDATE chats: chat_id=9, last_message_at=2025-05-30T05:26:29.284932+07:00
2025-05-30 05:26:29,287 - ServerApp - INFO - Сообщение ID: 184 от user_id: 4 в chat_id: 9 сохранено, last_message_at обновлено (2025-05-30T05:26:29.284932+07:00).
2025-05-30 05:26:29,287 - ServerApp - INFO - Сообщение (ID: 184) от 5555 в чат 9 сохранено.
2025-05-30 05:26:29,288 - ServerApp - DEBUG - Участники чата 9 для рассылки (кроме 4 - 5555): [1, 2, 3, 5]
2025-05-30 05:26:29,288 - ServerApp - INFO - Доставка сообщения (ID: 184) от 5555 участнику 4444 (ID: 5) чата 9.
2025-05-30 05:26:29,604 - ServerApp - DEBUG - Получено от 5555 (('127.0.0.1', 56093)): {"type": "send_message_to_chat", "payload": {"chat_id": 9, "text": "4"}}
2025-05-30 05:26:29,605 - ServerApp - DEBUG - Попытка INSERT сообщения: chat_id=9, sender_id=4, content='4...'
2025-05-30 05:26:29,605 - ServerApp - DEBUG - Сообщение вставлено, ID: 185, Время БД: 2025-05-30T05:26:29.605059+07:00
2025-05-30 05:26:29,605 - ServerApp - DEBUG - Попытка UPDATE chats: chat_id=9, last_message_at=2025-05-30T05:26:29.605059+07:00
2025-05-30 05:26:29,605 - ServerApp - INFO - Сообщение ID: 185 от user_id: 4 в chat_id: 9 сохранено, last_message_at обновлено (2025-05-30T05:26:29.605059+07:00).
2025-05-30 05:26:29,605 - ServerApp - INFO - Сообщение (ID: 185) от 5555 в чат 9 сохранено.
2025-05-30 05:26:29,605 - ServerApp - DEBUG - Участники чата 9 для рассылки (кроме 4 - 5555): [1, 2, 3, 5]
2025-05-30 05:26:29,605 - ServerApp - INFO - Доставка сообщения (ID: 185) от 5555 участнику 4444 (ID: 5) чата 9.
2025-05-30 05:26:29,940 - ServerApp - DEBUG - Получено от 5555 (('127.0.0.1', 56093)): {"type": "send_message_to_chat", "payload": {"chat_id": 9, "text": "5"}}
2025-05-30 05:26:29,941 - ServerApp - DEBUG - Попытка INSERT сообщения: chat_id=9, sender_id=4, content='5...'
2025-05-30 05:26:29,941 - ServerApp - DEBUG - Сообщение вставлено, ID: 186, Время БД: 2025-05-30T05:26:29.941098+07:00
2025-05-30 05:26:29,941 - ServerApp - DEBUG - Попытка UPDATE chats: chat_id=9, last_message_at=2025-05-30T05:26:29.941098+07:00
2025-05-30 05:26:29,941 - ServerApp - INFO - Сообщение ID: 186 от user_id: 4 в chat_id: 9 сохранено, last_message_at обновлено (2025-05-30T05:26:29.941098+07:00).
2025-05-30 05:26:29,941 - ServerApp - INFO - Сообщение (ID: 186) от 5555 в чат 9 сохранено.
2025-05-30 05:26:29,941 - ServerApp - DEBUG - Участники чата 9 для рассылки (кроме 4 - 5555): [1, 2, 3, 5]
2025-05-30 05:26:29,941 - ServerApp - INFO - Доставка сообщения (ID: 186) от 5555 участнику 4444 (ID: 5) чата 9.
2025-05-30 05:26:30,292 - ServerApp - DEBUG - Получено от 5555 (('127.0.0.1', 56093)): {"type": "send_message_to_chat", "payload": {"chat_id": 9, "text": "6"}}
2025-05-30 05:26:30,293 - ServerApp - DEBUG - Попытка INSERT сообщения: chat_id=9, sender_id=4, content='6...'
2025-05-30 05:26:30,293 - ServerApp - DEBUG - Сообщение вставлено, ID: 187, Время БД: 2025-05-30T05:26:30.293068+07:00
2025-05-30 05:26:30,293 - ServerApp - DEBUG - Попытка UPDATE chats: chat_id=9, last_message_at=2025-05-30T05:26:30.293068+07:00
2025-05-30 05:26:30,293 - ServerApp - INFO - Сообщение ID: 187 от user_id: 4 в chat_id: 9 сохранено, last_message_at обновлено (2025-05-30T05:26:30.293068+07:00).
2025-05-30 05:26:30,293 - ServerApp - INFO - Сообщение (ID: 187) от 5555 в чат 9 сохранено.
2025-05-30 05:26:30,294 - ServerApp - DEBUG - Участники чата 9 для рассылки (кроме 4 - 5555): [1, 2, 3, 5]
2025-05-30 05:26:30,294 - ServerApp - INFO - Доставка сообщения (ID: 187) от 5555 участнику 4444 (ID: 5) чата 9.
2025-05-30 05:26:30,628 - ServerApp - DEBUG - Получено от 5555 (('127.0.0.1', 56093)): {"type": "send_message_to_chat", "payload": {"chat_id": 9, "text": "7"}}
2025-05-30 05:26:30,629 - ServerApp - DEBUG - Попытка INSERT сообщения: chat_id=9, sender_id=4, content='7...'
2025-05-30 05:26:30,629 - ServerApp - DEBUG - Сообщение вставлено, ID: 188, Время БД: 2025-05-30T05:26:30.629043+07:00
2025-05-30 05:26:30,629 - ServerApp - DEBUG - Попытка UPDATE chats: chat_id=9, last_message_at=2025-05-30T05:26:30.629043+07:00
2025-05-30 05:26:30,629 - ServerApp - INFO - Сообщение ID: 188 от user_id: 4 в chat_id: 9 сохранено, last_message_at обновлено (2025-05-30T05:26:30.629043+07:00).
2025-05-30 05:26:30,629 - ServerApp - INFO - Сообщение (ID: 188) от 5555 в чат 9 сохранено.
2025-05-30 05:26:30,629 - ServerApp - DEBUG - Участники чата 9 для рассылки (кроме 4 - 5555): [1, 2, 3, 5]
2025-05-30 05:26:30,630 - ServerApp - INFO - Доставка сообщения (ID: 188) от 5555 участнику 4444 (ID: 5) чата 9.
2025-05-30 05:26:30,964 - ServerApp - DEBUG - Получено от 5555 (('127.0.0.1', 56093)): {"type": "send_message_to_chat", "payload": {"chat_id": 9, "text": "8"}}
2025-05-30 05:26:30,965 - ServerApp - DEBUG - Попытка INSERT сообщения: chat_id=9, sender_id=4, content='8...'
2025-05-30 05:26:30,967 - ServerApp - DEBUG - Сообщение вставлено, ID: 189, Время БД: 2025-05-30T05:26:30.965135+07:00
2025-05-30 05:26:30,967 - ServerApp - DEBUG - Попытка UPDATE chats: chat_id=9, last_message_at=2025-05-30T05:26:30.965135+07:00
2025-05-30 05:26:30,968 - ServerApp - INFO - Сообщение ID: 189 от user_id: 4 в chat_id: 9 сохранено, last_message_at обновлено (2025-05-30T05:26:30.965135+07:00).
2025-05-30 05:26:30,968 - ServerApp - INFO - Сообщение (ID: 189) от 5555 в чат 9 сохранено.
2025-05-30 05:26:30,968 - ServerApp - DEBUG - Участники чата 9 для рассылки (кроме 4 - 5555): [1, 2, 3, 5]
2025-05-30 05:26:30,968 - ServerApp - INFO - Доставка сообщения (ID: 189) от 5555 участнику 4444 (ID: 5) чата 9.
2025-05-30 05:26:31,332 - ServerApp - DEBUG - Получено от 5555 (('127.0.0.1', 56093)): {"type": "send_message_to_chat", "payload": {"chat_id": 9, "text": "9"}}
2025-05-30 05:26:31,333 - ServerApp - DEBUG - Попытка INSERT сообщения: chat_id=9, sender_id=4, content='9...'
2025-05-30 05:26:31,333 - ServerApp - DEBUG - Сообщение вставлено, ID: 190, Время БД: 2025-05-30T05:26:31.333220+07:00
2025-05-30 05:26:31,333 - ServerApp - DEBUG - Попытка UPDATE chats: chat_id=9, last_message_at=2025-05-30T05:26:31.333220+07:00
2025-05-30 05:26:31,333 - ServerApp - INFO - Сообщение ID: 190 от user_id: 4 в chat_id: 9 сохранено, last_message_at обновлено (2025-05-30T05:26:31.333220+07:00).
2025-05-30 05:26:31,333 - ServerApp - INFO - Сообщение (ID: 190) от 5555 в чат 9 сохранено.
2025-05-30 05:26:31,334 - ServerApp - DEBUG - Участники чата 9 для рассылки (кроме 4 - 5555): [1, 2, 3, 5]
2025-05-30 05:26:31,334 - ServerApp - INFO - Доставка сообщения (ID: 190) от 5555 участнику 4444 (ID: 5) чата 9.
2025-05-30 05:26:32,429 - ServerApp - DEBUG - Получено от 5555 (('127.0.0.1', 56093)): {"type": "send_message_to_chat", "payload": {"chat_id": 9, "text": "0"}}
2025-05-30 05:26:32,429 - ServerApp - DEBUG - Попытка INSERT сообщения: chat_id=9, sender_id=4, content='0...'
2025-05-30 05:26:32,429 - ServerApp - DEBUG - Сообщение вставлено, ID: 191, Время БД: 2025-05-30T05:26:32.429389+07:00
2025-05-30 05:26:32,429 - ServerApp - DEBUG - Попытка UPDATE chats: chat_id=9, last_message_at=2025-05-30T05:26:32.429389+07:00
2025-05-30 05:26:32,429 - ServerApp - INFO - Сообщение ID: 191 от user_id: 4 в chat_id: 9 сохранено, last_message_at обновлено (2025-05-30T05:26:32.429389+07:00).
2025-05-30 05:26:32,430 - ServerApp - INFO - Сообщение (ID: 191) от 5555 в чат 9 сохранено.
2025-05-30 05:26:32,430 - ServerApp - DEBUG - Участники чата 9 для рассылки (кроме 4 - 5555): [1, 2, 3, 5]
2025-05-30 05:26:32,430 - ServerApp - INFO - Доставка сообщения (ID: 191) от 5555 участнику 4444 (ID: 5) чата 9.
2025-05-30 05:26:36,688 - ServerApp - INFO - Новое подключение от ('127.0.0.1', 56121)
2025-05-30 05:26:36,705 - ServerApp - INFO - Успешное подключение к базе данных PostgreSQL.
2025-05-30 05:26:41,527 - ServerApp - DEBUG - Получено от ('127.0.0.1', 56121) (аутентификация): {"type": "login", "payload": {"username": "1111", "password": "1111"}}
2025-05-30 05:26:41,686 - ServerApp - INFO - Клиент ('127.0.0.1', 56121) аутентифицирован как 1111 (ID: 1)
2025-05-30 05:26:41,686 - ServerApp - INFO - Пользователь ID 1 запросил список чатов.
2025-05-30 05:26:41,689 - ServerApp - DEBUG - Для user_id 1 найдено 7 чатов.
2025-05-30 05:26:41,689 - ServerApp - DEBUG - Получено от 1111 (('127.0.0.1', 56121)): {"type": "request_chat_list", "payload": {}}
2025-05-30 05:26:41,690 - ServerApp - INFO - Пользователь ID 1 запросил список чатов.
2025-05-30 05:26:41,690 - ServerApp - DEBUG - Для user_id 1 найдено 7 чатов.
2025-05-30 05:26:43,689 - ServerApp - DEBUG - Получено от 1111 (('127.0.0.1', 56121)): {"type": "request_chat_history", "payload": {"chat_id": 9}}
2025-05-30 05:26:43,689 - ServerApp - INFO - User_id 1 запросил историю для чата ID 9.
2025-05-30 05:26:43,690 - ServerApp - DEBUG - Извлечено 20 сообщений для chat_id: 9
2025-05-30 05:26:54,392 - ServerApp - INFO - Клиент 1111 (('127.0.0.1', 56121)) отключился.
2025-05-30 05:26:54,392 - ServerApp - INFO - Клиент 1111 (('127.0.0.1', 56121)) удален из активных.
2025-05-30 05:26:54,392 - ServerApp - DEBUG - Соединение с БД для ('127.0.0.1', 56121) (пользователь: 1111) закрыто.
2025-05-30 05:26:54,392 - ServerApp - DEBUG - Ресурсы для ('127.0.0.1', 56121) (пользователь: 1111) освобождены.
2025-05-30 05:27:36,760 - ServerApp - WARNING - Соединение сброшено клиентом 5555 (('127.0.0.1', 56093)).
2025-05-30 05:27:36,760 - ServerApp - INFO - Клиент 5555 (('127.0.0.1', 56093)) удален из активных.
2025-05-30 05:27:36,760 - ServerApp - DEBUG - Соединение с БД для ('127.0.0.1', 56093) (пользователь: 5555) закрыто.
2025-05-30 05:27:36,760 - ServerApp - DEBUG - Ресурсы для ('127.0.0.1', 56093) (пользователь: 5555) освобождены.
2025-05-30 05:27:38,228 - ServerApp - WARNING - Соединение сброшено клиентом 4444 (('127.0.0.1', 56095)).
2025-05-30 05:27:38,228 - ServerApp - INFO - Клиент 4444 (('127.0.0.1', 56095)) удален из активных.
2025-05-30 05:27:38,228 - ServerApp - DEBUG - Соединение с БД для ('127.0.0.1', 56095) (пользователь: 4444) закрыто.
2025-05-30 05:27:38,228 - ServerApp - DEBUG - Ресурсы для ('127.0.0.1', 56095) (пользователь: 4444) освобождены.
2025-05-30 05:27:41,205 - ServerApp - INFO - Получен сигнал KeyboardInterrupt (Ctrl+C)...
2025-05-30 05:27:41,205 - ServerApp - INFO - Сервер останавливается...
2025-05-30 05:27:41,205 - ServerApp - INFO - Сервер полностью остановлен.
