2025-05-29 19:31:06,665 - MainWindow - INFO - Инициализация ChatClientWindow...
2025-05-29 19:31:06,673 - MainWindow - INFO - UI и SocketHandler для ChatClientWindow инициализированы.
2025-05-29 19:31:08,131 - MainWindow - INFO - Получен запрос на подключение к 127.0.0.1:65432 от ConnectPanel.
2025-05-29 19:31:08,134 - MainWindow - INFO - СИГНАЛ: Успешно подключено к серверу (через SocketHandler).
2025-05-29 19:31:08,134 - MainWindow - INFO - UI: Панель аутентификации. Статус: Подключено к 127.0.0.1:65432. Введите данные.
2025-05-29 19:31:13,667 - MainWindow - INFO - Попытка входа для 3333 через SocketHandler.
2025-05-29 19:31:13,672 - MainWindow - INFO - СИГНАЛ: Получен статус логина: {'message': 'Неверное имя пользователя или пароль.', 'status': 'error'}
2025-05-29 19:31:13,672 - MainWindow - WARNING - Ошибка логина: Неверное имя пользователя или пароль.
2025-05-29 19:31:14,813 - MainWindow - INFO - UI: Панель аутентификации. Статус: Подключено. Ошибка входа: Неверное имя пользователя или пароль.
2025-05-29 19:31:15,802 - MainWindow - INFO - Попытка регистрации для 3333 через SocketHandler.
2025-05-29 19:31:15,967 - MainWindow - INFO - СИГНАЛ: Получен статус регистрации: {'message': "Пользователь '3333' успешно зарегистрирован. Теперь вы можете войти.", 'status': 'success'}
2025-05-29 19:31:17,141 - MainWindow - INFO - UI: Панель аутентификации. Статус: Подключено. Введите данные для входа.
2025-05-29 19:31:18,130 - MainWindow - INFO - Попытка входа для 3333 через SocketHandler.
2025-05-29 19:31:18,292 - MainWindow - INFO - СИГНАЛ: Получен статус логина: {'message': 'Успешный вход.', 'status': 'success', 'user_id': 3, 'username': '3333'}
2025-05-29 19:31:18,292 - MainWindow - INFO - Логин успешен как 3333 (ID: 3).
2025-05-29 19:31:18,293 - MainWindow - INFO - UI: Панель списка чатов для 3333.
2025-05-29 19:31:18,293 - MainWindow - INFO - Пользователь 3333 запрашивает список чатов через SocketHandler.
2025-05-29 19:31:18,296 - MainWindow - INFO - СИГНАЛ: Получен список из 0 чатов.
2025-05-29 19:31:18,296 - MainWindow - INFO - СИГНАЛ: Получен список из 0 чатов.
2025-05-29 19:31:48,683 - MainWindow - INFO - Попытка создания группы 'ppppppppp' с участниками ['1111', '2222'] через SocketHandler.
2025-05-29 19:31:48,688 - MainWindow - INFO - СИГНАЛ: Получен ответ на создание группы: {'chat_id': 4, 'chat_name': 'ppppppppp', 'chat_type': 'group', 'message': "Группа 'ppppppppp' успешно создана.", 'status': 'success'}
2025-05-29 19:31:50,196 - MainWindow - INFO - Пользователь 3333 запрашивает список чатов через SocketHandler.
2025-05-29 19:31:50,196 - MainWindow - INFO - UI: Запрос на открытие чата ID 4 (ppppppppp).
2025-05-29 19:31:50,198 - MainWindow - INFO - Запрос истории для чата ID: 4 через SocketHandler.
2025-05-29 19:31:50,201 - MainWindow - INFO - СИГНАЛ: Получен список из 1 чатов.
2025-05-29 19:31:50,201 - MainWindow - WARNING - Получен список чатов, но панель списка чатов не активна. UI не обновлен.
2025-05-29 19:31:50,202 - MainWindow - INFO - СИГНАЛ: Получена история для чата ID 4 (0 сообщений).
2025-05-29 19:31:58,526 - MainWindow - INFO - Отправка сообщения в чат ID 4 (для ppppppppp): 123 через SocketHandler.
2025-05-29 19:32:02,090 - MainWindow - INFO - СИГНАЛ: Входящее сообщение в чат ID 4 от 1111: yjhv
2025-05-29 19:32:07,161 - MainWindow - INFO - СИГНАЛ: Входящее сообщение в чат ID 4 от 2222: норм
2025-05-29 19:32:16,755 - MainWindow - INFO - UI: Панель списка чатов для 3333.
2025-05-29 19:32:16,755 - MainWindow - INFO - Пользователь 3333 запрашивает список чатов через SocketHandler.
2025-05-29 19:32:16,758 - MainWindow - INFO - СИГНАЛ: Получен список из 1 чатов.
2025-05-29 19:32:17,659 - MainWindow - INFO - Выбран чат из списка (панель): {'chat_id': 4, 'chat_name': 'ppppppppp', 'chat_type': 'group', 'last_message_at': '2025-05-29T19:30:49.877312+07:00', 'last_message_text': '123', 'other_user_id': None, 'other_username': None, 'unread_count': 0}
2025-05-29 19:32:17,659 - MainWindow - INFO - UI: Запрос на открытие чата ID 4 (ppppppppp).
2025-05-29 19:32:17,660 - MainWindow - INFO - Запрос истории для чата ID: 4 через SocketHandler.
2025-05-29 19:32:17,662 - MainWindow - INFO - СИГНАЛ: Получена история для чата ID 4 (3 сообщений).
2025-05-29 19:32:18,715 - MainWindow - INFO - UI: Панель списка чатов для 3333.
2025-05-29 19:32:18,715 - MainWindow - INFO - Пользователь 3333 запрашивает список чатов через SocketHandler.
2025-05-29 19:32:18,718 - MainWindow - INFO - СИГНАЛ: Получен список из 1 чатов.
2025-05-29 19:32:19,946 - MainWindow - INFO - Выбран чат из списка (панель): {'chat_id': 4, 'chat_name': 'ppppppppp', 'chat_type': 'group', 'last_message_at': '2025-05-29T19:30:49.877312+07:00', 'last_message_text': '123', 'other_user_id': None, 'other_username': None, 'unread_count': 0}
2025-05-29 19:32:19,946 - MainWindow - INFO - UI: Запрос на открытие чата ID 4 (ppppppppp).
2025-05-29 19:32:19,947 - MainWindow - INFO - Запрос истории для чата ID: 4 через SocketHandler.
2025-05-29 19:32:19,950 - MainWindow - INFO - СИГНАЛ: Получена история для чата ID 4 (3 сообщений).
2025-05-29 19:32:43,243 - MainWindow - INFO - Отправка сообщения в чат ID 4 (для ppppppppp): яё через SocketHandler.
2025-05-29 19:44:19,675 - MainWindow - INFO - СИГНАЛ: Входящее сообщение в чат ID 4 от 1111: 1
2025-05-29 19:44:19,881 - MainWindow - INFO - СИГНАЛ: Входящее сообщение в чат ID 4 от 1111: 1
2025-05-29 19:44:20,072 - MainWindow - INFO - СИГНАЛ: Входящее сообщение в чат ID 4 от 1111: 1
2025-05-29 19:44:20,263 - MainWindow - INFO - СИГНАЛ: Входящее сообщение в чат ID 4 от 1111: 1
2025-05-29 19:44:20,457 - MainWindow - INFO - СИГНАЛ: Входящее сообщение в чат ID 4 от 1111: 1
2025-05-29 19:44:20,664 - MainWindow - INFO - СИГНАЛ: Входящее сообщение в чат ID 4 от 1111: 1
2025-05-29 19:44:20,952 - MainWindow - INFO - СИГНАЛ: Входящее сообщение в чат ID 4 от 1111: 1
2025-05-29 19:44:21,616 - MainWindow - INFO - СИГНАЛ: Входящее сообщение в чат ID 4 от 1111: 2
2025-05-29 19:44:21,849 - MainWindow - INFO - СИГНАЛ: Входящее сообщение в чат ID 4 от 1111: 2
2025-05-29 19:44:22,039 - MainWindow - INFO - СИГНАЛ: Входящее сообщение в чат ID 4 от 1111: 2
2025-05-29 19:44:22,250 - MainWindow - INFO - СИГНАЛ: Входящее сообщение в чат ID 4 от 1111: 2
2025-05-29 19:44:22,439 - MainWindow - INFO - СИГНАЛ: Входящее сообщение в чат ID 4 от 1111: 2
2025-05-29 19:44:22,648 - MainWindow - INFO - СИГНАЛ: Входящее сообщение в чат ID 4 от 1111: 2
2025-05-29 19:44:23,193 - MainWindow - INFO - СИГНАЛ: Входящее сообщение в чат ID 4 от 1111: 3
2025-05-29 19:44:23,410 - MainWindow - INFO - СИГНАЛ: Входящее сообщение в чат ID 4 от 1111: 3
2025-05-29 19:44:23,641 - MainWindow - INFO - СИГНАЛ: Входящее сообщение в чат ID 4 от 1111: 3
2025-05-29 19:44:26,690 - MainWindow - INFO - СИГНАЛ: Входящее сообщение в чат ID 4 от 1111: 1
2025-05-29 19:44:26,914 - MainWindow - INFO - СИГНАЛ: Входящее сообщение в чат ID 4 от 1111: 2
2025-05-29 19:44:27,144 - MainWindow - INFO - СИГНАЛ: Входящее сообщение в чат ID 4 от 1111: 3
2025-05-29 19:44:49,887 - MainWindow - INFO - СИГНАЛ: Входящее сообщение в чат ID 4 от 1111: фывфв
2025-05-29 19:44:51,407 - MainWindow - INFO - СИГНАЛ: Входящее сообщение в чат ID 4 от 2222: 111
2025-05-29 19:44:53,546 - MainWindow - INFO - Отправка сообщения в чат ID 4 (для ppppppppp): 2222 через SocketHandler.
2025-05-29 20:03:23,209 - MainWindow - INFO - UI: Панель списка чатов для 3333.
2025-05-29 20:03:23,209 - MainWindow - INFO - Пользователь 3333 запрашивает список чатов через SocketHandler.
2025-05-29 20:03:23,212 - MainWindow - INFO - СИГНАЛ: Получен список из 1 чатов.
2025-05-29 20:03:42,105 - MainWindow - INFO - Запрос на новый/существующий личный чат с 1111 от панели.
2025-05-29 20:03:42,105 - MainWindow - INFO - Новый личный диалог с 1111. Открытие панели чата (ID пока не известен).
2025-05-29 20:03:42,105 - MainWindow - INFO - UI: Запрос на открытие чата ID None (1111).
2025-05-29 20:03:42,106 - MainWindow - INFO - Новый диалог с 1111. Открытие панели чата (ID пока не известен).
2025-05-29 20:03:43,073 - MainWindow - INFO - UI: Панель списка чатов для 3333.
2025-05-29 20:03:43,073 - MainWindow - INFO - Пользователь 3333 запрашивает список чатов через SocketHandler.
2025-05-29 20:03:43,076 - MainWindow - INFO - СИГНАЛ: Получен список из 1 чатов.
2025-05-29 20:04:25,209 - MainWindow - INFO - Запрос на новый/существующий личный чат с 1111 от панели.
2025-05-29 20:04:25,209 - MainWindow - INFO - Новый личный диалог с 1111. Открытие панели чата (ID пока не известен).
2025-05-29 20:04:25,209 - MainWindow - INFO - UI: Запрос на открытие чата ID None (1111).
2025-05-29 20:04:25,210 - MainWindow - INFO - Новый диалог с 1111. Открытие панели чата (ID пока не известен).
2025-05-29 20:04:39,625 - MainWindow - INFO - UI: Панель списка чатов для 3333.
2025-05-29 20:04:39,625 - MainWindow - INFO - Пользователь 3333 запрашивает список чатов через SocketHandler.
2025-05-29 20:04:39,628 - MainWindow - INFO - СИГНАЛ: Получен список из 1 чатов.
2025-05-29 20:04:43,345 - MainWindow - INFO - Запрос на новый/существующий личный чат с 3 от панели.
2025-05-29 20:04:43,345 - MainWindow - INFO - Новый личный диалог с 3. Открытие панели чата (ID пока не известен).
2025-05-29 20:04:43,345 - MainWindow - INFO - UI: Запрос на открытие чата ID None (3).
2025-05-29 20:04:43,346 - MainWindow - INFO - Новый диалог с 3. Открытие панели чата (ID пока не известен).
2025-05-29 20:04:47,105 - MainWindow - INFO - UI: Панель списка чатов для 3333.
2025-05-29 20:04:47,105 - MainWindow - INFO - Пользователь 3333 запрашивает список чатов через SocketHandler.
2025-05-29 20:04:47,108 - MainWindow - INFO - СИГНАЛ: Получен список из 1 чатов.
2025-05-29 20:05:15,105 - MainWindow - INFO - Пользователь 3333 запрашивает список чатов через SocketHandler.
2025-05-29 20:05:15,107 - MainWindow - INFO - СИГНАЛ: Получен список из 2 чатов.
2025-05-29 20:05:16,113 - MainWindow - INFO - Выбран чат из списка (панель): {'chat_id': 5, 'chat_name': 'аа', 'chat_type': 'group', 'last_message_at': None, 'last_message_text': 'Нет сообщений', 'other_user_id': None, 'other_username': None, 'unread_count': 0}
2025-05-29 20:05:16,113 - MainWindow - INFO - UI: Запрос на открытие чата ID 5 (аа).
2025-05-29 20:05:16,114 - MainWindow - INFO - Запрос истории для чата ID: 5 через SocketHandler.
2025-05-29 20:05:16,120 - MainWindow - INFO - СИГНАЛ: Получена история для чата ID 5 (0 сообщений).
2025-05-29 20:05:22,207 - MainWindow - INFO - СИГНАЛ: Входящее сообщение в чат ID 5 от 1111: 0
2025-05-29 20:05:24,172 - MainWindow - INFO - СИГНАЛ: Входящее сообщение в чат ID 5 от 1111: 1
2025-05-29 20:05:24,478 - MainWindow - INFO - СИГНАЛ: Входящее сообщение в чат ID 5 от 1111: 2
2025-05-29 20:05:24,783 - MainWindow - INFO - СИГНАЛ: Входящее сообщение в чат ID 5 от 1111: 3
2025-05-29 20:05:25,102 - MainWindow - INFO - СИГНАЛ: Входящее сообщение в чат ID 5 от 1111: 4
2025-05-29 20:05:25,438 - MainWindow - INFO - СИГНАЛ: Входящее сообщение в чат ID 5 от 1111: 5
2025-05-29 20:05:25,823 - MainWindow - INFO - СИГНАЛ: Входящее сообщение в чат ID 5 от 1111: 6
2025-05-29 20:05:27,135 - MainWindow - INFO - СИГНАЛ: Входящее сообщение в чат ID 5 от 1111: 7
2025-05-29 20:05:31,627 - MainWindow - INFO - Отправка сообщения в чат ID 5 (для аа): 8 через SocketHandler.
2025-05-29 20:05:32,395 - MainWindow - INFO - Отправка сообщения в чат ID 5 (для аа): 9 через SocketHandler.
2025-05-29 20:05:33,331 - MainWindow - INFO - Отправка сообщения в чат ID 5 (для аа): 10 через SocketHandler.
2025-05-29 20:22:59,167 - MainWindow - INFO - СИГНАЛ: Входящее сообщение в чат ID 5 от 1111: 11
2025-05-29 20:23:00,187 - MainWindow - INFO - СИГНАЛ: Входящее сообщение в чат ID 5 от 1111: 22
2025-05-29 20:23:01,389 - MainWindow - INFO - СИГНАЛ: Входящее сообщение в чат ID 5 от 1111: 33
2025-05-29 20:23:03,000 - MainWindow - INFO - Отправка сообщения в чат ID 5 (для аа): 44 через SocketHandler.
2025-05-29 20:23:05,320 - MainWindow - INFO - Отправка сообщения в чат ID 5 (для аа): 55 через SocketHandler.
2025-05-29 20:23:06,496 - MainWindow - INFO - Отправка сообщения в чат ID 5 (для аа): 66 через SocketHandler.
2025-05-29 20:28:29,933 - MainWindow - INFO - Окно клиента закрывается. Отключение от сервера через SocketHandler.
2025-05-29 20:28:29,933 - MainWindow - INFO - СИГНАЛ: Отключено от сервера (через SocketHandler).
2025-05-29 20:28:29,934 - MainWindow - INFO - UI: Панель подключения. Статус: Соединение с сервером разорвано.
