2025-05-29 22:54:50,483 - MainWindow - INFO - Инициализация ChatClientWindow...
2025-05-29 22:54:50,489 - MainWindow - INFO - UI и SocketHandler для ChatClientWindow инициализированы.
2025-05-29 22:54:52,033 - MainWindow - INFO - Получен запрос на подключение к 127.0.0.1:65432 от ConnectPanel.
2025-05-29 22:54:52,035 - MainWindow - INFO - СИГНАЛ: Успешно подключено к серверу (через SocketHandler).
2025-05-29 22:54:52,036 - MainWindow - INFO - UI: Панель аутентификации. Статус: Подключено к 127.0.0.1:65432. Введите данные.
2025-05-29 22:54:54,753 - MainWindow - INFO - Попытка входа для 2222 через SocketHandler.
2025-05-29 22:54:54,919 - MainWindow - INFO - СИГНАЛ: Получен статус логина: {'message': 'Успешный вход.', 'status': 'success', 'user_id': 2, 'username': '2222'}
2025-05-29 22:54:54,919 - MainWindow - INFO - Логин успешен как 2222 (ID: 2).
2025-05-29 22:54:54,920 - MainWindow - INFO - UI: Панель списка чатов для 2222.
2025-05-29 22:54:54,920 - MainWindow - INFO - Пользователь 2222 запрашивает список чатов через SocketHandler.
2025-05-29 22:54:54,921 - MainWindow - INFO - СИГНАЛ: Получен список из 3 чатов.
2025-05-29 22:54:54,940 - MainWindow - INFO - СИГНАЛ: Получен список из 3 чатов.
2025-05-29 22:54:57,937 - MainWindow - INFO - Выбран чат из списка (панель): {'chat_id': 1, 'chat_name': '1111', 'chat_type': 'direct', 'last_message_at': '2025-05-29T20:02:56.954592+07:00', 'last_message_text': '3', 'other_user_id': 1, 'other_username': '1111', 'unread_count': 0}
2025-05-29 22:54:57,937 - MainWindow - INFO - UI: Запрос на открытие чата ID 1 (1111).
2025-05-29 22:54:57,938 - MainWindow - INFO - Запрос истории для чата ID: 1 через SocketHandler.
2025-05-29 22:54:57,941 - MainWindow - INFO - СИГНАЛ: Получена история для чата ID 1 (25 сообщений).
2025-05-29 22:55:00,633 - MainWindow - INFO - Отправка сообщения в чат ID 1 (для 1111): 22234
2025-05-29 22:55:04,217 - MainWindow - INFO - Отправка сообщения в чат ID 1 (для 1111): 111
2025-05-29 22:55:19,969 - MainWindow - INFO - UI: Панель списка чатов для 2222.
2025-05-29 22:55:19,969 - MainWindow - INFO - Пользователь 2222 запрашивает список чатов через SocketHandler.
2025-05-29 22:55:19,972 - MainWindow - INFO - СИГНАЛ: Получен список из 3 чатов.
2025-05-29 22:55:21,121 - MainWindow - INFO - Выбран чат из списка (панель): {'chat_id': 1, 'chat_name': '1111', 'chat_type': 'direct', 'last_message_at': '2025-05-29T22:55:04.220022+07:00', 'last_message_text': '111', 'other_user_id': 1, 'other_username': '1111', 'unread_count': 0}
2025-05-29 22:55:21,121 - MainWindow - INFO - UI: Запрос на открытие чата ID 1 (1111).
2025-05-29 22:55:21,122 - MainWindow - INFO - Запрос истории для чата ID: 1 через SocketHandler.
2025-05-29 22:55:21,125 - MainWindow - INFO - СИГНАЛ: Получена история для чата ID 1 (27 сообщений).
2025-05-29 22:55:23,393 - MainWindow - INFO - Отправка сообщения в чат ID 1 (для 1111): 123
