2025-05-29 19:31:06,666 - SocketHandler - INFO - SocketHandler инициализирован.
2025-05-29 19:31:08,131 - SocketHandler - INFO - Попытка подключения к 127.0.0.1:65432
2025-05-29 19:31:08,133 - SocketHandler - INFO - Соединение с сервером установлено.
2025-05-29 19:31:13,668 - SocketHandler - DEBUG - Отправлено: {"type": "login", "payload": {"username": "3333", "password": "3333"}}
2025-05-29 19:31:13,671 - SocketHandler - INFO - Получено полное сообщение от сервера: {"type": "login_status", "payload": {"status": "error", "message": "Неверное имя пользователя или пароль."}}
2025-05-29 19:31:15,803 - SocketHandler - DEBUG - Отправлено: {"type": "register", "payload": {"username": "3333", "password": "3333"}}
2025-05-29 19:31:15,967 - SocketHandler - INFO - Получено полное сообщение от сервера: {"type": "register_status", "payload": {"status": "success", "message": "Пользователь '3333' успешно зарегистрирован. Теперь вы можете войти."}}
2025-05-29 19:31:18,131 - SocketHandler - DEBUG - Отправлено: {"type": "login", "payload": {"username": "3333", "password": "3333"}}
2025-05-29 19:31:18,292 - SocketHandler - INFO - Получено полное сообщение от сервера: {"type": "login_status", "payload": {"status": "success", "message": "Успешный вход.", "username": "3333", "user_id": 3}}
2025-05-29 19:31:18,293 - SocketHandler - DEBUG - Отправлено: {"type": "request_chat_list", "payload": {}}
2025-05-29 19:31:18,296 - SocketHandler - INFO - Получено полное сообщение от сервера: {"type": "chat_list_response", "payload": {"chats": []}}
2025-05-29 19:31:18,296 - SocketHandler - INFO - Получено полное сообщение от сервера: {"type": "chat_list_response", "payload": {"chats": []}}
2025-05-29 19:31:48,683 - SocketHandler - DEBUG - Отправлено: {"type": "create_group_request", "payload": {"group_name": "ppppppppp", "member_usernames": ["1111", "2222"]}}
2025-05-29 19:31:48,687 - SocketHandler - INFO - Получено полное сообщение от сервера: {"type": "create_group_response", "payload": {"status": "success", "message": "Группа 'ppppppppp' успешно создана.", "chat_id": 4, "chat_name": "ppppppppp", "chat_type": "group"}}
2025-05-29 19:31:50,196 - SocketHandler - DEBUG - Отправлено: {"type": "request_chat_list", "payload": {}}
2025-05-29 19:31:50,198 - SocketHandler - DEBUG - Отправлено: {"type": "request_chat_history", "payload": {"chat_id": 4}}
2025-05-29 19:31:50,201 - SocketHandler - INFO - Получено полное сообщение от сервера: {"type": "chat_list_response", "payload": {"chats": [{"chat_id": 4, "chat_type": "group", "chat_name": "ppppppppp", "last_message_at": null, "last_message_text": "Нет сообщений", "other_user_id": null, "other_username": null, "unread_count": 0}]}}
2025-05-29 19:31:50,201 - SocketHandler - INFO - Получено полное сообщение от сервера: {"type": "chat_history", "payload": {"chat_id": 4, "messages": []}}
2025-05-29 19:31:58,526 - SocketHandler - DEBUG - Отправлено: {"type": "send_message_to_chat", "payload": {"chat_id": 4, "text": "123"}}
2025-05-29 19:32:02,090 - SocketHandler - INFO - Получено полное сообщение от сервера: {"type": "incoming_chat_message", "payload": {"chat_id": 4, "message_id": 18, "sender_username": "1111", "sender_id": 1, "text": "yjhv", "timestamp": "2025-05-29T19:30:33.023762+07:00"}}
2025-05-29 19:32:07,161 - SocketHandler - INFO - Получено полное сообщение от сервера: {"type": "incoming_chat_message", "payload": {"chat_id": 4, "message_id": 19, "sender_username": "2222", "sender_id": 2, "text": "норм", "timestamp": "2025-05-29T19:30:49.877312+07:00"}}
2025-05-29 19:32:16,755 - SocketHandler - DEBUG - Отправлено: {"type": "request_chat_list", "payload": {}}
2025-05-29 19:32:16,757 - SocketHandler - INFO - Получено полное сообщение от сервера: {"type": "chat_list_response", "payload": {"chats": [{"chat_id": 4, "chat_type": "group", "chat_name": "ppppppppp", "last_message_at": "2025-05-29T19:30:49.877312+07:00", "last_message_text": "123", "other_user_id": null, "other_username": null, "unread_count": 0}]}}
2025-05-29 19:32:17,660 - SocketHandler - DEBUG - Отправлено: {"type": "request_chat_history", "payload": {"chat_id": 4}}
2025-05-29 19:32:17,662 - SocketHandler - INFO - Получено полное сообщение от сервера: {"type": "chat_history", "payload": {"chat_id": 4, "messages": [{"message_id": 18, "sender_username": "1111", "sender_id": 1, "text": "yjhv", "timestamp": "2025-05-29T19:30:33.023762+07:00"}, {"message_id": 19, "sender_username": "2222", "sender_id": 2, "text": "норм", "timestamp": "2025-05-29T19:30:49.877312+07:00"}, {"message_id": 17, "sender_username": "3333", "sender_id": 3, "text": "123", "timestamp": "2025-05-29T19:31:50.200662+07:00"}]}}
2025-05-29 19:32:18,715 - SocketHandler - DEBUG - Отправлено: {"type": "request_chat_list", "payload": {}}
2025-05-29 19:32:18,718 - SocketHandler - INFO - Получено полное сообщение от сервера: {"type": "chat_list_response", "payload": {"chats": [{"chat_id": 4, "chat_type": "group", "chat_name": "ppppppppp", "last_message_at": "2025-05-29T19:30:49.877312+07:00", "last_message_text": "123", "other_user_id": null, "other_username": null, "unread_count": 0}]}}
2025-05-29 19:32:19,947 - SocketHandler - DEBUG - Отправлено: {"type": "request_chat_history", "payload": {"chat_id": 4}}
2025-05-29 19:32:19,949 - SocketHandler - INFO - Получено полное сообщение от сервера: {"type": "chat_history", "payload": {"chat_id": 4, "messages": [{"message_id": 18, "sender_username": "1111", "sender_id": 1, "text": "yjhv", "timestamp": "2025-05-29T19:30:33.023762+07:00"}, {"message_id": 19, "sender_username": "2222", "sender_id": 2, "text": "норм", "timestamp": "2025-05-29T19:30:49.877312+07:00"}, {"message_id": 17, "sender_username": "3333", "sender_id": 3, "text": "123", "timestamp": "2025-05-29T19:31:50.200662+07:00"}]}}
2025-05-29 19:32:43,243 - SocketHandler - DEBUG - Отправлено: {"type": "send_message_to_chat", "payload": {"chat_id": 4, "text": "яё"}}
2025-05-29 19:44:19,675 - SocketHandler - INFO - Получено полное сообщение от сервера: {"type": "incoming_chat_message", "payload": {"chat_id": 4, "message_id": 21, "sender_username": "1111", "sender_id": 1, "text": "1", "timestamp": "2025-05-29T19:32:02.089924+07:00"}}
2025-05-29 19:44:19,881 - SocketHandler - INFO - Получено полное сообщение от сервера: {"type": "incoming_chat_message", "payload": {"chat_id": 4, "message_id": 22, "sender_username": "1111", "sender_id": 1, "text": "1", "timestamp": "2025-05-29T19:44:19.674440+07:00"}}
2025-05-29 19:44:20,072 - SocketHandler - INFO - Получено полное сообщение от сервера: {"type": "incoming_chat_message", "payload": {"chat_id": 4, "message_id": 23, "sender_username": "1111", "sender_id": 1, "text": "1", "timestamp": "2025-05-29T19:44:19.881265+07:00"}}
2025-05-29 19:44:20,263 - SocketHandler - INFO - Получено полное сообщение от сервера: {"type": "incoming_chat_message", "payload": {"chat_id": 4, "message_id": 24, "sender_username": "1111", "sender_id": 1, "text": "1", "timestamp": "2025-05-29T19:44:20.072307+07:00"}}
2025-05-29 19:44:20,457 - SocketHandler - INFO - Получено полное сообщение от сервера: {"type": "incoming_chat_message", "payload": {"chat_id": 4, "message_id": 25, "sender_username": "1111", "sender_id": 1, "text": "1", "timestamp": "2025-05-29T19:44:20.263228+07:00"}}
2025-05-29 19:44:20,663 - SocketHandler - INFO - Получено полное сообщение от сервера: {"type": "incoming_chat_message", "payload": {"chat_id": 4, "message_id": 26, "sender_username": "1111", "sender_id": 1, "text": "1", "timestamp": "2025-05-29T19:44:20.456904+07:00"}}
2025-05-29 19:44:20,952 - SocketHandler - INFO - Получено полное сообщение от сервера: {"type": "incoming_chat_message", "payload": {"chat_id": 4, "message_id": 27, "sender_username": "1111", "sender_id": 1, "text": "1", "timestamp": "2025-05-29T19:44:20.663526+07:00"}}
2025-05-29 19:44:21,615 - SocketHandler - INFO - Получено полное сообщение от сервера: {"type": "incoming_chat_message", "payload": {"chat_id": 4, "message_id": 28, "sender_username": "1111", "sender_id": 1, "text": "2", "timestamp": "2025-05-29T19:44:20.951567+07:00"}}
2025-05-29 19:44:21,849 - SocketHandler - INFO - Получено полное сообщение от сервера: {"type": "incoming_chat_message", "payload": {"chat_id": 4, "message_id": 29, "sender_username": "1111", "sender_id": 1, "text": "2", "timestamp": "2025-05-29T19:44:21.615432+07:00"}}
2025-05-29 19:44:22,039 - SocketHandler - INFO - Получено полное сообщение от сервера: {"type": "incoming_chat_message", "payload": {"chat_id": 4, "message_id": 30, "sender_username": "1111", "sender_id": 1, "text": "2", "timestamp": "2025-05-29T19:44:21.849059+07:00"}}
2025-05-29 19:44:22,250 - SocketHandler - INFO - Получено полное сообщение от сервера: {"type": "incoming_chat_message", "payload": {"chat_id": 4, "message_id": 31, "sender_username": "1111", "sender_id": 1, "text": "2", "timestamp": "2025-05-29T19:44:22.039008+07:00"}}
2025-05-29 19:44:22,439 - SocketHandler - INFO - Получено полное сообщение от сервера: {"type": "incoming_chat_message", "payload": {"chat_id": 4, "message_id": 32, "sender_username": "1111", "sender_id": 1, "text": "2", "timestamp": "2025-05-29T19:44:22.249937+07:00"}}
2025-05-29 19:44:22,648 - SocketHandler - INFO - Получено полное сообщение от сервера: {"type": "incoming_chat_message", "payload": {"chat_id": 4, "message_id": 33, "sender_username": "1111", "sender_id": 1, "text": "2", "timestamp": "2025-05-29T19:44:22.438984+07:00"}}
2025-05-29 19:44:23,193 - SocketHandler - INFO - Получено полное сообщение от сервера: {"type": "incoming_chat_message", "payload": {"chat_id": 4, "message_id": 34, "sender_username": "1111", "sender_id": 1, "text": "3", "timestamp": "2025-05-29T19:44:22.647700+07:00"}}
2025-05-29 19:44:23,410 - SocketHandler - INFO - Получено полное сообщение от сервера: {"type": "incoming_chat_message", "payload": {"chat_id": 4, "message_id": 35, "sender_username": "1111", "sender_id": 1, "text": "3", "timestamp": "2025-05-29T19:44:23.193158+07:00"}}
2025-05-29 19:44:23,641 - SocketHandler - INFO - Получено полное сообщение от сервера: {"type": "incoming_chat_message", "payload": {"chat_id": 4, "message_id": 36, "sender_username": "1111", "sender_id": 1, "text": "3", "timestamp": "2025-05-29T19:44:23.409590+07:00"}}
2025-05-29 19:44:26,690 - SocketHandler - INFO - Получено полное сообщение от сервера: {"type": "incoming_chat_message", "payload": {"chat_id": 4, "message_id": 37, "sender_username": "1111", "sender_id": 1, "text": "1", "timestamp": "2025-05-29T19:44:23.641003+07:00"}}
2025-05-29 19:44:26,914 - SocketHandler - INFO - Получено полное сообщение от сервера: {"type": "incoming_chat_message", "payload": {"chat_id": 4, "message_id": 38, "sender_username": "1111", "sender_id": 1, "text": "2", "timestamp": "2025-05-29T19:44:26.689820+07:00"}}
2025-05-29 19:44:27,144 - SocketHandler - INFO - Получено полное сообщение от сервера: {"type": "incoming_chat_message", "payload": {"chat_id": 4, "message_id": 39, "sender_username": "1111", "sender_id": 1, "text": "3", "timestamp": "2025-05-29T19:44:26.914124+07:00"}}
2025-05-29 19:44:49,887 - SocketHandler - INFO - Получено полное сообщение от сервера: {"type": "incoming_chat_message", "payload": {"chat_id": 4, "message_id": 40, "sender_username": "1111", "sender_id": 1, "text": "фывфв", "timestamp": "2025-05-29T19:44:27.144142+07:00"}}
2025-05-29 19:44:51,407 - SocketHandler - INFO - Получено полное сообщение от сервера: {"type": "incoming_chat_message", "payload": {"chat_id": 4, "message_id": 41, "sender_username": "2222", "sender_id": 2, "text": "111", "timestamp": "2025-05-29T19:32:07.160596+07:00"}}
2025-05-29 19:44:53,546 - SocketHandler - DEBUG - Отправлено: {"type": "send_message_to_chat", "payload": {"chat_id": 4, "text": "2222"}}
2025-05-29 20:03:23,209 - SocketHandler - DEBUG - Отправлено: {"type": "request_chat_list", "payload": {}}
2025-05-29 20:03:23,212 - SocketHandler - INFO - Получено полное сообщение от сервера: {"type": "chat_list_response", "payload": {"chats": [{"chat_id": 4, "chat_type": "group", "chat_name": "ppppppppp", "last_message_at": "2025-05-29T19:32:43.247986+07:00", "last_message_text": "фывфв", "other_user_id": null, "other_username": null, "unread_count": 0}]}}
2025-05-29 20:03:43,074 - SocketHandler - DEBUG - Отправлено: {"type": "request_chat_list", "payload": {}}
2025-05-29 20:03:43,076 - SocketHandler - INFO - Получено полное сообщение от сервера: {"type": "chat_list_response", "payload": {"chats": [{"chat_id": 4, "chat_type": "group", "chat_name": "ppppppppp", "last_message_at": "2025-05-29T19:32:43.247986+07:00", "last_message_text": "фывфв", "other_user_id": null, "other_username": null, "unread_count": 0}]}}
2025-05-29 20:04:39,625 - SocketHandler - DEBUG - Отправлено: {"type": "request_chat_list", "payload": {}}
2025-05-29 20:04:39,628 - SocketHandler - INFO - Получено полное сообщение от сервера: {"type": "chat_list_response", "payload": {"chats": [{"chat_id": 4, "chat_type": "group", "chat_name": "ppppppppp", "last_message_at": "2025-05-29T19:32:43.247986+07:00", "last_message_text": "фывфв", "other_user_id": null, "other_username": null, "unread_count": 0}]}}
2025-05-29 20:04:47,105 - SocketHandler - DEBUG - Отправлено: {"type": "request_chat_list", "payload": {}}
2025-05-29 20:04:47,108 - SocketHandler - INFO - Получено полное сообщение от сервера: {"type": "chat_list_response", "payload": {"chats": [{"chat_id": 4, "chat_type": "group", "chat_name": "ppppppppp", "last_message_at": "2025-05-29T19:32:43.247986+07:00", "last_message_text": "фывфв", "other_user_id": null, "other_username": null, "unread_count": 0}]}}
2025-05-29 20:05:15,105 - SocketHandler - DEBUG - Отправлено: {"type": "request_chat_list", "payload": {}}
2025-05-29 20:05:15,107 - SocketHandler - INFO - Получено полное сообщение от сервера: {"type": "chat_list_response", "payload": {"chats": [{"chat_id": 4, "chat_type": "group", "chat_name": "ppppppppp", "last_message_at": "2025-05-29T19:32:43.247986+07:00", "last_message_text": "фывфв", "other_user_id": null, "other_username": null, "unread_count": 0}, {"chat_id": 5, "chat_type": "group", "chat_name": "аа", "last_message_at": null, "last_message_text": "Нет сообщений", "other_user_id": null, "other_username": null, "unread_count": 0}]}}
2025-05-29 20:05:16,114 - SocketHandler - DEBUG - Отправлено: {"type": "request_chat_history", "payload": {"chat_id": 5}}
2025-05-29 20:05:16,120 - SocketHandler - INFO - Получено полное сообщение от сервера: {"type": "chat_history", "payload": {"chat_id": 5, "messages": []}}
2025-05-29 20:05:22,207 - SocketHandler - INFO - Получено полное сообщение от сервера: {"type": "incoming_chat_message", "payload": {"chat_id": 5, "message_id": 53, "sender_username": "1111", "sender_id": 1, "text": "0", "timestamp": "2025-05-29T20:05:12.990443+07:00"}}
2025-05-29 20:05:24,172 - SocketHandler - INFO - Получено полное сообщение от сервера: {"type": "incoming_chat_message", "payload": {"chat_id": 5, "message_id": 54, "sender_username": "1111", "sender_id": 1, "text": "1", "timestamp": "2025-05-29T20:05:22.207138+07:00"}}
2025-05-29 20:05:24,478 - SocketHandler - INFO - Получено полное сообщение от сервера: {"type": "incoming_chat_message", "payload": {"chat_id": 5, "message_id": 55, "sender_username": "1111", "sender_id": 1, "text": "2", "timestamp": "2025-05-29T20:05:24.172125+07:00"}}
2025-05-29 20:05:24,783 - SocketHandler - INFO - Получено полное сообщение от сервера: {"type": "incoming_chat_message", "payload": {"chat_id": 5, "message_id": 56, "sender_username": "1111", "sender_id": 1, "text": "3", "timestamp": "2025-05-29T20:05:24.478298+07:00"}}
2025-05-29 20:05:25,102 - SocketHandler - INFO - Получено полное сообщение от сервера: {"type": "incoming_chat_message", "payload": {"chat_id": 5, "message_id": 57, "sender_username": "1111", "sender_id": 1, "text": "4", "timestamp": "2025-05-29T20:05:24.782694+07:00"}}
2025-05-29 20:05:25,438 - SocketHandler - INFO - Получено полное сообщение от сервера: {"type": "incoming_chat_message", "payload": {"chat_id": 5, "message_id": 58, "sender_username": "1111", "sender_id": 1, "text": "5", "timestamp": "2025-05-29T20:05:25.101760+07:00"}}
2025-05-29 20:05:25,822 - SocketHandler - INFO - Получено полное сообщение от сервера: {"type": "incoming_chat_message", "payload": {"chat_id": 5, "message_id": 59, "sender_username": "1111", "sender_id": 1, "text": "6", "timestamp": "2025-05-29T20:05:25.438385+07:00"}}
2025-05-29 20:05:27,134 - SocketHandler - INFO - Получено полное сообщение от сервера: {"type": "incoming_chat_message", "payload": {"chat_id": 5, "message_id": 60, "sender_username": "1111", "sender_id": 1, "text": "7", "timestamp": "2025-05-29T20:05:25.822284+07:00"}}
2025-05-29 20:05:31,627 - SocketHandler - DEBUG - Отправлено: {"type": "send_message_to_chat", "payload": {"chat_id": 5, "text": "8"}}
2025-05-29 20:05:32,395 - SocketHandler - DEBUG - Отправлено: {"type": "send_message_to_chat", "payload": {"chat_id": 5, "text": "9"}}
2025-05-29 20:05:33,331 - SocketHandler - DEBUG - Отправлено: {"type": "send_message_to_chat", "payload": {"chat_id": 5, "text": "10"}}
2025-05-29 20:22:59,167 - SocketHandler - INFO - Получено полное сообщение от сервера: {"type": "incoming_chat_message", "payload": {"chat_id": 5, "message_id": 64, "sender_username": "1111", "sender_id": 1, "text": "11", "timestamp": "2025-05-29T20:05:27.134583+07:00"}}
2025-05-29 20:23:00,187 - SocketHandler - INFO - Получено полное сообщение от сервера: {"type": "incoming_chat_message", "payload": {"chat_id": 5, "message_id": 65, "sender_username": "1111", "sender_id": 1, "text": "22", "timestamp": "2025-05-29T20:22:59.166650+07:00"}}
2025-05-29 20:23:01,389 - SocketHandler - INFO - Получено полное сообщение от сервера: {"type": "incoming_chat_message", "payload": {"chat_id": 5, "message_id": 66, "sender_username": "1111", "sender_id": 1, "text": "33", "timestamp": "2025-05-29T20:23:00.187342+07:00"}}
2025-05-29 20:23:03,000 - SocketHandler - DEBUG - Отправлено: {"type": "send_message_to_chat", "payload": {"chat_id": 5, "text": "44"}}
2025-05-29 20:23:05,320 - SocketHandler - DEBUG - Отправлено: {"type": "send_message_to_chat", "payload": {"chat_id": 5, "text": "55"}}
2025-05-29 20:23:06,496 - SocketHandler - DEBUG - Отправлено: {"type": "send_message_to_chat", "payload": {"chat_id": 5, "text": "66"}}
2025-05-29 20:28:29,933 - SocketHandler - INFO - Отключение от хоста...
2025-05-29 20:28:29,933 - SocketHandler - INFO - Соединение с сервером разорвано.
