2025-05-29 20:30:16,016 - MainWindow - INFO - Инициализация ChatClientWindow...
2025-05-29 20:30:16,023 - MainWindow - INFO - UI и SocketHandler для ChatClientWindow инициализированы.
2025-05-29 20:30:17,976 - MainWindow - INFO - Получен запрос на подключение к 127.0.0.1:65432 от ConnectPanel.
2025-05-29 20:30:17,979 - MainWindow - INFO - СИГНАЛ: Успешно подключено к серверу (через SocketHandler).
2025-05-29 20:30:17,979 - MainWindow - INFO - UI: Панель аутентификации. Статус: Подключено к 127.0.0.1:65432. Введите данные.
2025-05-29 20:30:20,984 - MainWindow - INFO - Попытка входа для 3333 через SocketHandler.
2025-05-29 20:30:21,146 - MainWindow - INFO - СИГНАЛ: Получен статус логина: {'message': 'Успешный вход.', 'status': 'success', 'user_id': 3, 'username': '3333'}
2025-05-29 20:30:21,147 - MainWindow - INFO - Логин успешен как 3333 (ID: 3).
2025-05-29 20:30:21,147 - MainWindow - INFO - UI: Панель списка чатов для 3333.
2025-05-29 20:30:21,147 - MainWindow - INFO - Пользователь 3333 запрашивает список чатов через SocketHandler.
2025-05-29 20:30:21,150 - MainWindow - INFO - СИГНАЛ: Получен список из 2 чатов.
2025-05-29 20:30:21,150 - MainWindow - INFO - СИГНАЛ: Получен список из 2 чатов.
2025-05-29 20:30:41,360 - MainWindow - INFO - Попытка создания группы 'ввввв' с участниками ['1111'] через SocketHandler.
2025-05-29 20:30:41,363 - MainWindow - INFO - СИГНАЛ: Получен ответ на создание группы: {'chat_id': 6, 'chat_name': 'ввввв', 'chat_type': 'group', 'message': "Группа 'ввввв' успешно создана.", 'status': 'success'}
2025-05-29 20:30:42,242 - MainWindow - INFO - Пользователь 3333 запрашивает список чатов через SocketHandler.
2025-05-29 20:30:42,242 - MainWindow - INFO - UI: Запрос на открытие чата ID 6 (ввввв).
2025-05-29 20:30:42,243 - MainWindow - INFO - Запрос истории для чата ID: 6 через SocketHandler.
2025-05-29 20:30:42,247 - MainWindow - INFO - СИГНАЛ: Получен список из 3 чатов.
2025-05-29 20:30:42,247 - MainWindow - WARNING - Получен список чатов, но панель списка чатов не активна. UI не обновлен.
2025-05-29 20:30:42,250 - MainWindow - INFO - СИГНАЛ: Получена история для чата ID 6 (0 сообщений).
