2025-05-29 18:13:26,831 - SocketHandler - INFO - SocketHandler инициализирован.
2025-05-29 18:13:34,589 - SocketHandler - INFO - Попытка подключения к 127.0.0.1:65432
2025-05-29 18:13:38,647 - SocketHandler - ERROR - Ошибка сокета: SocketError.ConnectionRefusedError - Connection refused
2025-05-29 18:14:05,965 - SocketHandler - INFO - Попытка подключения к 127.0.0.1:65432
2025-05-29 18:14:05,975 - SocketHandler - INFO - Соединение с сервером установлено.
2025-05-29 18:14:10,181 - SocketHandler - DEBUG - Отправлено: {"type": "login", "payload": {"username": "2222", "password": "2222"}}
2025-05-29 18:14:10,835 - SocketHandler - INFO - Получено полное сообщение от сервера: {"type": "login_status", "payload": {"status": "success", "message": "Успешный вход.", "username": "2222", "user_id": 2}}
2025-05-29 18:14:10,835 - SocketHandler - DEBUG - Отправлено: {"type": "request_chat_list", "payload": {}}
2025-05-29 18:14:10,853 - SocketHandler - INFO - Получено полное сообщение от сервера: {"type": "chat_list_response", "payload": {"chats": [{"chat_id": 1, "chat_type": "direct", "chat_name": "1111", "last_message_at": "2025-05-29T03:16:41.730885+07:00", "last_message_text": "111", "other_user_id": 1, "other_username": "1111", "unread_count": 0}]}}
2025-05-29 18:14:10,938 - SocketHandler - INFO - Получено полное сообщение от сервера: {"type": "chat_list_response", "payload": {"chats": [{"chat_id": 1, "chat_type": "direct", "chat_name": "1111", "last_message_at": "2025-05-29T03:16:41.730885+07:00", "last_message_text": "111", "other_user_id": 1, "other_username": "1111", "unread_count": 0}]}}
2025-05-29 18:14:14,261 - SocketHandler - DEBUG - Отправлено: {"type": "request_chat_history", "payload": {"chat_id": 1}}
2025-05-29 18:14:14,264 - SocketHandler - INFO - Получено полное сообщение от сервера: {"type": "chat_history", "payload": {"chat_id": 1, "messages": [{"message_id": 1, "sender_username": "2222", "sender_id": 2, "text": "132", "timestamp": "2025-05-29T01:23:41.159331+07:00"}, {"message_id": 2, "sender_username": "1111", "sender_id": 1, "text": "13", "timestamp": "2025-05-29T01:30:40.887900+07:00"}, {"message_id": 3, "sender_username": "1111", "sender_id": 1, "text": "123", "timestamp": "2025-05-29T01:52:09.014815+07:00"}, {"message_id": 6, "sender_username": "1111", "sender_id": 1, "text": "отправка не убирается тварь", "timestamp": "2025-05-29T03:11:35.634702+07:00"}, {"message_id": 4, "sender_username": "2222", "sender_id": 2, "text": "АХАХАХХАХАХА", "timestamp": "2025-05-29T03:13:12.130367+07:00"}, {"message_id": 5, "sender_username": "2222", "sender_id": 2, "text": "а щас", "timestamp": "2025-05-29T03:13:27.444301+07:00"}, {"message_id": 8, "sender_username": "2222", "sender_id": 2, "text": "странно", "timestamp": "2025-05-29T03:16:04.738908+07:00"}, {"message_id": 7, "sender_username": "1111", "sender_id": 1, "text": "нук", "timestamp": "2025-05-29T03:16:13.422549+07:00"}, {"message_id": 9, "sender_username": "1111", "sender_id": 1, "text": "111", "timestamp": "2025-05-29T03:16:41.730885+07:00"}]}}
2025-05-29 18:15:11,922 - SocketHandler - INFO - Получено полное сообщение от сервера: {"type": "incoming_chat_message", "payload": {"chat_id": 1, "message_id": 10, "sender_username": "1111", "sender_id": 1, "text": "ццц", "timestamp": "2025-05-29T18:15:03.991167+07:00"}}
2025-05-29 18:15:11,923 - SocketHandler - DEBUG - Отправлено: {"type": "request_chat_list", "payload": {}}
2025-05-29 18:15:11,925 - SocketHandler - INFO - Получено полное сообщение от сервера: {"type": "chat_list_response", "payload": {"chats": [{"chat_id": 1, "chat_type": "direct", "chat_name": "1111", "last_message_at": "2025-05-29T18:15:03.991167+07:00", "last_message_text": "ццц", "other_user_id": 1, "other_username": "1111", "unread_count": 0}]}}
2025-05-29 18:15:13,827 - SocketHandler - INFO - Получено полное сообщение от сервера: {"type": "incoming_chat_message", "payload": {"chat_id": 1, "message_id": 11, "sender_username": "1111", "sender_id": 1, "text": "222", "timestamp": "2025-05-29T18:15:11.922173+07:00"}}
2025-05-29 18:15:13,827 - SocketHandler - DEBUG - Отправлено: {"type": "request_chat_list", "payload": {}}
2025-05-29 18:15:13,829 - SocketHandler - INFO - Получено полное сообщение от сервера: {"type": "chat_list_response", "payload": {"chats": [{"chat_id": 1, "chat_type": "direct", "chat_name": "1111", "last_message_at": "2025-05-29T18:15:11.922173+07:00", "last_message_text": "222", "other_user_id": 1, "other_username": "1111", "unread_count": 0}]}}
2025-05-29 18:15:16,429 - SocketHandler - DEBUG - Отправлено: {"type": "request_chat_list", "payload": {}}
2025-05-29 18:15:16,431 - SocketHandler - INFO - Получено полное сообщение от сервера: {"type": "chat_list_response", "payload": {"chats": [{"chat_id": 1, "chat_type": "direct", "chat_name": "1111", "last_message_at": "2025-05-29T18:15:11.922173+07:00", "last_message_text": "222", "other_user_id": 1, "other_username": "1111", "unread_count": 0}]}}
2025-05-29 18:15:17,333 - SocketHandler - DEBUG - Отправлено: {"type": "request_chat_history", "payload": {"chat_id": 1}}
2025-05-29 18:15:17,335 - SocketHandler - INFO - Получено полное сообщение от сервера: {"type": "chat_history", "payload": {"chat_id": 1, "messages": [{"message_id": 1, "sender_username": "2222", "sender_id": 2, "text": "132", "timestamp": "2025-05-29T01:23:41.159331+07:00"}, {"message_id": 2, "sender_username": "1111", "sender_id": 1, "text": "13", "timestamp": "2025-05-29T01:30:40.887900+07:00"}, {"message_id": 3, "sender_username": "1111", "sender_id": 1, "text": "123", "timestamp": "2025-05-29T01:52:09.014815+07:00"}, {"message_id": 6, "sender_username": "1111", "sender_id": 1, "text": "отправка не убирается тварь", "timestamp": "2025-05-29T03:11:35.634702+07:00"}, {"message_id": 4, "sender_username": "2222", "sender_id": 2, "text": "АХАХАХХАХАХА", "timestamp": "2025-05-29T03:13:12.130367+07:00"}, {"message_id": 5, "sender_username": "2222", "sender_id": 2, "text": "а щас", "timestamp": "2025-05-29T03:13:27.444301+07:00"}, {"message_id": 8, "sender_username": "2222", "sender_id": 2, "text": "странно", "timestamp": "2025-05-29T03:16:04.738908+07:00"}, {"message_id": 7, "sender_username": "1111", "sender_id": 1, "text": "нук", "timestamp": "2025-05-29T03:16:13.422549+07:00"}, {"message_id": 9, "sender_username": "1111", "sender_id": 1, "text": "111", "timestamp": "2025-05-29T03:16:41.730885+07:00"}, {"message_id": 10, "sender_username": "1111", "sender_id": 1, "text": "ццц", "timestamp": "2025-05-29T18:15:03.991167+07:00"}, {"message_id": 11, "sender_username": "1111", "sender_id": 1, "text": "222", "timestamp": "2025-05-29T18:15:11.922173+07:00"}]}}
2025-05-29 18:15:39,418 - SocketHandler - INFO - Получено полное сообщение от сервера: {"type": "incoming_chat_message", "payload": {"chat_id": 1, "message_id": 12, "sender_username": "1111", "sender_id": 1, "text": "уййй", "timestamp": "2025-05-29T18:15:13.827114+07:00"}}
2025-05-29 18:15:39,418 - SocketHandler - DEBUG - Отправлено: {"type": "request_chat_list", "payload": {}}
2025-05-29 18:15:39,420 - SocketHandler - INFO - Получено полное сообщение от сервера: {"type": "chat_list_response", "payload": {"chats": [{"chat_id": 1, "chat_type": "direct", "chat_name": "1111", "last_message_at": "2025-05-29T18:15:13.827114+07:00", "last_message_text": "уййй", "other_user_id": 1, "other_username": "1111", "unread_count": 0}]}}
2025-05-29 18:15:44,797 - SocketHandler - DEBUG - Отправлено: {"type": "request_chat_list", "payload": {}}
2025-05-29 18:15:44,799 - SocketHandler - INFO - Получено полное сообщение от сервера: {"type": "chat_list_response", "payload": {"chats": [{"chat_id": 1, "chat_type": "direct", "chat_name": "1111", "last_message_at": "2025-05-29T18:15:13.827114+07:00", "last_message_text": "уййй", "other_user_id": 1, "other_username": "1111", "unread_count": 0}]}}
2025-05-29 18:15:46,093 - SocketHandler - DEBUG - Отправлено: {"type": "request_chat_history", "payload": {"chat_id": 1}}
2025-05-29 18:15:46,095 - SocketHandler - INFO - Получено полное сообщение от сервера: {"type": "chat_history", "payload": {"chat_id": 1, "messages": [{"message_id": 1, "sender_username": "2222", "sender_id": 2, "text": "132", "timestamp": "2025-05-29T01:23:41.159331+07:00"}, {"message_id": 2, "sender_username": "1111", "sender_id": 1, "text": "13", "timestamp": "2025-05-29T01:30:40.887900+07:00"}, {"message_id": 3, "sender_username": "1111", "sender_id": 1, "text": "123", "timestamp": "2025-05-29T01:52:09.014815+07:00"}, {"message_id": 6, "sender_username": "1111", "sender_id": 1, "text": "отправка не убирается тварь", "timestamp": "2025-05-29T03:11:35.634702+07:00"}, {"message_id": 4, "sender_username": "2222", "sender_id": 2, "text": "АХАХАХХАХАХА", "timestamp": "2025-05-29T03:13:12.130367+07:00"}, {"message_id": 5, "sender_username": "2222", "sender_id": 2, "text": "а щас", "timestamp": "2025-05-29T03:13:27.444301+07:00"}, {"message_id": 8, "sender_username": "2222", "sender_id": 2, "text": "странно", "timestamp": "2025-05-29T03:16:04.738908+07:00"}, {"message_id": 7, "sender_username": "1111", "sender_id": 1, "text": "нук", "timestamp": "2025-05-29T03:16:13.422549+07:00"}, {"message_id": 9, "sender_username": "1111", "sender_id": 1, "text": "111", "timestamp": "2025-05-29T03:16:41.730885+07:00"}, {"message_id": 10, "sender_username": "1111", "sender_id": 1, "text": "ццц", "timestamp": "2025-05-29T18:15:03.991167+07:00"}, {"message_id": 11, "sender_username": "1111", "sender_id": 1, "text": "222", "timestamp": "2025-05-29T18:15:11.922173+07:00"}, {"message_id": 12, "sender_username": "1111", "sender_id": 1, "text": "уййй", "timestamp": "2025-05-29T18:15:13.827114+07:00"}]}}
2025-05-29 18:15:47,501 - SocketHandler - DEBUG - Отправлено: {"type": "request_chat_list", "payload": {}}
2025-05-29 18:15:47,503 - SocketHandler - INFO - Получено полное сообщение от сервера: {"type": "chat_list_response", "payload": {"chats": [{"chat_id": 1, "chat_type": "direct", "chat_name": "1111", "last_message_at": "2025-05-29T18:15:13.827114+07:00", "last_message_text": "уййй", "other_user_id": 1, "other_username": "1111", "unread_count": 0}]}}
2025-05-29 18:15:53,786 - SocketHandler - INFO - Получено полное сообщение от сервера: {"type": "incoming_chat_message", "payload": {"chat_id": 1, "message_id": 13, "sender_username": "1111", "sender_id": 1, "text": "123", "timestamp": "2025-05-29T18:15:39.418037+07:00"}}
2025-05-29 18:15:53,786 - SocketHandler - DEBUG - Отправлено: {"type": "request_chat_list", "payload": {}}
2025-05-29 18:15:53,788 - SocketHandler - INFO - Получено полное сообщение от сервера: {"type": "chat_list_response", "payload": {"chats": [{"chat_id": 1, "chat_type": "direct", "chat_name": "1111", "last_message_at": "2025-05-29T18:15:39.418037+07:00", "last_message_text": "123", "other_user_id": 1, "other_username": "1111", "unread_count": 0}]}}
2025-05-29 18:15:57,825 - SocketHandler - INFO - Получено полное сообщение от сервера: {"type": "incoming_chat_message", "payload": {"chat_id": 1, "message_id": 14, "sender_username": "1111", "sender_id": 1, "text": "123132", "timestamp": "2025-05-29T18:15:53.786141+07:00"}}
2025-05-29 18:15:57,825 - SocketHandler - DEBUG - Отправлено: {"type": "request_chat_list", "payload": {}}
2025-05-29 18:15:57,826 - SocketHandler - INFO - Получено полное сообщение от сервера: {"type": "chat_list_response", "payload": {"chats": [{"chat_id": 1, "chat_type": "direct", "chat_name": "1111", "last_message_at": "2025-05-29T18:15:53.786141+07:00", "last_message_text": "123132", "other_user_id": 1, "other_username": "1111", "unread_count": 0}]}}
2025-05-29 18:15:59,525 - SocketHandler - DEBUG - Отправлено: {"type": "request_chat_list", "payload": {}}
2025-05-29 18:15:59,526 - SocketHandler - INFO - Получено полное сообщение от сервера: {"type": "chat_list_response", "payload": {"chats": [{"chat_id": 1, "chat_type": "direct", "chat_name": "1111", "last_message_at": "2025-05-29T18:15:53.786141+07:00", "last_message_text": "123132", "other_user_id": 1, "other_username": "1111", "unread_count": 0}]}}
2025-05-29 18:16:04,006 - SocketHandler - INFO - Отключение от хоста...
2025-05-29 18:16:04,006 - SocketHandler - INFO - Соединение с сервером разорвано.
