2025-05-29 20:29:58,682 - MainWindow - INFO - Инициализация ChatClientWindow...
2025-05-29 20:29:58,717 - MainWindow - INFO - UI и SocketHandler для ChatClientWindow инициализированы.
2025-05-29 20:30:00,552 - MainWindow - INFO - Получен запрос на подключение к 127.0.0.1:65432 от ConnectPanel.
2025-05-29 20:30:00,555 - MainWindow - INFO - СИГНАЛ: Успешно подключено к серверу (через SocketHandler).
2025-05-29 20:30:00,555 - MainWindow - INFO - UI: Панель аутентификации. Статус: Подключено к 127.0.0.1:65432. Введите данные.
2025-05-29 20:30:07,920 - MainWindow - INFO - Попытка входа для 1111 через SocketHandler.
2025-05-29 20:30:08,086 - MainWindow - INFO - СИГНАЛ: Получен статус логина: {'message': 'Успешный вход.', 'status': 'success', 'user_id': 1, 'username': '1111'}
2025-05-29 20:30:08,086 - MainWindow - INFO - Логин успешен как 1111 (ID: 1).
2025-05-29 20:30:08,087 - MainWindow - INFO - UI: Панель списка чатов для 1111.
2025-05-29 20:30:08,087 - MainWindow - INFO - Пользователь 1111 запрашивает список чатов через SocketHandler.
2025-05-29 20:30:08,089 - MainWindow - INFO - СИГНАЛ: Получен список из 5 чатов.
2025-05-29 20:30:08,090 - MainWindow - INFO - СИГНАЛ: Получен список из 5 чатов.
2025-05-29 20:30:43,000 - MainWindow - INFO - Пользователь 1111 запрашивает список чатов через SocketHandler.
2025-05-29 20:30:43,002 - MainWindow - INFO - СИГНАЛ: Получен список из 6 чатов.
2025-05-29 20:30:45,600 - MainWindow - INFO - Выбран чат из списка (панель): {'chat_id': 6, 'chat_name': 'ввввв', 'chat_type': 'group', 'last_message_at': None, 'last_message_text': 'Нет сообщений', 'other_user_id': None, 'other_username': None, 'unread_count': 0}
2025-05-29 20:30:45,600 - MainWindow - INFO - UI: Запрос на открытие чата ID 6 (ввввв).
2025-05-29 20:30:45,601 - MainWindow - INFO - Запрос истории для чата ID: 6 через SocketHandler.
2025-05-29 20:30:45,604 - MainWindow - INFO - СИГНАЛ: Получена история для чата ID 6 (0 сообщений).
2025-05-29 20:30:48,216 - MainWindow - INFO - UI: Панель списка чатов для 1111.
2025-05-29 20:30:48,216 - MainWindow - INFO - Пользователь 1111 запрашивает список чатов через SocketHandler.
2025-05-29 20:30:48,220 - MainWindow - INFO - СИГНАЛ: Получен список из 6 чатов.
2025-05-29 20:30:49,920 - MainWindow - INFO - Выбран чат из списка (панель): {'chat_id': 6, 'chat_name': 'ввввв', 'chat_type': 'group', 'last_message_at': None, 'last_message_text': 'Нет сообщений', 'other_user_id': None, 'other_username': None, 'unread_count': 0}
2025-05-29 20:30:49,920 - MainWindow - INFO - UI: Запрос на открытие чата ID 6 (ввввв).
2025-05-29 20:30:49,920 - MainWindow - INFO - Запрос истории для чата ID: 6 через SocketHandler.
2025-05-29 20:30:49,923 - MainWindow - INFO - СИГНАЛ: Получена история для чата ID 6 (0 сообщений).
2025-05-29 20:30:54,910 - MainWindow - INFO - Отправка сообщения в чат ID 6 (для ввввв): 1 через SocketHandler.
2025-05-29 20:30:55,002 - MainWindow - WARNING - СИГНАЛ: Уведомление об ошибке от сервера: Ошибка сервера: сообщение не сохранено.
2025-05-29 20:30:55,310 - MainWindow - INFO - Отправка сообщения в чат ID 6 (для ввввв): 2 через SocketHandler.
2025-05-29 20:30:55,314 - MainWindow - WARNING - СИГНАЛ: Уведомление об ошибке от сервера: Ошибка сервера: сообщение не сохранено.
