2025-05-29 19:30:45,128 - MainWindow - INFO - Инициализация ChatClientWindow...
2025-05-29 19:30:45,136 - MainWindow - INFO - UI и SocketHandler для ChatClientWindow инициализированы.
2025-05-29 19:30:47,443 - MainWindow - INFO - Получен запрос на подключение к 127.0.0.1:65432 от ConnectPanel.
2025-05-29 19:30:47,446 - MainWindow - INFO - СИГНАЛ: Успешно подключено к серверу (через SocketHandler).
2025-05-29 19:30:47,446 - MainWindow - INFO - UI: Панель аутентификации. Статус: Подключено к 127.0.0.1:65432. Введите данные.
2025-05-29 19:30:49,874 - MainWindow - INFO - Попытка входа для 2222 через SocketHandler.
2025-05-29 19:30:50,037 - MainWindow - INFO - СИГНАЛ: Получен статус логина: {'message': 'Успешный вход.', 'status': 'success', 'user_id': 2, 'username': '2222'}
2025-05-29 19:30:50,037 - MainWindow - INFO - Логин успешен как 2222 (ID: 2).
2025-05-29 19:30:50,038 - MainWindow - INFO - UI: Панель списка чатов для 2222.
2025-05-29 19:30:50,038 - MainWindow - INFO - Пользователь 2222 запрашивает список чатов через SocketHandler.
2025-05-29 19:30:50,041 - MainWindow - INFO - СИГНАЛ: Получен список из 2 чатов.
2025-05-29 19:30:50,041 - MainWindow - INFO - СИГНАЛ: Получен список из 2 чатов.
2025-05-29 19:30:51,962 - MainWindow - INFO - Выбран чат из списка (панель): {'chat_id': 3, 'chat_name': 'uganda', 'chat_type': 'group', 'last_message_at': None, 'last_message_text': 'Нет сообщений', 'other_user_id': None, 'other_username': None, 'unread_count': 0}
2025-05-29 19:30:51,962 - MainWindow - INFO - UI: Запрос на открытие чата ID 3 (uganda).
2025-05-29 19:30:51,964 - MainWindow - INFO - Запрос истории для чата ID: 3 через SocketHandler.
2025-05-29 19:30:51,967 - MainWindow - INFO - СИГНАЛ: Получена история для чата ID 3 (0 сообщений).
2025-05-29 19:31:51,891 - MainWindow - INFO - UI: Панель списка чатов для 2222.
2025-05-29 19:31:51,891 - MainWindow - INFO - Пользователь 2222 запрашивает список чатов через SocketHandler.
2025-05-29 19:31:51,893 - MainWindow - INFO - СИГНАЛ: Получен список из 3 чатов.
2025-05-29 19:31:53,962 - MainWindow - INFO - Выбран чат из списка (панель): {'chat_id': 4, 'chat_name': 'ppppppppp', 'chat_type': 'group', 'last_message_at': None, 'last_message_text': 'Нет сообщений', 'other_user_id': None, 'other_username': None, 'unread_count': 0}
2025-05-29 19:31:53,963 - MainWindow - INFO - UI: Запрос на открытие чата ID 4 (ppppppppp).
2025-05-29 19:31:53,963 - MainWindow - INFO - Запрос истории для чата ID: 4 через SocketHandler.
2025-05-29 19:31:53,966 - MainWindow - INFO - СИГНАЛ: Получена история для чата ID 4 (0 сообщений).
2025-05-29 19:31:58,531 - MainWindow - INFO - СИГНАЛ: Входящее сообщение в чат ID 4 от 3333: 123
2025-05-29 19:32:02,090 - MainWindow - INFO - СИГНАЛ: Входящее сообщение в чат ID 4 от 1111: yjhv
2025-05-29 19:32:07,155 - MainWindow - INFO - Отправка сообщения в чат ID 4 (для ppppppppp): норм через SocketHandler.
2025-05-29 19:32:43,248 - MainWindow - INFO - СИГНАЛ: Входящее сообщение в чат ID 4 от 3333: яё
2025-05-29 19:44:19,675 - MainWindow - INFO - СИГНАЛ: Входящее сообщение в чат ID 4 от 1111: 1
2025-05-29 19:44:19,881 - MainWindow - INFO - СИГНАЛ: Входящее сообщение в чат ID 4 от 1111: 1
2025-05-29 19:44:20,072 - MainWindow - INFO - СИГНАЛ: Входящее сообщение в чат ID 4 от 1111: 1
2025-05-29 19:44:20,263 - MainWindow - INFO - СИГНАЛ: Входящее сообщение в чат ID 4 от 1111: 1
2025-05-29 19:44:20,457 - MainWindow - INFO - СИГНАЛ: Входящее сообщение в чат ID 4 от 1111: 1
2025-05-29 19:44:20,664 - MainWindow - INFO - СИГНАЛ: Входящее сообщение в чат ID 4 от 1111: 1
2025-05-29 19:44:20,952 - MainWindow - INFO - СИГНАЛ: Входящее сообщение в чат ID 4 от 1111: 1
2025-05-29 19:44:21,615 - MainWindow - INFO - СИГНАЛ: Входящее сообщение в чат ID 4 от 1111: 2
2025-05-29 19:44:21,849 - MainWindow - INFO - СИГНАЛ: Входящее сообщение в чат ID 4 от 1111: 2
2025-05-29 19:44:22,039 - MainWindow - INFO - СИГНАЛ: Входящее сообщение в чат ID 4 от 1111: 2
2025-05-29 19:44:22,250 - MainWindow - INFO - СИГНАЛ: Входящее сообщение в чат ID 4 от 1111: 2
2025-05-29 19:44:22,439 - MainWindow - INFO - СИГНАЛ: Входящее сообщение в чат ID 4 от 1111: 2
2025-05-29 19:44:22,648 - MainWindow - INFO - СИГНАЛ: Входящее сообщение в чат ID 4 от 1111: 2
2025-05-29 19:44:23,193 - MainWindow - INFO - СИГНАЛ: Входящее сообщение в чат ID 4 от 1111: 3
2025-05-29 19:44:23,410 - MainWindow - INFO - СИГНАЛ: Входящее сообщение в чат ID 4 от 1111: 3
2025-05-29 19:44:23,641 - MainWindow - INFO - СИГНАЛ: Входящее сообщение в чат ID 4 от 1111: 3
2025-05-29 19:44:26,690 - MainWindow - INFO - СИГНАЛ: Входящее сообщение в чат ID 4 от 1111: 1
2025-05-29 19:44:26,914 - MainWindow - INFO - СИГНАЛ: Входящее сообщение в чат ID 4 от 1111: 2
2025-05-29 19:44:27,144 - MainWindow - INFO - СИГНАЛ: Входящее сообщение в чат ID 4 от 1111: 3
2025-05-29 19:44:29,650 - MainWindow - INFO - UI: Панель списка чатов для 2222.
2025-05-29 19:44:29,650 - MainWindow - INFO - Пользователь 2222 запрашивает список чатов через SocketHandler.
2025-05-29 19:44:29,654 - MainWindow - INFO - СИГНАЛ: Получен список из 3 чатов.
2025-05-29 19:44:36,698 - MainWindow - INFO - Выбран чат из списка (панель): {'chat_id': 4, 'chat_name': 'ppppppppp', 'chat_type': 'group', 'last_message_at': '2025-05-29T19:44:26.914124+07:00', 'last_message_text': '3', 'other_user_id': None, 'other_username': None, 'unread_count': 0}
2025-05-29 19:44:36,698 - MainWindow - INFO - UI: Запрос на открытие чата ID 4 (ppppppppp).
2025-05-29 19:44:36,699 - MainWindow - INFO - Запрос истории для чата ID: 4 через SocketHandler.
2025-05-29 19:44:36,701 - MainWindow - INFO - СИГНАЛ: Получена история для чата ID 4 (23 сообщений).
2025-05-29 19:44:49,887 - MainWindow - INFO - СИГНАЛ: Входящее сообщение в чат ID 4 от 1111: фывфв
2025-05-29 19:44:51,402 - MainWindow - INFO - Отправка сообщения в чат ID 4 (для ppppppppp): 111 через SocketHandler.
2025-05-29 19:44:53,551 - MainWindow - INFO - СИГНАЛ: Входящее сообщение в чат ID 4 от 3333: 2222
2025-05-29 20:02:17,081 - MainWindow - INFO - UI: Панель списка чатов для 2222.
2025-05-29 20:02:17,081 - MainWindow - INFO - Пользователь 2222 запрашивает список чатов через SocketHandler.
2025-05-29 20:02:17,085 - MainWindow - INFO - СИГНАЛ: Получен список из 3 чатов.
2025-05-29 20:02:34,537 - MainWindow - INFO - Выбран чат из списка (панель): {'chat_id': 1, 'chat_name': '1111', 'chat_type': 'direct', 'last_message_at': '2025-05-29T18:57:05.111067+07:00', 'last_message_text': '12', 'other_user_id': 1, 'other_username': '1111', 'unread_count': 0}
2025-05-29 20:02:34,537 - MainWindow - INFO - UI: Запрос на открытие чата ID 1 (1111).
2025-05-29 20:02:34,538 - MainWindow - INFO - Запрос истории для чата ID: 1 через SocketHandler.
2025-05-29 20:02:34,541 - MainWindow - INFO - СИГНАЛ: Получена история для чата ID 1 (15 сообщений).
2025-05-29 20:02:39,259 - MainWindow - INFO - СИГНАЛ: Входящее сообщение в чат ID 1 от 1111: 1
2025-05-29 20:02:39,572 - MainWindow - INFO - СИГНАЛ: Входящее сообщение в чат ID 1 от 1111: 2
2025-05-29 20:02:39,754 - MainWindow - INFO - СИГНАЛ: Входящее сообщение в чат ID 1 от 1111: 3
2025-05-29 20:02:40,846 - MainWindow - INFO - СИГНАЛ: Входящее сообщение в чат ID 1 от 1111: 4
2025-05-29 20:02:41,089 - MainWindow - INFO - СИГНАЛ: Входящее сообщение в чат ID 1 от 1111: 5
2025-05-29 20:02:41,521 - MainWindow - INFO - СИГНАЛ: Входящее сообщение в чат ID 1 от 1111: 6
2025-05-29 20:02:46,553 - MainWindow - INFO - UI: Панель списка чатов для 2222.
2025-05-29 20:02:46,553 - MainWindow - INFO - Пользователь 2222 запрашивает список чатов через SocketHandler.
2025-05-29 20:02:46,557 - MainWindow - INFO - СИГНАЛ: Получен список из 3 чатов.
2025-05-29 20:02:47,465 - MainWindow - INFO - Выбран чат из списка (панель): {'chat_id': 1, 'chat_name': '1111', 'chat_type': 'direct', 'last_message_at': '2025-05-29T20:02:41.088564+07:00', 'last_message_text': '6', 'other_user_id': 1, 'other_username': '1111', 'unread_count': 0}
2025-05-29 20:02:47,465 - MainWindow - INFO - UI: Запрос на открытие чата ID 1 (1111).
2025-05-29 20:02:47,466 - MainWindow - INFO - Запрос истории для чата ID: 1 через SocketHandler.
2025-05-29 20:02:47,468 - MainWindow - INFO - СИГНАЛ: Получена история для чата ID 1 (21 сообщений).
2025-05-29 20:02:54,024 - MainWindow - INFO - Отправка сообщения в чат ID 1 (для 1111): 1 2 3 4 5 6 через SocketHandler.
2025-05-29 20:02:56,664 - MainWindow - INFO - Отправка сообщения в чат ID 1 (для 1111): 1 через SocketHandler.
2025-05-29 20:02:56,952 - MainWindow - INFO - Отправка сообщения в чат ID 1 (для 1111): 2 через SocketHandler.
2025-05-29 20:02:57,240 - MainWindow - INFO - Отправка сообщения в чат ID 1 (для 1111): 3 через SocketHandler.
2025-05-29 20:03:06,233 - MainWindow - INFO - UI: Панель списка чатов для 2222.
2025-05-29 20:03:06,234 - MainWindow - INFO - Пользователь 2222 запрашивает список чатов через SocketHandler.
2025-05-29 20:03:06,237 - MainWindow - INFO - СИГНАЛ: Получен список из 3 чатов.
2025-05-29 20:28:29,146 - MainWindow - INFO - Окно клиента закрывается. Отключение от сервера через SocketHandler.
2025-05-29 20:28:29,147 - MainWindow - INFO - СИГНАЛ: Отключено от сервера (через SocketHandler).
2025-05-29 20:28:29,148 - MainWindow - INFO - UI: Панель подключения. Статус: Соединение с сервером разорвано.
