2025-05-29 20:43:48,340 - MainWindow - INFO - Инициализация ChatClientWindow...
2025-05-29 20:43:48,346 - MainWindow - INFO - UI и SocketHandler для ChatClientWindow инициализированы.
2025-05-29 20:44:02,263 - MainWindow - INFO - Получен запрос на подключение к 127.0.0.1:65432 от ConnectPanel.
2025-05-29 20:44:02,266 - MainWindow - INFO - СИГНАЛ: Успешно подключено к серверу (через SocketHandler).
2025-05-29 20:44:02,266 - MainWindow - INFO - UI: Панель аутентификации. Статус: Подключено к 127.0.0.1:65432. Введите данные.
2025-05-29 20:44:06,407 - MainWindow - INFO - Попытка входа для 1111 через SocketHandler.
2025-05-29 20:44:06,574 - MainWindow - INFO - СИГНАЛ: Получен статус логина: {'message': 'Успешный вход.', 'status': 'success', 'user_id': 1, 'username': '1111'}
2025-05-29 20:44:06,574 - MainWindow - INFO - Логин успешен как 1111 (ID: 1).
2025-05-29 20:44:06,575 - MainWindow - INFO - UI: Панель списка чатов для 1111.
2025-05-29 20:44:06,575 - MainWindow - INFO - Пользователь 1111 запрашивает список чатов через SocketHandler.
2025-05-29 20:44:06,577 - MainWindow - INFO - СИГНАЛ: Получен список из 6 чатов.
2025-05-29 20:44:06,578 - MainWindow - INFO - СИГНАЛ: Получен список из 6 чатов.
2025-05-29 20:44:17,847 - MainWindow - INFO - Выбран чат из списка (панель): {'chat_id': 6, 'chat_name': 'ввввв', 'chat_type': 'group', 'last_message_at': None, 'last_message_text': 'Нет сообщений', 'other_user_id': None, 'other_username': None, 'unread_count': 0}
2025-05-29 20:44:17,847 - MainWindow - INFO - UI: Запрос на открытие чата ID 6 (ввввв).
2025-05-29 20:44:17,848 - MainWindow - INFO - Запрос истории для чата ID: 6 через SocketHandler.
2025-05-29 20:44:17,851 - MainWindow - INFO - СИГНАЛ: Получена история для чата ID 6 (0 сообщений).
2025-05-29 20:44:21,215 - MainWindow - INFO - Отправка сообщения в чат ID 6 (для ввввв): 12 через SocketHandler.
2025-05-29 20:44:36,452 - MainWindow - INFO - СИГНАЛ: Входящее сообщение в чат ID 6 от 3333: 1
2025-05-29 20:44:36,963 - MainWindow - INFO - СИГНАЛ: Входящее сообщение в чат ID 6 от 3333: 2
2025-05-29 20:44:37,425 - MainWindow - INFO - СИГНАЛ: Входящее сообщение в чат ID 6 от 3333: 3
2025-05-29 20:44:37,921 - MainWindow - INFO - СИГНАЛ: Входящее сообщение в чат ID 6 от 3333: 4
2025-05-29 20:44:38,385 - MainWindow - INFO - СИГНАЛ: Входящее сообщение в чат ID 6 от 3333: 5
2025-05-29 20:44:38,899 - MainWindow - INFO - СИГНАЛ: Входящее сообщение в чат ID 6 от 3333: 6
2025-05-29 20:44:40,212 - MainWindow - INFO - СИГНАЛ: Входящее сообщение в чат ID 6 от 3333: 7
2025-05-29 20:44:42,912 - MainWindow - INFO - Отправка сообщения в чат ID 6 (для ввввв): 8 через SocketHandler.
2025-05-29 20:44:43,615 - MainWindow - INFO - Отправка сообщения в чат ID 6 (для ввввв): 9 через SocketHandler.
2025-05-29 20:44:44,687 - MainWindow - INFO - Отправка сообщения в чат ID 6 (для ввввв): 10 через SocketHandler.
2025-05-29 20:44:45,264 - MainWindow - INFO - Отправка сообщения в чат ID 6 (для ввввв): 11 через SocketHandler.
2025-05-29 20:44:47,087 - MainWindow - INFO - UI: Панель списка чатов для 1111.
2025-05-29 20:44:47,087 - MainWindow - INFO - Пользователь 1111 запрашивает список чатов через SocketHandler.
2025-05-29 20:44:47,091 - MainWindow - INFO - СИГНАЛ: Получен список из 6 чатов.
2025-05-29 20:44:50,583 - MainWindow - INFO - Выбран чат из списка (панель): {'chat_id': 6, 'chat_name': 'ввввв', 'chat_type': 'group', 'last_message_at': '2025-05-29T20:44:45.265459+07:00', 'last_message_text': '11', 'other_user_id': None, 'other_username': None, 'unread_count': 0}
2025-05-29 20:44:50,583 - MainWindow - INFO - UI: Запрос на открытие чата ID 6 (ввввв).
2025-05-29 20:44:50,584 - MainWindow - INFO - Запрос истории для чата ID: 6 через SocketHandler.
2025-05-29 20:44:50,586 - MainWindow - INFO - СИГНАЛ: Получена история для чата ID 6 (12 сообщений).
2025-05-29 20:45:11,328 - MainWindow - INFO - СИГНАЛ: Входящее сообщение в чат ID 6 от 3333: 0
2025-05-29 20:45:11,568 - MainWindow - INFO - СИГНАЛ: Входящее сообщение в чат ID 6 от 3333: 1
2025-05-29 20:45:11,904 - MainWindow - INFO - СИГНАЛ: Входящее сообщение в чат ID 6 от 3333: 2
2025-05-29 20:45:12,206 - MainWindow - INFO - СИГНАЛ: Входящее сообщение в чат ID 6 от 3333: 3
2025-05-29 20:45:13,583 - MainWindow - INFO - СИГНАЛ: Входящее сообщение в чат ID 6 от 3333: 4
2025-05-29 20:45:16,235 - MainWindow - INFO - Отправка сообщения в чат ID 6 (для ввввв): 5 через SocketHandler.
2025-05-29 20:45:16,523 - MainWindow - INFO - Отправка сообщения в чат ID 6 (для ввввв): 6 через SocketHandler.
2025-05-29 20:45:16,843 - MainWindow - INFO - Отправка сообщения в чат ID 6 (для ввввв): 7 через SocketHandler.
2025-05-29 20:45:17,131 - MainWindow - INFO - Отправка сообщения в чат ID 6 (для ввввв): 8 через SocketHandler.
2025-05-29 20:45:17,579 - MainWindow - INFO - Отправка сообщения в чат ID 6 (для ввввв): 9 через SocketHandler.
2025-05-29 20:45:24,895 - MainWindow - INFO - UI: Панель списка чатов для 1111.
2025-05-29 20:45:24,895 - MainWindow - INFO - Пользователь 1111 запрашивает список чатов через SocketHandler.
2025-05-29 20:45:24,899 - MainWindow - INFO - СИГНАЛ: Получен список из 6 чатов.
2025-05-29 20:45:31,503 - MainWindow - INFO - Запрос на новый/существующий личный чат с 1123 от панели.
2025-05-29 20:45:31,503 - MainWindow - INFO - Новый личный диалог с 1123. Открытие панели чата (ID пока не известен).
2025-05-29 20:45:31,503 - MainWindow - INFO - UI: Запрос на открытие чата ID None (1123).
2025-05-29 20:45:31,504 - MainWindow - INFO - Новый диалог с 1123. Открытие панели чата (ID пока не известен).
2025-05-29 20:45:32,719 - MainWindow - INFO - UI: Панель списка чатов для 1111.
2025-05-29 20:45:32,719 - MainWindow - INFO - Пользователь 1111 запрашивает список чатов через SocketHandler.
2025-05-29 20:45:32,723 - MainWindow - INFO - СИГНАЛ: Получен список из 6 чатов.
2025-05-29 20:45:34,863 - MainWindow - INFO - Запрос на новый/существующий личный чат с 3333 от панели.
2025-05-29 20:45:34,863 - MainWindow - INFO - Новый личный диалог с 3333. Открытие панели чата (ID пока не известен).
2025-05-29 20:45:34,863 - MainWindow - INFO - UI: Запрос на открытие чата ID None (3333).
2025-05-29 20:45:34,864 - MainWindow - INFO - Новый диалог с 3333. Открытие панели чата (ID пока не известен).
2025-05-29 20:45:36,727 - MainWindow - INFO - UI: Панель списка чатов для 1111.
2025-05-29 20:45:36,727 - MainWindow - INFO - Пользователь 1111 запрашивает список чатов через SocketHandler.
2025-05-29 20:45:36,731 - MainWindow - INFO - СИГНАЛ: Получен список из 6 чатов.
2025-05-29 20:45:40,111 - MainWindow - INFO - Запрос на новый/существующий личный чат с 2222 от панели.
2025-05-29 20:45:40,111 - MainWindow - INFO - UI: Запрос на открытие чата ID 1 (2222).
2025-05-29 20:45:40,112 - MainWindow - INFO - Запрос истории для чата ID: 1 через SocketHandler.
2025-05-29 20:45:40,115 - MainWindow - INFO - СИГНАЛ: Получена история для чата ID 1 (25 сообщений).
2025-05-29 20:45:44,143 - MainWindow - INFO - UI: Панель списка чатов для 1111.
2025-05-29 20:45:44,143 - MainWindow - INFO - Пользователь 1111 запрашивает список чатов через SocketHandler.
2025-05-29 20:45:44,147 - MainWindow - INFO - СИГНАЛ: Получен список из 6 чатов.
2025-05-29 20:45:47,903 - MainWindow - INFO - Запрос на новый/существующий личный чат с 3333 от панели.
2025-05-29 20:45:47,903 - MainWindow - INFO - Новый личный диалог с 3333. Открытие панели чата (ID пока не известен).
2025-05-29 20:45:47,903 - MainWindow - INFO - UI: Запрос на открытие чата ID None (3333).
2025-05-29 20:45:47,904 - MainWindow - INFO - Новый диалог с 3333. Открытие панели чата (ID пока не известен).
2025-05-29 20:46:00,431 - MainWindow - INFO - UI: Панель списка чатов для 1111.
2025-05-29 20:46:00,431 - MainWindow - INFO - Пользователь 1111 запрашивает список чатов через SocketHandler.
2025-05-29 20:46:00,435 - MainWindow - INFO - СИГНАЛ: Получен список из 6 чатов.
2025-05-29 20:46:07,810 - MainWindow - INFO - Окно клиента закрывается. Отключение от сервера через SocketHandler.
2025-05-29 20:46:07,810 - MainWindow - INFO - СИГНАЛ: Отключено от сервера (через SocketHandler).
2025-05-29 20:46:07,811 - MainWindow - INFO - UI: Панель подключения. Статус: Соединение с сервером разорвано.
