2025-05-30 05:23:14,235 - MainWindow - INFO - Инициализация ChatClientWindow...
2025-05-30 05:23:14,241 - MainWindow - INFO - UI и SocketHandler для ChatClientWindow инициализированы.
2025-05-30 05:23:22,790 - MainWindow - INFO - Получен запрос на подключение к 127.0.0.1:65432 от ConnectPanel.
2025-05-30 05:23:22,793 - MainWindow - INFO - СИГНАЛ: Успешно подключено к серверу (через SocketHandler).
2025-05-30 05:23:22,794 - MainWindow - INFO - UI: Панель аутентификации. Статус: Подключено к 127.0.0.1:65432. Введите данные.
2025-05-30 05:23:29,134 - MainWindow - INFO - Попытка входа для 5555 через SocketHandler.
2025-05-30 05:23:29,140 - MainWindow - INFO - СИГНАЛ: Получен статус логина: {'message': 'Неверное имя пользователя или пароль.', 'status': 'error'}
2025-05-30 05:23:29,140 - MainWindow - WARNING - Ошибка логина: Неверное имя пользователя или пароль.
2025-05-30 05:23:30,096 - MainWindow - INFO - UI: Панель аутентификации. Статус: Подключено. Ошибка входа: Неверное имя пользователя или пароль.
2025-05-30 05:23:30,646 - MainWindow - INFO - Попытка регистрации для 5555 через SocketHandler.
2025-05-30 05:23:30,808 - MainWindow - INFO - СИГНАЛ: Получен статус регистрации: {'message': "Пользователь '5555' успешно зарегистрирован. Теперь вы можете войти.", 'status': 'success'}
2025-05-30 05:23:31,810 - MainWindow - INFO - UI: Панель аутентификации. Статус: Подключено. Введите данные для входа.
2025-05-30 05:23:32,438 - MainWindow - INFO - Попытка входа для 5555 через SocketHandler.
2025-05-30 05:23:32,599 - MainWindow - INFO - СИГНАЛ: Получен статус логина: {'message': 'Успешный вход.', 'status': 'success', 'user_id': 4, 'username': '5555'}
2025-05-30 05:23:32,600 - MainWindow - INFO - Логин успешен как 5555 (ID: 4).
2025-05-30 05:23:32,600 - MainWindow - INFO - UI: Панель списка чатов для 5555.
2025-05-30 05:23:32,600 - MainWindow - INFO - Пользователь 5555 запрашивает список чатов через SocketHandler.
2025-05-30 05:23:32,604 - MainWindow - INFO - СИГНАЛ: Получен список из 0 чатов.
2025-05-30 05:23:32,605 - MainWindow - INFO - СИГНАЛ: Получен список из 0 чатов.
2025-05-30 05:23:45,190 - MainWindow - INFO - Инициация чата с 4444 через SocketHandler.
2025-05-30 05:23:45,219 - MainWindow - INFO - СИГНАЛ: Получен ответ на инициацию чата: {'chat_id': 8, 'chat_name': '4444', 'other_user_id': 5, 'other_username': '4444', 'status': 'success'}
2025-05-30 05:23:45,219 - MainWindow - INFO - Чат с 4444 успешно инициирован/найден. ID: 8. Открываем панель чата.
2025-05-30 05:23:45,219 - MainWindow - INFO - UI: Запрос на открытие чата ID 8 (4444).
2025-05-30 05:23:45,221 - MainWindow - INFO - Запрос истории для чата ID: 8 через SocketHandler.
2025-05-30 05:23:45,222 - MainWindow - INFO - СИГНАЛ: Получена история для чата ID 8 (0 сообщений).
2025-05-30 05:23:49,112 - MainWindow - INFO - Отправка сообщения в чат ID 8 (для 4444): 1
2025-05-30 05:23:56,825 - MainWindow - INFO - Отправка сообщения в чат ID 8 (для 4444): 2
2025-05-30 05:23:58,217 - MainWindow - INFO - Отправка сообщения в чат ID 8 (для 4444): 3
2025-05-30 05:23:59,073 - MainWindow - INFO - Отправка сообщения в чат ID 8 (для 4444): 4
2025-05-30 05:23:59,441 - MainWindow - INFO - Отправка сообщения в чат ID 8 (для 4444): 5
2025-05-30 05:24:05,402 - MainWindow - INFO - Отправка сообщения в чат ID 8 (для 4444): 6
2025-05-30 05:24:05,754 - MainWindow - INFO - Отправка сообщения в чат ID 8 (для 4444): 7
2025-05-30 05:24:06,090 - MainWindow - INFO - Отправка сообщения в чат ID 8 (для 4444): 8
2025-05-30 05:24:06,570 - MainWindow - INFO - Отправка сообщения в чат ID 8 (для 4444): 9
2025-05-30 05:24:08,194 - MainWindow - INFO - Отправка сообщения в чат ID 8 (для 4444): 10
2025-05-30 05:24:09,099 - MainWindow - INFO - Отправка сообщения в чат ID 8 (для 4444): 11
2025-05-30 05:24:09,915 - MainWindow - INFO - Отправка сообщения в чат ID 8 (для 4444): 12
2025-05-30 05:24:10,363 - MainWindow - INFO - Отправка сообщения в чат ID 8 (для 4444): 13
2025-05-30 05:24:10,939 - MainWindow - INFO - Отправка сообщения в чат ID 8 (для 4444): 14
2025-05-30 05:24:12,123 - MainWindow - INFO - Отправка сообщения в чат ID 8 (для 4444): 15
2025-05-30 05:24:12,619 - MainWindow - INFO - Отправка сообщения в чат ID 8 (для 4444): 16
2025-05-30 05:24:14,083 - MainWindow - INFO - Отправка сообщения в чат ID 8 (для 4444): 17
2025-05-30 05:24:15,139 - MainWindow - INFO - Отправка сообщения в чат ID 8 (для 4444): 18
2025-05-30 05:24:16,171 - MainWindow - INFO - Отправка сообщения в чат ID 8 (для 4444): 19
2025-05-30 05:24:17,147 - MainWindow - INFO - Отправка сообщения в чат ID 8 (для 4444): 20
2025-05-30 05:24:18,012 - MainWindow - INFO - Отправка сообщения в чат ID 8 (для 4444): 21
2025-05-30 05:24:18,812 - MainWindow - INFO - Отправка сообщения в чат ID 8 (для 4444): 22
2025-05-30 05:24:20,764 - MainWindow - INFO - Отправка сообщения в чат ID 8 (для 4444): 23
2025-05-30 05:24:25,417 - MainWindow - INFO - СИГНАЛ: Входящее сообщение в чат ID 8 от 4444: 24
2025-05-30 05:24:25,903 - MainWindow - INFO - СИГНАЛ: Входящее сообщение в чат ID 8 от 4444: 25
2025-05-30 05:24:26,912 - MainWindow - INFO - СИГНАЛ: Входящее сообщение в чат ID 8 от 4444: 26
2025-05-30 05:24:27,426 - MainWindow - INFO - СИГНАЛ: Входящее сообщение в чат ID 8 от 4444: 27
2025-05-30 05:24:27,922 - MainWindow - INFO - СИГНАЛ: Входящее сообщение в чат ID 8 от 4444: 28
2025-05-30 05:24:28,432 - MainWindow - INFO - СИГНАЛ: Входящее сообщение в чат ID 8 от 4444: 29
2025-05-30 05:24:30,704 - MainWindow - INFO - СИГНАЛ: Входящее сообщение в чат ID 8 от 4444: 30
2025-05-30 05:24:31,832 - MainWindow - INFO - СИГНАЛ: Входящее сообщение в чат ID 8 от 4444: 1
2025-05-30 05:24:32,465 - MainWindow - INFO - СИГНАЛ: Входящее сообщение в чат ID 8 от 4444: 2
2025-05-30 05:24:33,179 - MainWindow - INFO - СИГНАЛ: Входящее сообщение в чат ID 8 от 4444: 3
2025-05-30 05:24:33,929 - MainWindow - INFO - СИГНАЛ: Входящее сообщение в чат ID 8 от 4444: 4
2025-05-30 05:24:34,264 - MainWindow - INFO - СИГНАЛ: Входящее сообщение в чат ID 8 от 4444: 5
2025-05-30 05:24:34,601 - MainWindow - INFO - СИГНАЛ: Входящее сообщение в чат ID 8 от 4444: 6
2025-05-30 05:24:34,937 - MainWindow - INFO - СИГНАЛ: Входящее сообщение в чат ID 8 от 4444: 7
2025-05-30 05:24:35,240 - MainWindow - INFO - СИГНАЛ: Входящее сообщение в чат ID 8 от 4444: 8
2025-05-30 05:24:35,609 - MainWindow - INFO - СИГНАЛ: Входящее сообщение в чат ID 8 от 4444: 9
2025-05-30 05:24:38,609 - MainWindow - INFO - СИГНАЛ: Входящее сообщение в чат ID 8 от 4444: 10
2025-05-30 05:24:39,225 - MainWindow - INFO - СИГНАЛ: Входящее сообщение в чат ID 8 от 4444: 1
2025-05-30 05:24:39,689 - MainWindow - INFO - СИГНАЛ: Входящее сообщение в чат ID 8 от 4444: 2
2025-05-30 05:24:40,137 - MainWindow - INFO - СИГНАЛ: Входящее сообщение в чат ID 8 от 4444: 3
2025-05-30 05:24:40,681 - MainWindow - INFO - СИГНАЛ: Входящее сообщение в чат ID 8 от 4444: 4
2025-05-30 05:24:41,145 - MainWindow - INFO - СИГНАЛ: Входящее сообщение в чат ID 8 от 4444: 5
2025-05-30 05:24:41,690 - MainWindow - INFO - СИГНАЛ: Входящее сообщение в чат ID 8 от 4444: 6
2025-05-30 05:24:42,105 - MainWindow - INFO - СИГНАЛ: Входящее сообщение в чат ID 8 от 4444: 7
2025-05-30 05:24:42,635 - MainWindow - INFO - СИГНАЛ: Входящее сообщение в чат ID 8 от 4444: 8
2025-05-30 05:24:43,098 - MainWindow - INFO - СИГНАЛ: Входящее сообщение в чат ID 8 от 4444: 9
2025-05-30 05:24:43,594 - MainWindow - INFO - СИГНАЛ: Входящее сообщение в чат ID 8 от 4444: 0
2025-05-30 05:24:45,275 - MainWindow - INFO - СИГНАЛ: Входящее сообщение в чат ID 8 от 4444: 11
2025-05-30 05:24:45,882 - MainWindow - INFO - СИГНАЛ: Входящее сообщение в чат ID 8 от 4444: 11
2025-05-30 05:24:47,010 - MainWindow - INFO - СИГНАЛ: Входящее сообщение в чат ID 8 от 4444: 12
2025-05-30 05:24:51,558 - MainWindow - INFO - UI: Панель списка чатов для 5555.
2025-05-30 05:24:51,558 - MainWindow - INFO - Пользователь 5555 запрашивает список чатов через SocketHandler.
2025-05-30 05:24:51,563 - MainWindow - INFO - СИГНАЛ: Получен список из 1 чатов.
2025-05-30 05:24:52,750 - MainWindow - INFO - Выбран чат из списка (панель): {'chat_id': 8, 'chat_name': '4444', 'chat_type': 'direct', 'last_message_at': '2025-05-30T05:24:47.009200+07:00', 'last_message_text': '12', 'other_user_id': 5, 'other_username': '4444', 'unread_count': 0}
2025-05-30 05:24:52,750 - MainWindow - INFO - UI: Запрос на открытие чата ID 8 (4444).
2025-05-30 05:24:52,751 - MainWindow - INFO - Запрос истории для чата ID: 8 через SocketHandler.
2025-05-30 05:24:52,754 - MainWindow - INFO - СИГНАЛ: Получена история для чата ID 8 (50 сообщений).
2025-05-30 05:25:12,522 - MainWindow - INFO - Отправка сообщения в чат ID 8 (для 4444): 123
2025-05-30 05:25:12,954 - MainWindow - INFO - Отправка сообщения в чат ID 8 (для 4444): 123
2025-05-30 05:25:13,490 - MainWindow - INFO - Отправка сообщения в чат ID 8 (для 4444): 123
2025-05-30 05:25:13,922 - MainWindow - INFO - Отправка сообщения в чат ID 8 (для 4444): 123
2025-05-30 05:25:18,350 - MainWindow - INFO - UI: Панель списка чатов для 5555.
2025-05-30 05:25:18,350 - MainWindow - INFO - Пользователь 5555 запрашивает список чатов через SocketHandler.
2025-05-30 05:25:18,353 - MainWindow - INFO - СИГНАЛ: Получен список из 1 чатов.
2025-05-30 05:25:21,182 - MainWindow - INFO - Пользователь 5555 запрашивает список чатов через SocketHandler.
2025-05-30 05:25:21,184 - MainWindow - INFO - СИГНАЛ: Получен список из 1 чатов.
2025-05-30 05:25:22,118 - MainWindow - INFO - Выбран чат из списка (панель): {'chat_id': 8, 'chat_name': '4444', 'chat_type': 'direct', 'last_message_at': '2025-05-30T05:25:13.924351+07:00', 'last_message_text': '123', 'other_user_id': 5, 'other_username': '4444', 'unread_count': 0}
2025-05-30 05:25:22,118 - MainWindow - INFO - UI: Запрос на открытие чата ID 8 (4444).
2025-05-30 05:25:22,119 - MainWindow - INFO - Запрос истории для чата ID: 8 через SocketHandler.
2025-05-30 05:25:22,123 - MainWindow - INFO - СИГНАЛ: Получена история для чата ID 8 (50 сообщений).
2025-05-30 05:25:40,889 - MainWindow - INFO - UI: Панель списка чатов для 5555.
2025-05-30 05:25:40,889 - MainWindow - INFO - Пользователь 5555 запрашивает список чатов через SocketHandler.
2025-05-30 05:25:40,893 - MainWindow - INFO - СИГНАЛ: Получен список из 1 чатов.
2025-05-30 05:25:44,662 - MainWindow - INFO - Пользователь 5555 запрашивает список чатов через SocketHandler.
2025-05-30 05:25:44,664 - MainWindow - INFO - СИГНАЛ: Получен список из 1 чатов.
2025-05-30 05:26:09,711 - MainWindow - INFO - Попытка создания группы 'клоунада' с участниками ['5555', '4444', '3333', '2222', '1111'] через SocketHandler.
2025-05-30 05:26:09,715 - MainWindow - INFO - СИГНАЛ: Получен ответ на создание группы: {'chat_id': 9, 'chat_name': 'клоунада', 'chat_type': 'group', 'message': "Группа 'клоунада' успешно создана.", 'status': 'success'}
2025-05-30 05:26:10,696 - MainWindow - INFO - Пользователь 5555 запрашивает список чатов через SocketHandler.
2025-05-30 05:26:10,696 - MainWindow - INFO - UI: Запрос на открытие чата ID 9 (клоунада).
2025-05-30 05:26:10,697 - MainWindow - INFO - Запрос истории для чата ID: 9 через SocketHandler.
2025-05-30 05:26:10,700 - MainWindow - INFO - СИГНАЛ: Получен список из 2 чатов.
2025-05-30 05:26:10,700 - MainWindow - WARNING - Получен список чатов, но панель списка чатов не активна. UI не обновлен.
2025-05-30 05:26:10,701 - MainWindow - INFO - СИГНАЛ: Получена история для чата ID 9 (0 сообщений).
2025-05-30 05:26:15,302 - MainWindow - INFO - Отправка сообщения в чат ID 9 (для клоунада): 1
2025-05-30 05:26:24,835 - MainWindow - INFO - Отправка сообщения в чат ID 9 (для клоунада): 2
2025-05-30 05:26:25,219 - MainWindow - INFO - Отправка сообщения в чат ID 9 (для клоунада): 3
2025-05-30 05:26:25,539 - MainWindow - INFO - Отправка сообщения в чат ID 9 (для клоунада): 4
2025-05-30 05:26:25,875 - MainWindow - INFO - Отправка сообщения в чат ID 9 (для клоунада): 5
2025-05-30 05:26:26,243 - MainWindow - INFO - Отправка сообщения в чат ID 9 (для клоунада): 6
2025-05-30 05:26:26,547 - MainWindow - INFO - Отправка сообщения в чат ID 9 (для клоунада): 7
2025-05-30 05:26:26,867 - MainWindow - INFO - Отправка сообщения в чат ID 9 (для клоунада): 8
2025-05-30 05:26:27,267 - MainWindow - INFO - Отправка сообщения в чат ID 9 (для клоунада): 9
2025-05-30 05:26:28,291 - MainWindow - INFO - Отправка сообщения в чат ID 9 (для клоунада): 0
2025-05-30 05:26:28,659 - MainWindow - INFO - Отправка сообщения в чат ID 9 (для клоунада): 1
2025-05-30 05:26:28,979 - MainWindow - INFO - Отправка сообщения в чат ID 9 (для клоунада): 2
2025-05-30 05:26:29,283 - MainWindow - INFO - Отправка сообщения в чат ID 9 (для клоунада): 3
2025-05-30 05:26:29,603 - MainWindow - INFO - Отправка сообщения в чат ID 9 (для клоунада): 4
2025-05-30 05:26:29,939 - MainWindow - INFO - Отправка сообщения в чат ID 9 (для клоунада): 5
2025-05-30 05:26:30,291 - MainWindow - INFO - Отправка сообщения в чат ID 9 (для клоунада): 6
2025-05-30 05:26:30,627 - MainWindow - INFO - Отправка сообщения в чат ID 9 (для клоунада): 7
2025-05-30 05:26:30,963 - MainWindow - INFO - Отправка сообщения в чат ID 9 (для клоунада): 8
2025-05-30 05:26:31,331 - MainWindow - INFO - Отправка сообщения в чат ID 9 (для клоунада): 9
2025-05-30 05:26:32,427 - MainWindow - INFO - Отправка сообщения в чат ID 9 (для клоунада): 0
