2025-05-29 23:01:06,420 - MainWindow - INFO - Инициализация ChatClientWindow...
2025-05-29 23:01:06,427 - MainWindow - INFO - UI и SocketHandler для ChatClientWindow инициализированы.
2025-05-29 23:01:17,616 - MainWindow - INFO - Получен запрос на подключение к 127.0.0.1:65432 от ConnectPanel.
2025-05-29 23:01:17,620 - MainWindow - INFO - СИГНАЛ: Успешно подключено к серверу (через SocketHandler).
2025-05-29 23:01:17,620 - MainWindow - INFO - UI: Панель аутентификации. Статус: Подключено к 127.0.0.1:65432. Введите данные.
2025-05-29 23:01:25,713 - MainWindow - INFO - Попытка входа для 3333 через SocketHandler.
2025-05-29 23:01:25,875 - MainWindow - INFO - СИГНАЛ: Получен статус логина: {'message': 'Успешный вход.', 'status': 'success', 'user_id': 3, 'username': '3333'}
2025-05-29 23:01:25,875 - MainWindow - INFO - Логин успешен как 3333 (ID: 3).
2025-05-29 23:01:25,876 - MainWindow - INFO - UI: Панель списка чатов для 3333.
2025-05-29 23:01:25,876 - MainWindow - INFO - Пользователь 3333 запрашивает список чатов через SocketHandler.
2025-05-29 23:01:25,878 - MainWindow - INFO - СИГНАЛ: Получен список из 4 чатов.
2025-05-29 23:01:25,879 - MainWindow - INFO - СИГНАЛ: Получен список из 4 чатов.
2025-05-29 23:01:27,416 - MainWindow - INFO - Выбран чат из списка (панель): {'chat_id': 7, 'chat_name': '2222', 'chat_type': 'direct', 'last_message_at': '2025-05-29T23:01:19.722965+07:00', 'last_message_text': 'dadad', 'other_user_id': 2, 'other_username': '2222', 'unread_count': 0}
2025-05-29 23:01:27,417 - MainWindow - INFO - UI: Запрос на открытие чата ID 7 (2222).
2025-05-29 23:01:27,418 - MainWindow - INFO - Запрос истории для чата ID: 7 через SocketHandler.
2025-05-29 23:01:27,421 - MainWindow - INFO - СИГНАЛ: Получена история для чата ID 7 (1 сообщений).
2025-05-29 23:01:33,977 - MainWindow - INFO - Отправка сообщения в чат ID 7 (для 2222): 2134
2025-05-29 23:01:39,634 - MainWindow - INFO - Окно клиента закрывается. Отключение от сервера через SocketHandler.
2025-05-29 23:01:39,634 - MainWindow - INFO - СИГНАЛ: Отключено от сервера (через SocketHandler).
2025-05-29 23:01:39,635 - MainWindow - INFO - UI: Панель подключения. Статус: Соединение с сервером разорвано.
