2025-05-30 05:23:16,299 - MainWindow - INFO - Инициализация ChatClientWindow...
2025-05-30 05:23:16,305 - MainWindow - INFO - UI и SocketHandler для ChatClientWindow инициализированы.
2025-05-30 05:23:23,302 - MainWindow - INFO - Получен запрос на подключение к 127.0.0.1:65432 от ConnectPanel.
2025-05-30 05:23:23,305 - MainWindow - INFO - СИГНАЛ: Успешно подключено к серверу (через SocketHandler).
2025-05-30 05:23:23,305 - MainWindow - INFO - UI: Панель аутентификации. Статус: Подключено к 127.0.0.1:65432. Введите данные.
2025-05-30 05:23:37,126 - MainWindow - INFO - Попытка регистрации для 4444 через SocketHandler.
2025-05-30 05:23:37,290 - MainWindow - INFO - СИГНАЛ: Получен статус регистрации: {'message': "Пользователь '4444' успешно зарегистрирован. Теперь вы можете войти.", 'status': 'success'}
2025-05-30 05:23:38,224 - MainWindow - INFO - UI: Панель аутентификации. Статус: Подключено. Введите данные для входа.
2025-05-30 05:23:38,942 - MainWindow - INFO - Попытка входа для 4444 через SocketHandler.
2025-05-30 05:23:39,101 - MainWindow - INFO - СИГНАЛ: Получен статус логина: {'message': 'Успешный вход.', 'status': 'success', 'user_id': 5, 'username': '4444'}
2025-05-30 05:23:39,101 - MainWindow - INFO - Логин успешен как 4444 (ID: 5).
2025-05-30 05:23:39,102 - MainWindow - INFO - UI: Панель списка чатов для 4444.
2025-05-30 05:23:39,102 - MainWindow - INFO - Пользователь 4444 запрашивает список чатов через SocketHandler.
2025-05-30 05:23:39,104 - MainWindow - INFO - СИГНАЛ: Получен список из 0 чатов.
2025-05-30 05:23:39,105 - MainWindow - INFO - СИГНАЛ: Получен список из 0 чатов.
2025-05-30 05:23:49,119 - MainWindow - INFO - СИГНАЛ: Входящее сообщение в чат ID 8 от 5555: 1
2025-05-30 05:23:49,119 - MainWindow - INFO - Пользователь 4444 запрашивает список чатов через SocketHandler.
2025-05-30 05:23:49,119 - MainWindow - INFO - Новое сообщение в неактивном чате ID 8 от 5555.
2025-05-30 05:23:52,198 - MainWindow - INFO - Пользователь 4444 запрашивает список чатов через SocketHandler.
2025-05-30 05:23:52,200 - MainWindow - INFO - СИГНАЛ: Получен список из 1 чатов.
2025-05-30 05:23:52,200 - MainWindow - INFO - СИГНАЛ: Получен список из 1 чатов.
2025-05-30 05:23:56,828 - MainWindow - INFO - СИГНАЛ: Входящее сообщение в чат ID 8 от 5555: 2
2025-05-30 05:23:56,828 - MainWindow - INFO - Пользователь 4444 запрашивает список чатов через SocketHandler.
2025-05-30 05:23:56,828 - MainWindow - INFO - Новое сообщение в неактивном чате ID 8 от 5555.
2025-05-30 05:24:01,622 - MainWindow - INFO - Выбран чат из списка (панель): {'chat_id': 8, 'chat_name': '5555', 'chat_type': 'direct', 'last_message_at': '2025-05-30T05:23:49.117257+07:00', 'last_message_text': '1', 'other_user_id': 4, 'other_username': '5555', 'unread_count': 0}
2025-05-30 05:24:01,622 - MainWindow - INFO - UI: Запрос на открытие чата ID 8 (5555).
2025-05-30 05:24:01,623 - MainWindow - INFO - Запрос истории для чата ID: 8 через SocketHandler.
2025-05-30 05:24:01,626 - MainWindow - INFO - СИГНАЛ: Получен список из 1 чатов.
2025-05-30 05:24:01,626 - MainWindow - WARNING - Получен список чатов, но панель списка чатов не активна. UI не обновлен.
2025-05-30 05:24:01,626 - MainWindow - INFO - СИГНАЛ: Входящее сообщение в чат ID 8 от 5555: 3
2025-05-30 05:24:01,627 - MainWindow - INFO - СИГНАЛ: Входящее сообщение в чат ID 8 от 5555: 4
2025-05-30 05:24:01,628 - MainWindow - INFO - СИГНАЛ: Входящее сообщение в чат ID 8 от 5555: 5
2025-05-30 05:24:01,628 - MainWindow - INFO - СИГНАЛ: Получена история для чата ID 8 (5 сообщений).
2025-05-30 05:24:05,408 - MainWindow - INFO - СИГНАЛ: Входящее сообщение в чат ID 8 от 5555: 6
2025-05-30 05:24:05,757 - MainWindow - INFO - СИГНАЛ: Входящее сообщение в чат ID 8 от 5555: 7
2025-05-30 05:24:06,093 - MainWindow - INFO - СИГНАЛ: Входящее сообщение в чат ID 8 от 5555: 8
2025-05-30 05:24:06,573 - MainWindow - INFO - СИГНАЛ: Входящее сообщение в чат ID 8 от 5555: 9
2025-05-30 05:24:08,197 - MainWindow - INFO - СИГНАЛ: Входящее сообщение в чат ID 8 от 5555: 10
2025-05-30 05:24:09,130 - MainWindow - INFO - СИГНАЛ: Входящее сообщение в чат ID 8 от 5555: 11
2025-05-30 05:24:09,918 - MainWindow - INFO - СИГНАЛ: Входящее сообщение в чат ID 8 от 5555: 12
2025-05-30 05:24:10,368 - MainWindow - INFO - СИГНАЛ: Входящее сообщение в чат ID 8 от 5555: 13
2025-05-30 05:24:10,942 - MainWindow - INFO - СИГНАЛ: Входящее сообщение в чат ID 8 от 5555: 14
2025-05-30 05:24:12,126 - MainWindow - INFO - СИГНАЛ: Входящее сообщение в чат ID 8 от 5555: 15
2025-05-30 05:24:12,622 - MainWindow - INFO - СИГНАЛ: Входящее сообщение в чат ID 8 от 5555: 16
2025-05-30 05:24:14,088 - MainWindow - INFO - СИГНАЛ: Входящее сообщение в чат ID 8 от 5555: 17
2025-05-30 05:24:15,142 - MainWindow - INFO - СИГНАЛ: Входящее сообщение в чат ID 8 от 5555: 18
2025-05-30 05:24:16,174 - MainWindow - INFO - СИГНАЛ: Входящее сообщение в чат ID 8 от 5555: 19
2025-05-30 05:24:17,150 - MainWindow - INFO - СИГНАЛ: Входящее сообщение в чат ID 8 от 5555: 20
2025-05-30 05:24:18,015 - MainWindow - INFO - СИГНАЛ: Входящее сообщение в чат ID 8 от 5555: 21
2025-05-30 05:24:18,815 - MainWindow - INFO - СИГНАЛ: Входящее сообщение в чат ID 8 от 5555: 22
2025-05-30 05:24:20,767 - MainWindow - INFO - СИГНАЛ: Входящее сообщение в чат ID 8 от 5555: 23
2025-05-30 05:24:25,413 - MainWindow - INFO - Отправка сообщения в чат ID 8 (для 5555): 24
2025-05-30 05:24:25,901 - MainWindow - INFO - Отправка сообщения в чат ID 8 (для 5555): 25
2025-05-30 05:24:26,909 - MainWindow - INFO - Отправка сообщения в чат ID 8 (для 5555): 26
2025-05-30 05:24:27,421 - MainWindow - INFO - Отправка сообщения в чат ID 8 (для 5555): 27
2025-05-30 05:24:27,917 - MainWindow - INFO - Отправка сообщения в чат ID 8 (для 5555): 28
2025-05-30 05:24:28,429 - MainWindow - INFO - Отправка сообщения в чат ID 8 (для 5555): 29
2025-05-30 05:24:30,701 - MainWindow - INFO - Отправка сообщения в чат ID 8 (для 5555): 30
2025-05-30 05:24:31,829 - MainWindow - INFO - Отправка сообщения в чат ID 8 (для 5555): 1
2025-05-30 05:24:32,461 - MainWindow - INFO - Отправка сообщения в чат ID 8 (для 5555): 2
2025-05-30 05:24:33,173 - MainWindow - INFO - Отправка сообщения в чат ID 8 (для 5555): 3
2025-05-30 05:24:33,925 - MainWindow - INFO - Отправка сообщения в чат ID 8 (для 5555): 4
2025-05-30 05:24:34,261 - MainWindow - INFO - Отправка сообщения в чат ID 8 (для 5555): 5
2025-05-30 05:24:34,598 - MainWindow - INFO - Отправка сообщения в чат ID 8 (для 5555): 6
2025-05-30 05:24:34,934 - MainWindow - INFO - Отправка сообщения в чат ID 8 (для 5555): 7
2025-05-30 05:24:35,238 - MainWindow - INFO - Отправка сообщения в чат ID 8 (для 5555): 8
2025-05-30 05:24:35,606 - MainWindow - INFO - Отправка сообщения в чат ID 8 (для 5555): 9
2025-05-30 05:24:38,606 - MainWindow - INFO - Отправка сообщения в чат ID 8 (для 5555): 10
2025-05-30 05:24:39,222 - MainWindow - INFO - Отправка сообщения в чат ID 8 (для 5555): 1
2025-05-30 05:24:39,686 - MainWindow - INFO - Отправка сообщения в чат ID 8 (для 5555): 2
2025-05-30 05:24:40,134 - MainWindow - INFO - Отправка сообщения в чат ID 8 (для 5555): 3
2025-05-30 05:24:40,678 - MainWindow - INFO - Отправка сообщения в чат ID 8 (для 5555): 4
2025-05-30 05:24:41,142 - MainWindow - INFO - Отправка сообщения в чат ID 8 (для 5555): 5
2025-05-30 05:24:41,686 - MainWindow - INFO - Отправка сообщения в чат ID 8 (для 5555): 6
2025-05-30 05:24:42,102 - MainWindow - INFO - Отправка сообщения в чат ID 8 (для 5555): 7
2025-05-30 05:24:42,631 - MainWindow - INFO - Отправка сообщения в чат ID 8 (для 5555): 8
2025-05-30 05:24:43,095 - MainWindow - INFO - Отправка сообщения в чат ID 8 (для 5555): 9
2025-05-30 05:24:43,591 - MainWindow - INFO - Отправка сообщения в чат ID 8 (для 5555): 0
2025-05-30 05:24:45,271 - MainWindow - INFO - Отправка сообщения в чат ID 8 (для 5555): 11
2025-05-30 05:24:45,879 - MainWindow - INFO - Отправка сообщения в чат ID 8 (для 5555): 11
2025-05-30 05:24:47,007 - MainWindow - INFO - Отправка сообщения в чат ID 8 (для 5555): 12
2025-05-30 05:24:56,142 - MainWindow - INFO - UI: Панель списка чатов для 4444.
2025-05-30 05:24:56,142 - MainWindow - INFO - Пользователь 4444 запрашивает список чатов через SocketHandler.
2025-05-30 05:24:56,147 - MainWindow - INFO - СИГНАЛ: Получен список из 1 чатов.
2025-05-30 05:24:57,862 - MainWindow - INFO - Выбран чат из списка (панель): {'chat_id': 8, 'chat_name': '5555', 'chat_type': 'direct', 'last_message_at': '2025-05-30T05:24:47.009200+07:00', 'last_message_text': '12', 'other_user_id': 4, 'other_username': '5555', 'unread_count': 0}
2025-05-30 05:24:57,862 - MainWindow - INFO - UI: Запрос на открытие чата ID 8 (5555).
2025-05-30 05:24:57,863 - MainWindow - INFO - Запрос истории для чата ID: 8 через SocketHandler.
2025-05-30 05:24:57,870 - MainWindow - INFO - СИГНАЛ: Получена история для чата ID 8 (50 сообщений).
2025-05-30 05:25:12,526 - MainWindow - INFO - СИГНАЛ: Входящее сообщение в чат ID 8 от 5555: 123
2025-05-30 05:25:12,960 - MainWindow - INFO - СИГНАЛ: Входящее сообщение в чат ID 8 от 5555: 123
2025-05-30 05:25:13,493 - MainWindow - INFO - СИГНАЛ: Входящее сообщение в чат ID 8 от 5555: 123
2025-05-30 05:25:13,925 - MainWindow - INFO - СИГНАЛ: Входящее сообщение в чат ID 8 от 5555: 123
2025-05-30 05:25:19,006 - MainWindow - INFO - UI: Панель списка чатов для 4444.
2025-05-30 05:25:19,006 - MainWindow - INFO - Пользователь 4444 запрашивает список чатов через SocketHandler.
2025-05-30 05:25:19,010 - MainWindow - INFO - СИГНАЛ: Получен список из 1 чатов.
2025-05-30 05:25:25,334 - MainWindow - INFO - Выбран чат из списка (панель): {'chat_id': 8, 'chat_name': '5555', 'chat_type': 'direct', 'last_message_at': '2025-05-30T05:25:13.924351+07:00', 'last_message_text': '123', 'other_user_id': 4, 'other_username': '5555', 'unread_count': 0}
2025-05-30 05:25:25,334 - MainWindow - INFO - UI: Запрос на открытие чата ID 8 (5555).
2025-05-30 05:25:25,335 - MainWindow - INFO - Запрос истории для чата ID: 8 через SocketHandler.
2025-05-30 05:25:25,339 - MainWindow - INFO - СИГНАЛ: Получена история для чата ID 8 (50 сообщений).
2025-05-30 05:25:41,646 - MainWindow - INFO - UI: Панель списка чатов для 4444.
2025-05-30 05:25:41,646 - MainWindow - INFO - Пользователь 4444 запрашивает список чатов через SocketHandler.
2025-05-30 05:25:41,650 - MainWindow - INFO - СИГНАЛ: Получен список из 1 чатов.
2025-05-30 05:25:43,750 - MainWindow - INFO - Пользователь 4444 запрашивает список чатов через SocketHandler.
2025-05-30 05:25:43,752 - MainWindow - INFO - СИГНАЛ: Получен список из 1 чатов.
2025-05-30 05:26:15,307 - MainWindow - INFO - СИГНАЛ: Входящее сообщение в чат ID 9 от 5555: 1
2025-05-30 05:26:15,307 - MainWindow - INFO - Пользователь 4444 запрашивает список чатов через SocketHandler.
2025-05-30 05:26:15,307 - MainWindow - INFO - Новое сообщение в неактивном чате ID 9 от 5555.
2025-05-30 05:26:17,238 - MainWindow - INFO - Пользователь 4444 запрашивает список чатов через SocketHandler.
2025-05-30 05:26:17,240 - MainWindow - INFO - СИГНАЛ: Получен список из 2 чатов.
2025-05-30 05:26:17,240 - MainWindow - INFO - СИГНАЛ: Получен список из 2 чатов.
2025-05-30 05:26:18,230 - MainWindow - INFO - Выбран чат из списка (панель): {'chat_id': 9, 'chat_name': 'клоунада', 'chat_type': 'group', 'last_message_at': '2025-05-30T05:26:15.304600+07:00', 'last_message_text': '1', 'other_user_id': None, 'other_username': None, 'unread_count': 0}
2025-05-30 05:26:18,230 - MainWindow - INFO - UI: Запрос на открытие чата ID 9 (клоунада).
2025-05-30 05:26:18,231 - MainWindow - INFO - Запрос истории для чата ID: 9 через SocketHandler.
2025-05-30 05:26:18,233 - MainWindow - INFO - СИГНАЛ: Получена история для чата ID 9 (1 сообщений).
2025-05-30 05:26:24,839 - MainWindow - INFO - СИГНАЛ: Входящее сообщение в чат ID 9 от 5555: 2
2025-05-30 05:26:25,221 - MainWindow - INFO - СИГНАЛ: Входящее сообщение в чат ID 9 от 5555: 3
2025-05-30 05:26:25,541 - MainWindow - INFO - СИГНАЛ: Входящее сообщение в чат ID 9 от 5555: 4
2025-05-30 05:26:25,878 - MainWindow - INFO - СИГНАЛ: Входящее сообщение в чат ID 9 от 5555: 5
2025-05-30 05:26:26,245 - MainWindow - INFO - СИГНАЛ: Входящее сообщение в чат ID 9 от 5555: 6
2025-05-30 05:26:26,549 - MainWindow - INFO - СИГНАЛ: Входящее сообщение в чат ID 9 от 5555: 7
2025-05-30 05:26:26,870 - MainWindow - INFO - СИГНАЛ: Входящее сообщение в чат ID 9 от 5555: 8
2025-05-30 05:26:27,270 - MainWindow - INFO - СИГНАЛ: Входящее сообщение в чат ID 9 от 5555: 9
2025-05-30 05:26:28,294 - MainWindow - INFO - СИГНАЛ: Входящее сообщение в чат ID 9 от 5555: 0
2025-05-30 05:26:28,662 - MainWindow - INFO - СИГНАЛ: Входящее сообщение в чат ID 9 от 5555: 1
2025-05-30 05:26:28,982 - MainWindow - INFO - СИГНАЛ: Входящее сообщение в чат ID 9 от 5555: 2
2025-05-30 05:26:29,288 - MainWindow - INFO - СИГНАЛ: Входящее сообщение в чат ID 9 от 5555: 3
2025-05-30 05:26:29,606 - MainWindow - INFO - СИГНАЛ: Входящее сообщение в чат ID 9 от 5555: 4
2025-05-30 05:26:29,942 - MainWindow - INFO - СИГНАЛ: Входящее сообщение в чат ID 9 от 5555: 5
2025-05-30 05:26:30,294 - MainWindow - INFO - СИГНАЛ: Входящее сообщение в чат ID 9 от 5555: 6
2025-05-30 05:26:30,630 - MainWindow - INFO - СИГНАЛ: Входящее сообщение в чат ID 9 от 5555: 7
2025-05-30 05:26:30,968 - MainWindow - INFO - СИГНАЛ: Входящее сообщение в чат ID 9 от 5555: 8
2025-05-30 05:26:31,334 - MainWindow - INFO - СИГНАЛ: Входящее сообщение в чат ID 9 от 5555: 9
2025-05-30 05:26:32,430 - MainWindow - INFO - СИГНАЛ: Входящее сообщение в чат ID 9 от 5555: 0
