2025-05-29 18:56:57,988 - MainWindow - INFO - Инициализация ChatClientWindow...
2025-05-29 18:56:58,049 - MainWindow - INFO - UI и SocketHandler для ChatClientWindow инициализированы.
2025-05-29 18:57:00,004 - MainWindow - INFO - Получен запрос на подключение к 127.0.0.1:65432 от ConnectPanel.
2025-05-29 18:57:00,008 - MainWindow - INFO - СИГНАЛ: Успешно подключено к серверу (через SocketHandler).
2025-05-29 18:57:00,008 - MainWindow - INFO - UI: Панель аутентификации. Статус: Подключено к 127.0.0.1:65432. Введите данные.
2025-05-29 18:57:05,108 - MainWindow - INFO - Попытка входа для 1111 через SocketHandler.
2025-05-29 18:57:05,273 - MainWindow - INFO - СИГНАЛ: Получен статус логина: {'message': 'Успешный вход.', 'status': 'success', 'user_id': 1, 'username': '1111'}
2025-05-29 18:57:05,273 - MainWindow - INFO - Логин успешен как 1111 (ID: 1).
2025-05-29 18:57:05,273 - MainWindow - INFO - UI: Панель списка чатов для 1111.
2025-05-29 18:57:05,273 - MainWindow - INFO - Пользователь 1111 запрашивает список чатов через SocketHandler.
2025-05-29 18:57:05,275 - MainWindow - INFO - СИГНАЛ: Получен список из 1 чатов.
2025-05-29 18:57:06,090 - MainWindow - INFO - СИГНАЛ: Получен список из 1 чатов.
2025-05-29 18:57:09,284 - MainWindow - INFO - Пользователь 1111 запрашивает список чатов через SocketHandler.
2025-05-29 18:57:09,286 - MainWindow - INFO - СИГНАЛ: Получен список из 1 чатов.
2025-05-29 18:57:10,188 - MainWindow - INFO - Пользователь 1111 запрашивает список чатов через SocketHandler.
2025-05-29 18:57:10,190 - MainWindow - INFO - СИГНАЛ: Получен список из 1 чатов.
2025-05-29 18:57:26,948 - MainWindow - INFO - Выбран чат из списка (панель): {'chat_id': 1, 'chat_name': '2222', 'chat_type': 'direct', 'last_message_at': '2025-05-29T18:15:53.786141+07:00', 'last_message_text': '123132', 'other_user_id': 2, 'other_username': '2222', 'unread_count': 0}
2025-05-29 18:57:26,948 - MainWindow - INFO - UI: Запрос на открытие чата ID 1 (2222).
2025-05-29 18:57:26,950 - MainWindow - INFO - Запрос истории для чата ID: 1 через SocketHandler.
2025-05-29 18:57:26,953 - MainWindow - INFO - СИГНАЛ: Получена история для чата ID 1 (14 сообщений).
2025-05-29 18:57:30,964 - MainWindow - INFO - Отправка сообщения в чат ID 1 (для 2222): 12 через SocketHandler.
2025-05-29 18:57:37,772 - MainWindow - INFO - UI: Панель списка чатов для 1111.
2025-05-29 18:57:37,772 - MainWindow - INFO - Пользователь 1111 запрашивает список чатов через SocketHandler.
2025-05-29 18:57:37,775 - MainWindow - INFO - СИГНАЛ: Получен список из 1 чатов.
2025-05-29 18:57:48,518 - MainWindow - INFO - Окно клиента закрывается. Отключение от сервера через SocketHandler.
2025-05-29 18:57:48,518 - MainWindow - INFO - СИГНАЛ: Отключено от сервера (через SocketHandler).
2025-05-29 18:57:48,519 - MainWindow - INFO - UI: Панель подключения. Статус: Соединение с сервером разорвано.
