2025-05-29 18:13:26,831 - MainWindow - INFO - Инициализация ChatClientWindow...
2025-05-29 18:13:26,878 - MainWindow - INFO - UI и SocketHandler для ChatClientWindow инициализированы.
2025-05-29 18:13:34,589 - MainWindow - INFO - Попытка подключения к 127.0.0.1:65432 через SocketHandler.
2025-05-29 18:13:38,647 - MainWindow - ERROR - СИГНАЛ: Ошибка сокета: SocketError.ConnectionRefusedError - Connection refused (через SocketHandler).
2025-05-29 18:13:38,649 - MainWindow - INFO - UI: Панель подключения. Статус: Ошибка подключения: Connection refused
2025-05-29 18:14:05,965 - MainWindow - INFO - Попытка подключения к 127.0.0.1:65432 через SocketHandler.
2025-05-29 18:14:05,975 - MainWindow - INFO - СИГНАЛ: Успешно подключено к серверу (через SocketHandler).
2025-05-29 18:14:05,976 - MainWindow - INFO - UI: Панель аутентификации. Статус: Подключено к 127.0.0.1:65432. Введите данные.
2025-05-29 18:14:10,180 - MainWindow - INFO - Попытка входа для 2222 через SocketHandler.
2025-05-29 18:14:10,835 - MainWindow - INFO - СИГНАЛ: Получен статус логина: {'message': 'Успешный вход.', 'status': 'success', 'user_id': 2, 'username': '2222'}
2025-05-29 18:14:10,835 - MainWindow - INFO - Логин успешен как 2222 (ID: 2).
2025-05-29 18:14:10,835 - MainWindow - INFO - UI: Панель списка чатов для 2222.
2025-05-29 18:14:10,835 - MainWindow - INFO - Пользователь 2222 запрашивает список чатов через SocketHandler.
2025-05-29 18:14:10,853 - MainWindow - INFO - СИГНАЛ: Получен список из 1 чатов.
2025-05-29 18:14:10,938 - MainWindow - INFO - СИГНАЛ: Получен список из 1 чатов.
2025-05-29 18:14:14,252 - MainWindow - INFO - Выбран чат из списка: ID 1, Отображаемое имя 1111
2025-05-29 18:14:14,253 - MainWindow - INFO - UI: Открыт чат ID 1 (1111). Запрос истории.
2025-05-29 18:14:14,261 - MainWindow - INFO - Запрос истории для чата ID: 1 через SocketHandler.
2025-05-29 18:14:14,264 - MainWindow - INFO - СИГНАЛ: Получена история для чата ID 1 (9 сообщений).
2025-05-29 18:15:11,922 - MainWindow - INFO - СИГНАЛ: Входящее сообщение в чат ID 1 от 1111: ццц
2025-05-29 18:15:11,922 - MainWindow - INFO - Пользователь 2222 запрашивает список чатов через SocketHandler.
2025-05-29 18:15:11,925 - MainWindow - INFO - СИГНАЛ: Получен список из 1 чатов.
2025-05-29 18:15:11,925 - MainWindow - WARNING - Получен список чатов, но панель списка чатов не активна. Обновление UI отложено.
2025-05-29 18:15:13,827 - MainWindow - INFO - СИГНАЛ: Входящее сообщение в чат ID 1 от 1111: 222
2025-05-29 18:15:13,827 - MainWindow - INFO - Пользователь 2222 запрашивает список чатов через SocketHandler.
2025-05-29 18:15:13,829 - MainWindow - INFO - СИГНАЛ: Получен список из 1 чатов.
2025-05-29 18:15:13,829 - MainWindow - WARNING - Получен список чатов, но панель списка чатов не активна. Обновление UI отложено.
2025-05-29 18:15:16,429 - MainWindow - INFO - UI: Панель списка чатов для 2222.
2025-05-29 18:15:16,429 - MainWindow - INFO - Пользователь 2222 запрашивает список чатов через SocketHandler.
2025-05-29 18:15:16,431 - MainWindow - INFO - СИГНАЛ: Получен список из 1 чатов.
2025-05-29 18:15:17,332 - MainWindow - INFO - Выбран чат из списка: ID 1, Отображаемое имя 1111
2025-05-29 18:15:17,333 - MainWindow - INFO - UI: Открыт чат ID 1 (1111). Запрос истории.
2025-05-29 18:15:17,333 - MainWindow - INFO - Запрос истории для чата ID: 1 через SocketHandler.
2025-05-29 18:15:17,335 - MainWindow - INFO - СИГНАЛ: Получена история для чата ID 1 (11 сообщений).
2025-05-29 18:15:39,418 - MainWindow - INFO - СИГНАЛ: Входящее сообщение в чат ID 1 от 1111: уййй
2025-05-29 18:15:39,418 - MainWindow - INFO - Пользователь 2222 запрашивает список чатов через SocketHandler.
2025-05-29 18:15:39,420 - MainWindow - INFO - СИГНАЛ: Получен список из 1 чатов.
2025-05-29 18:15:39,420 - MainWindow - WARNING - Получен список чатов, но панель списка чатов не активна. Обновление UI отложено.
2025-05-29 18:15:44,797 - MainWindow - INFO - UI: Панель списка чатов для 2222.
2025-05-29 18:15:44,797 - MainWindow - INFO - Пользователь 2222 запрашивает список чатов через SocketHandler.
2025-05-29 18:15:44,799 - MainWindow - INFO - СИГНАЛ: Получен список из 1 чатов.
2025-05-29 18:15:46,092 - MainWindow - INFO - Выбран чат из списка: ID 1, Отображаемое имя 1111
2025-05-29 18:15:46,093 - MainWindow - INFO - UI: Открыт чат ID 1 (1111). Запрос истории.
2025-05-29 18:15:46,093 - MainWindow - INFO - Запрос истории для чата ID: 1 через SocketHandler.
2025-05-29 18:15:46,095 - MainWindow - INFO - СИГНАЛ: Получена история для чата ID 1 (12 сообщений).
2025-05-29 18:15:47,501 - MainWindow - INFO - UI: Панель списка чатов для 2222.
2025-05-29 18:15:47,501 - MainWindow - INFO - Пользователь 2222 запрашивает список чатов через SocketHandler.
2025-05-29 18:15:47,504 - MainWindow - INFO - СИГНАЛ: Получен список из 1 чатов.
2025-05-29 18:15:53,786 - MainWindow - INFO - СИГНАЛ: Входящее сообщение в чат ID 1 от 1111: 123
2025-05-29 18:15:53,786 - MainWindow - INFO - Пользователь 2222 запрашивает список чатов через SocketHandler.
2025-05-29 18:15:53,786 - MainWindow - INFO - Новое сообщение в неактивном чате ID 1 от 1111.
2025-05-29 18:15:53,788 - MainWindow - INFO - СИГНАЛ: Получен список из 1 чатов.
2025-05-29 18:15:57,825 - MainWindow - INFO - СИГНАЛ: Входящее сообщение в чат ID 1 от 1111: 123132
2025-05-29 18:15:57,825 - MainWindow - INFO - Пользователь 2222 запрашивает список чатов через SocketHandler.
2025-05-29 18:15:57,825 - MainWindow - INFO - Новое сообщение в неактивном чате ID 1 от 1111.
2025-05-29 18:15:57,826 - MainWindow - INFO - СИГНАЛ: Получен список из 1 чатов.
2025-05-29 18:15:59,524 - MainWindow - INFO - Пользователь 2222 запрашивает список чатов через SocketHandler.
2025-05-29 18:15:59,526 - MainWindow - INFO - СИГНАЛ: Получен список из 1 чатов.
2025-05-29 18:16:04,006 - MainWindow - INFO - Окно клиента закрывается. Отключение от сервера через SocketHandler.
2025-05-29 18:16:04,006 - MainWindow - INFO - СИГНАЛ: Отключено от сервера (через SocketHandler).
2025-05-29 18:16:04,007 - MainWindow - INFO - UI: Панель подключения. Статус: Соединение с сервером разорвано.
