2025-05-29 18:14:48,703 - MainWindow - INFO - Инициализация ChatClientWindow...
2025-05-29 18:14:48,709 - MainWindow - INFO - UI и SocketHandler для ChatClientWindow инициализированы.
2025-05-29 18:15:00,013 - MainWindow - INFO - Попытка подключения к 127.0.0.1:65432 через SocketHandler.
2025-05-29 18:15:00,016 - MainWindow - INFO - СИГНАЛ: Успешно подключено к серверу (через SocketHandler).
2025-05-29 18:15:00,016 - MainWindow - INFO - UI: Панель аутентификации. Статус: Подключено к 127.0.0.1:65432. Введите данные.
2025-05-29 18:15:03,988 - MainWindow - INFO - Попытка входа для 1111 через SocketHandler.
2025-05-29 18:15:04,192 - MainWindow - INFO - СИГНАЛ: Получен статус логина: {'message': 'Успешный вход.', 'status': 'success', 'user_id': 1, 'username': '1111'}
2025-05-29 18:15:04,192 - MainWindow - INFO - Логин успешен как 1111 (ID: 1).
2025-05-29 18:15:04,192 - MainWindow - INFO - UI: Панель списка чатов для 1111.
2025-05-29 18:15:04,193 - MainWindow - INFO - Пользователь 1111 запрашивает список чатов через SocketHandler.
2025-05-29 18:15:04,196 - MainWindow - INFO - СИГНАЛ: Получен список из 1 чатов.
2025-05-29 18:15:04,218 - MainWindow - INFO - СИГНАЛ: Получен список из 1 чатов.
2025-05-29 18:15:05,716 - MainWindow - INFO - Выбран чат из списка: ID 1, Отображаемое имя 2222
2025-05-29 18:15:05,717 - MainWindow - INFO - UI: Открыт чат ID 1 (2222). Запрос истории.
2025-05-29 18:15:05,717 - MainWindow - INFO - Запрос истории для чата ID: 1 через SocketHandler.
2025-05-29 18:15:05,720 - MainWindow - INFO - СИГНАЛ: Получена история для чата ID 1 (9 сообщений).
2025-05-29 18:15:11,598 - MainWindow - INFO - Отправка сообщения в чат ID 1 (для 2222): ццц через SocketHandler.
2025-05-29 18:15:13,822 - MainWindow - INFO - Отправка сообщения в чат ID 1 (для 2222): 222 через SocketHandler.
2025-05-29 18:15:19,253 - MainWindow - INFO - UI: Панель списка чатов для 1111.
2025-05-29 18:15:19,253 - MainWindow - INFO - Пользователь 1111 запрашивает список чатов через SocketHandler.
2025-05-29 18:15:19,256 - MainWindow - INFO - СИГНАЛ: Получен список из 1 чатов.
2025-05-29 18:15:22,404 - MainWindow - INFO - Попытка начать/открыть чат с: ууу
2025-05-29 18:15:22,405 - MainWindow - INFO - Новый (или не загруженный) диалог с ууу. Открытие панели чата (ID пока не известен).
2025-05-29 18:15:22,405 - MainWindow - INFO - UI: Открыт чат ID None (ууу). Запрос истории.
2025-05-29 18:15:22,405 - MainWindow - INFO - UI: Открыт новый чат (без ID) с ууу.
2025-05-29 18:15:34,485 - MainWindow - INFO - UI: Панель списка чатов для 1111.
2025-05-29 18:15:34,485 - MainWindow - INFO - Пользователь 1111 запрашивает список чатов через SocketHandler.
2025-05-29 18:15:34,487 - MainWindow - INFO - СИГНАЛ: Получен список из 1 чатов.
2025-05-29 18:15:35,876 - MainWindow - INFO - Выбран чат из списка: ID 1, Отображаемое имя 2222
2025-05-29 18:15:35,877 - MainWindow - INFO - UI: Открыт чат ID 1 (2222). Запрос истории.
2025-05-29 18:15:35,877 - MainWindow - INFO - Запрос истории для чата ID: 1 через SocketHandler.
2025-05-29 18:15:35,879 - MainWindow - INFO - СИГНАЛ: Получена история для чата ID 1 (11 сообщений).
2025-05-29 18:15:39,413 - MainWindow - INFO - Отправка сообщения в чат ID 1 (для 2222): уййй через SocketHandler.
2025-05-29 18:15:40,485 - MainWindow - INFO - UI: Панель списка чатов для 1111.
2025-05-29 18:15:40,485 - MainWindow - INFO - Пользователь 1111 запрашивает список чатов через SocketHandler.
2025-05-29 18:15:40,487 - MainWindow - INFO - СИГНАЛ: Получен список из 1 чатов.
2025-05-29 18:15:41,508 - MainWindow - INFO - Выбран чат из списка: ID 1, Отображаемое имя 2222
2025-05-29 18:15:41,509 - MainWindow - INFO - UI: Открыт чат ID 1 (2222). Запрос истории.
2025-05-29 18:15:41,509 - MainWindow - INFO - Запрос истории для чата ID: 1 через SocketHandler.
2025-05-29 18:15:41,511 - MainWindow - INFO - СИГНАЛ: Получена история для чата ID 1 (12 сообщений).
2025-05-29 18:15:43,653 - MainWindow - INFO - UI: Панель списка чатов для 1111.
2025-05-29 18:15:43,653 - MainWindow - INFO - Пользователь 1111 запрашивает список чатов через SocketHandler.
2025-05-29 18:15:43,655 - MainWindow - INFO - СИГНАЛ: Получен список из 1 чатов.
2025-05-29 18:15:51,564 - MainWindow - INFO - Выбран чат из списка: ID 1, Отображаемое имя 2222
2025-05-29 18:15:51,565 - MainWindow - INFO - UI: Открыт чат ID 1 (2222). Запрос истории.
2025-05-29 18:15:51,565 - MainWindow - INFO - Запрос истории для чата ID: 1 через SocketHandler.
2025-05-29 18:15:51,567 - MainWindow - INFO - СИГНАЛ: Получена история для чата ID 1 (12 сообщений).
2025-05-29 18:15:53,780 - MainWindow - INFO - Отправка сообщения в чат ID 1 (для 2222): 123 через SocketHandler.
2025-05-29 18:15:57,820 - MainWindow - INFO - Отправка сообщения в чат ID 1 (для 2222): 123132 через SocketHandler.
2025-05-29 18:16:02,681 - MainWindow - INFO - Окно клиента закрывается. Отключение от сервера через SocketHandler.
2025-05-29 18:16:02,681 - MainWindow - INFO - СИГНАЛ: Отключено от сервера (через SocketHandler).
2025-05-29 18:16:02,682 - MainWindow - INFO - UI: Панель подключения. Статус: Соединение с сервером разорвано.
