2025-05-30 05:23:14,235 - SocketHandler - INFO - SocketHandler инициализирован.
2025-05-30 05:23:22,791 - SocketHandler - INFO - Попытка подключения к 127.0.0.1:65432
2025-05-30 05:23:22,793 - SocketHandler - INFO - Соединение с сервером установлено.
2025-05-30 05:23:29,135 - SocketHandler - DEBUG - Отправлено: {"type": "login", "payload": {"username": "5555", "password": "5555"}}
2025-05-30 05:23:29,139 - SocketHandler - INFO - Получено полное сообщение от сервера: {"type": "login_status", "payload": {"status": "error", "message": "Неверное имя пользователя или пароль."}}
2025-05-30 05:23:30,647 - SocketHandler - DEBUG - Отправлено: {"type": "register", "payload": {"username": "5555", "password": "5555"}}
2025-05-30 05:23:30,807 - SocketHandler - INFO - Получено полное сообщение от сервера: {"type": "register_status", "payload": {"status": "success", "message": "Пользователь '5555' успешно зарегистрирован. Теперь вы можете войти."}}
2025-05-30 05:23:32,439 - SocketHandler - DEBUG - Отправлено: {"type": "login", "payload": {"username": "5555", "password": "5555"}}
2025-05-30 05:23:32,599 - SocketHandler - INFO - Получено полное сообщение от сервера: {"type": "login_status", "payload": {"status": "success", "message": "Успешный вход.", "username": "5555", "user_id": 4}}
2025-05-30 05:23:32,601 - SocketHandler - DEBUG - Отправлено: {"type": "request_chat_list", "payload": {}}
2025-05-30 05:23:32,603 - SocketHandler - INFO - Получено полное сообщение от сервера: {"type": "chat_list_response", "payload": {"chats": []}}
2025-05-30 05:23:32,605 - SocketHandler - INFO - Получено полное сообщение от сервера: {"type": "chat_list_response", "payload": {"chats": []}}
2025-05-30 05:23:45,190 - SocketHandler - DEBUG - Отправлено: {"type": "initiate_direct_chat", "payload": {"target_username": "4444"}}
2025-05-30 05:23:45,219 - SocketHandler - INFO - Получено полное сообщение от сервера: {"type": "initiate_direct_chat_response", "payload": {"status": "success", "chat_id": 8, "chat_name": "4444", "other_user_id": 5, "other_username": "4444"}}
2025-05-30 05:23:45,221 - SocketHandler - DEBUG - Отправлено: {"type": "request_chat_history", "payload": {"chat_id": 8}}
2025-05-30 05:23:45,222 - SocketHandler - INFO - Получено полное сообщение от сервера: {"type": "chat_history", "payload": {"chat_id": 8, "messages": []}}
2025-05-30 05:23:49,112 - SocketHandler - DEBUG - Отправлено: {"type": "send_message_to_chat", "payload": {"chat_id": 8, "text": "1"}}
2025-05-30 05:23:56,825 - SocketHandler - DEBUG - Отправлено: {"type": "send_message_to_chat", "payload": {"chat_id": 8, "text": "2"}}
2025-05-30 05:23:58,217 - SocketHandler - DEBUG - Отправлено: {"type": "send_message_to_chat", "payload": {"chat_id": 8, "text": "3"}}
2025-05-30 05:23:59,074 - SocketHandler - DEBUG - Отправлено: {"type": "send_message_to_chat", "payload": {"chat_id": 8, "text": "4"}}
2025-05-30 05:23:59,442 - SocketHandler - DEBUG - Отправлено: {"type": "send_message_to_chat", "payload": {"chat_id": 8, "text": "5"}}
2025-05-30 05:24:05,402 - SocketHandler - DEBUG - Отправлено: {"type": "send_message_to_chat", "payload": {"chat_id": 8, "text": "6"}}
2025-05-30 05:24:05,754 - SocketHandler - DEBUG - Отправлено: {"type": "send_message_to_chat", "payload": {"chat_id": 8, "text": "7"}}
2025-05-30 05:24:06,090 - SocketHandler - DEBUG - Отправлено: {"type": "send_message_to_chat", "payload": {"chat_id": 8, "text": "8"}}
2025-05-30 05:24:06,571 - SocketHandler - DEBUG - Отправлено: {"type": "send_message_to_chat", "payload": {"chat_id": 8, "text": "9"}}
2025-05-30 05:24:08,195 - SocketHandler - DEBUG - Отправлено: {"type": "send_message_to_chat", "payload": {"chat_id": 8, "text": "10"}}
2025-05-30 05:24:09,099 - SocketHandler - DEBUG - Отправлено: {"type": "send_message_to_chat", "payload": {"chat_id": 8, "text": "11"}}
2025-05-30 05:24:09,915 - SocketHandler - DEBUG - Отправлено: {"type": "send_message_to_chat", "payload": {"chat_id": 8, "text": "12"}}
2025-05-30 05:24:10,363 - SocketHandler - DEBUG - Отправлено: {"type": "send_message_to_chat", "payload": {"chat_id": 8, "text": "13"}}
2025-05-30 05:24:10,939 - SocketHandler - DEBUG - Отправлено: {"type": "send_message_to_chat", "payload": {"chat_id": 8, "text": "14"}}
2025-05-30 05:24:12,123 - SocketHandler - DEBUG - Отправлено: {"type": "send_message_to_chat", "payload": {"chat_id": 8, "text": "15"}}
2025-05-30 05:24:12,619 - SocketHandler - DEBUG - Отправлено: {"type": "send_message_to_chat", "payload": {"chat_id": 8, "text": "16"}}
2025-05-30 05:24:14,083 - SocketHandler - DEBUG - Отправлено: {"type": "send_message_to_chat", "payload": {"chat_id": 8, "text": "17"}}
2025-05-30 05:24:15,139 - SocketHandler - DEBUG - Отправлено: {"type": "send_message_to_chat", "payload": {"chat_id": 8, "text": "18"}}
2025-05-30 05:24:16,172 - SocketHandler - DEBUG - Отправлено: {"type": "send_message_to_chat", "payload": {"chat_id": 8, "text": "19"}}
2025-05-30 05:24:17,148 - SocketHandler - DEBUG - Отправлено: {"type": "send_message_to_chat", "payload": {"chat_id": 8, "text": "20"}}
2025-05-30 05:24:18,012 - SocketHandler - DEBUG - Отправлено: {"type": "send_message_to_chat", "payload": {"chat_id": 8, "text": "21"}}
2025-05-30 05:24:18,812 - SocketHandler - DEBUG - Отправлено: {"type": "send_message_to_chat", "payload": {"chat_id": 8, "text": "22"}}
2025-05-30 05:24:20,764 - SocketHandler - DEBUG - Отправлено: {"type": "send_message_to_chat", "payload": {"chat_id": 8, "text": "23"}}
2025-05-30 05:24:25,417 - SocketHandler - INFO - Получено полное сообщение от сервера: {"type": "incoming_chat_message", "payload": {"chat_id": 8, "message_id": 138, "sender_username": "4444", "sender_id": 5, "text": "24", "timestamp": "2025-05-30T05:24:25.414870+07:00"}}
2025-05-30 05:24:25,903 - SocketHandler - INFO - Получено полное сообщение от сервера: {"type": "incoming_chat_message", "payload": {"chat_id": 8, "message_id": 139, "sender_username": "4444", "sender_id": 5, "text": "25", "timestamp": "2025-05-30T05:24:25.902468+07:00"}}
2025-05-30 05:24:26,911 - SocketHandler - INFO - Получено полное сообщение от сервера: {"type": "incoming_chat_message", "payload": {"chat_id": 8, "message_id": 140, "sender_username": "4444", "sender_id": 5, "text": "26", "timestamp": "2025-05-30T05:24:26.910659+07:00"}}
2025-05-30 05:24:27,426 - SocketHandler - INFO - Получено полное сообщение от сервера: {"type": "incoming_chat_message", "payload": {"chat_id": 8, "message_id": 141, "sender_username": "4444", "sender_id": 5, "text": "27", "timestamp": "2025-05-30T05:24:27.424937+07:00"}}
2025-05-30 05:24:27,921 - SocketHandler - INFO - Получено полное сообщение от сервера: {"type": "incoming_chat_message", "payload": {"chat_id": 8, "message_id": 142, "sender_username": "4444", "sender_id": 5, "text": "28", "timestamp": "2025-05-30T05:24:27.919121+07:00"}}
2025-05-30 05:24:28,432 - SocketHandler - INFO - Получено полное сообщение от сервера: {"type": "incoming_chat_message", "payload": {"chat_id": 8, "message_id": 143, "sender_username": "4444", "sender_id": 5, "text": "29", "timestamp": "2025-05-30T05:24:28.431288+07:00"}}
2025-05-30 05:24:30,704 - SocketHandler - INFO - Получено полное сообщение от сервера: {"type": "incoming_chat_message", "payload": {"chat_id": 8, "message_id": 144, "sender_username": "4444", "sender_id": 5, "text": "30", "timestamp": "2025-05-30T05:24:30.703435+07:00"}}
2025-05-30 05:24:31,832 - SocketHandler - INFO - Получено полное сообщение от сервера: {"type": "incoming_chat_message", "payload": {"chat_id": 8, "message_id": 145, "sender_username": "4444", "sender_id": 5, "text": "1", "timestamp": "2025-05-30T05:24:31.831617+07:00"}}
2025-05-30 05:24:32,464 - SocketHandler - INFO - Получено полное сообщение от сервера: {"type": "incoming_chat_message", "payload": {"chat_id": 8, "message_id": 146, "sender_username": "4444", "sender_id": 5, "text": "2", "timestamp": "2025-05-30T05:24:32.463751+07:00"}}
2025-05-30 05:24:33,178 - SocketHandler - INFO - Получено полное сообщение от сервера: {"type": "incoming_chat_message", "payload": {"chat_id": 8, "message_id": 147, "sender_username": "4444", "sender_id": 5, "text": "3", "timestamp": "2025-05-30T05:24:33.175571+07:00"}}
2025-05-30 05:24:33,928 - SocketHandler - INFO - Получено полное сообщение от сервера: {"type": "incoming_chat_message", "payload": {"chat_id": 8, "message_id": 148, "sender_username": "4444", "sender_id": 5, "text": "4", "timestamp": "2025-05-30T05:24:33.927742+07:00"}}
2025-05-30 05:24:34,264 - SocketHandler - INFO - Получено полное сообщение от сервера: {"type": "incoming_chat_message", "payload": {"chat_id": 8, "message_id": 149, "sender_username": "4444", "sender_id": 5, "text": "5", "timestamp": "2025-05-30T05:24:34.263650+07:00"}}
2025-05-30 05:24:34,600 - SocketHandler - INFO - Получено полное сообщение от сервера: {"type": "incoming_chat_message", "payload": {"chat_id": 8, "message_id": 150, "sender_username": "4444", "sender_id": 5, "text": "6", "timestamp": "2025-05-30T05:24:34.599736+07:00"}}
2025-05-30 05:24:34,936 - SocketHandler - INFO - Получено полное сообщение от сервера: {"type": "incoming_chat_message", "payload": {"chat_id": 8, "message_id": 151, "sender_username": "4444", "sender_id": 5, "text": "7", "timestamp": "2025-05-30T05:24:34.935755+07:00"}}
2025-05-30 05:24:35,240 - SocketHandler - INFO - Получено полное сообщение от сервера: {"type": "incoming_chat_message", "payload": {"chat_id": 8, "message_id": 152, "sender_username": "4444", "sender_id": 5, "text": "8", "timestamp": "2025-05-30T05:24:35.239788+07:00"}}
2025-05-30 05:24:35,609 - SocketHandler - INFO - Получено полное сообщение от сервера: {"type": "incoming_chat_message", "payload": {"chat_id": 8, "message_id": 153, "sender_username": "4444", "sender_id": 5, "text": "9", "timestamp": "2025-05-30T05:24:35.607747+07:00"}}
2025-05-30 05:24:38,609 - SocketHandler - INFO - Получено полное сообщение от сервера: {"type": "incoming_chat_message", "payload": {"chat_id": 8, "message_id": 154, "sender_username": "4444", "sender_id": 5, "text": "10", "timestamp": "2025-05-30T05:24:38.608350+07:00"}}
2025-05-30 05:24:39,225 - SocketHandler - INFO - Получено полное сообщение от сервера: {"type": "incoming_chat_message", "payload": {"chat_id": 8, "message_id": 155, "sender_username": "4444", "sender_id": 5, "text": "1", "timestamp": "2025-05-30T05:24:39.224530+07:00"}}
2025-05-30 05:24:39,689 - SocketHandler - INFO - Получено полное сообщение от сервера: {"type": "incoming_chat_message", "payload": {"chat_id": 8, "message_id": 156, "sender_username": "4444", "sender_id": 5, "text": "2", "timestamp": "2025-05-30T05:24:39.688444+07:00"}}
2025-05-30 05:24:40,137 - SocketHandler - INFO - Получено полное сообщение от сервера: {"type": "incoming_chat_message", "payload": {"chat_id": 8, "message_id": 157, "sender_username": "4444", "sender_id": 5, "text": "3", "timestamp": "2025-05-30T05:24:40.136443+07:00"}}
2025-05-30 05:24:40,681 - SocketHandler - INFO - Получено полное сообщение от сервера: {"type": "incoming_chat_message", "payload": {"chat_id": 8, "message_id": 158, "sender_username": "4444", "sender_id": 5, "text": "4", "timestamp": "2025-05-30T05:24:40.680565+07:00"}}
2025-05-30 05:24:41,145 - SocketHandler - INFO - Получено полное сообщение от сервера: {"type": "incoming_chat_message", "payload": {"chat_id": 8, "message_id": 159, "sender_username": "4444", "sender_id": 5, "text": "5", "timestamp": "2025-05-30T05:24:41.144526+07:00"}}
2025-05-30 05:24:41,690 - SocketHandler - INFO - Получено полное сообщение от сервера: {"type": "incoming_chat_message", "payload": {"chat_id": 8, "message_id": 160, "sender_username": "4444", "sender_id": 5, "text": "6", "timestamp": "2025-05-30T05:24:41.689043+07:00"}}
2025-05-30 05:24:42,105 - SocketHandler - INFO - Получено полное сообщение от сервера: {"type": "incoming_chat_message", "payload": {"chat_id": 8, "message_id": 161, "sender_username": "4444", "sender_id": 5, "text": "7", "timestamp": "2025-05-30T05:24:42.104536+07:00"}}
2025-05-30 05:24:42,635 - SocketHandler - INFO - Получено полное сообщение от сервера: {"type": "incoming_chat_message", "payload": {"chat_id": 8, "message_id": 162, "sender_username": "4444", "sender_id": 5, "text": "8", "timestamp": "2025-05-30T05:24:42.632908+07:00"}}
2025-05-30 05:24:43,097 - SocketHandler - INFO - Получено полное сообщение от сервера: {"type": "incoming_chat_message", "payload": {"chat_id": 8, "message_id": 163, "sender_username": "4444", "sender_id": 5, "text": "9", "timestamp": "2025-05-30T05:24:43.096848+07:00"}}
2025-05-30 05:24:43,593 - SocketHandler - INFO - Получено полное сообщение от сервера: {"type": "incoming_chat_message", "payload": {"chat_id": 8, "message_id": 164, "sender_username": "4444", "sender_id": 5, "text": "0", "timestamp": "2025-05-30T05:24:43.592824+07:00"}}
2025-05-30 05:24:45,275 - SocketHandler - INFO - Получено полное сообщение от сервера: {"type": "incoming_chat_message", "payload": {"chat_id": 8, "message_id": 165, "sender_username": "4444", "sender_id": 5, "text": "11", "timestamp": "2025-05-30T05:24:45.273159+07:00"}}
2025-05-30 05:24:45,882 - SocketHandler - INFO - Получено полное сообщение от сервера: {"type": "incoming_chat_message", "payload": {"chat_id": 8, "message_id": 166, "sender_username": "4444", "sender_id": 5, "text": "11", "timestamp": "2025-05-30T05:24:45.881326+07:00"}}
2025-05-30 05:24:47,010 - SocketHandler - INFO - Получено полное сообщение от сервера: {"type": "incoming_chat_message", "payload": {"chat_id": 8, "message_id": 167, "sender_username": "4444", "sender_id": 5, "text": "12", "timestamp": "2025-05-30T05:24:47.009200+07:00"}}
2025-05-30 05:24:51,558 - SocketHandler - DEBUG - Отправлено: {"type": "request_chat_list", "payload": {}}
2025-05-30 05:24:51,563 - SocketHandler - INFO - Получено полное сообщение от сервера: {"type": "chat_list_response", "payload": {"chats": [{"chat_id": 8, "chat_type": "direct", "chat_name": "4444", "last_message_at": "2025-05-30T05:24:47.009200+07:00", "last_message_text": "12", "other_user_id": 5, "other_username": "4444", "unread_count": 0}]}}
2025-05-30 05:24:52,751 - SocketHandler - DEBUG - Отправлено: {"type": "request_chat_history", "payload": {"chat_id": 8}}
2025-05-30 05:24:52,753 - SocketHandler - INFO - Получено полное сообщение от сервера: {"type": "chat_history", "payload": {"chat_id": 8, "messages": [{"message_id": 115, "sender_username": "5555", "sender_id": 4, "text": "1", "timestamp": "2025-05-30T05:23:49.117257+07:00"}, {"message_id": 116, "sender_username": "5555", "sender_id": 4, "text": "2", "timestamp": "2025-05-30T05:23:56.827286+07:00"}, {"message_id": 117, "sender_username": "5555", "sender_id": 4, "text": "3", "timestamp": "2025-05-30T05:23:58.219311+07:00"}, {"message_id": 118, "sender_username": "5555", "sender_id": 4, "text": "4", "timestamp": "2025-05-30T05:23:59.075475+07:00"}, {"message_id": 119, "sender_username": "5555", "sender_id": 4, "text": "5", "timestamp": "2025-05-30T05:23:59.443292+07:00"}, {"message_id": 120, "sender_username": "5555", "sender_id": 4, "text": "6", "timestamp": "2025-05-30T05:24:05.404177+07:00"}, {"message_id": 121, "sender_username": "5555", "sender_id": 4, "text": "7", "timestamp": "2025-05-30T05:24:05.756340+07:00"}, {"message_id": 122, "sender_username": "5555", "sender_id": 4, "text": "8", "timestamp": "2025-05-30T05:24:06.092140+07:00"}, {"message_id": 123, "sender_username": "5555", "sender_id": 4, "text": "9", "timestamp": "2025-05-30T05:24:06.572419+07:00"}, {"message_id": 124, "sender_username": "5555", "sender_id": 4, "text": "10", "timestamp": "2025-05-30T05:24:08.196348+07:00"}, {"message_id": 125, "sender_username": "5555", "sender_id": 4, "text": "11", "timestamp": "2025-05-30T05:24:09.100837+07:00"}, {"message_id": 126, "sender_username": "5555", "sender_id": 4, "text": "12", "timestamp": "2025-05-30T05:24:09.916826+07:00"}, {"message_id": 127, "sender_username": "5555", "sender_id": 4, "text": "13", "timestamp": "2025-05-30T05:24:10.364720+07:00"}, {"message_id": 128, "sender_username": "5555", "sender_id": 4, "text": "14", "timestamp": "2025-05-30T05:24:10.940952+07:00"}, {"message_id": 129, "sender_username": "5555", "sender_id": 4, "text": "15", "timestamp": "2025-05-30T05:24:12.124856+07:00"}, {"message_id": 130, "sender_username": "5555", "sender_id": 4, "text": "16", "timestamp": "2025-05-30T05:24:12.620858+07:00"}, {"message_id": 131, "sender_username": "5555", "sender_id": 4, "text": "17", "timestamp": "2025-05-30T05:24:14.085172+07:00"}, {"message_id": 132, "sender_username": "5555", "sender_id": 4, "text": "18", "timestamp": "2025-05-30T05:24:15.141190+07:00"}, {"message_id": 133, "sender_username": "5555", "sender_id": 4, "text": "19", "timestamp": "2025-05-30T05:24:16.173396+07:00"}, {"message_id": 134, "sender_username": "5555", "sender_id": 4, "text": "20", "timestamp": "2025-05-30T05:24:17.149318+07:00"}, {"message_id": 135, "sender_username": "5555", "sender_id": 4, "text": "21", "timestamp": "2025-05-30T05:24:18.013607+07:00"}, {"message_id": 136, "sender_username": "5555", "sender_id": 4, "text": "22", "timestamp": "2025-05-30T05:24:18.813856+07:00"}, {"message_id": 137, "sender_username": "5555", "sender_id": 4, "text": "23", "timestamp": "2025-05-30T05:24:20.766205+07:00"}, {"message_id": 138, "sender_username": "4444", "sender_id": 5, "text": "24", "timestamp": "2025-05-30T05:24:25.414870+07:00"}, {"message_id": 139, "sender_username": "4444", "sender_id": 5, "text": "25", "timestamp": "2025-05-30T05:24:25.902468+07:00"}, {"message_id": 140, "sender_username": "4444", "sender_id": 5, "text": "26", "timestamp": "2025-05-30T05:24:26.910659+07:00"}, {"message_id": 141, "sender_username": "4444", "sender_id": 5, "text": "27", "timestamp": "2025-05-30T05:24:27.424937+07:00"}, {"message_id": 142, "sender_username": "4444", "sender_id": 5, "text": "28", "timestamp": "2025-05-30T05:24:27.919121+07:00"}, {"message_id": 143, "sender_username": "4444", "sender_id": 5, "text": "29", "timestamp": "2025-05-30T05:24:28.431288+07:00"}, {"message_id": 144, "sender_username": "4444", "sender_id": 5, "text": "30", "timestamp": "2025-05-30T05:24:30.703435+07:00"}, {"message_id": 145, "sender_username": "4444", "sender_id": 5, "text": "1", "timestamp": "2025-05-30T05:24:31.831617+07:00"}, {"message_id": 146, "sender_username": "4444", "sender_id": 5, "text": "2", "timestamp": "2025-05-30T05:24:32.463751+07:00"}, {"message_id": 147, "sender_username": "4444", "sender_id": 5, "text": "3", "timestamp": "2025-05-30T05:24:33.175571+07:00"}, {"message_id": 148, "sender_username": "4444", "sender_id": 5, "text": "4", "timestamp": "2025-05-30T05:24:33.927742+07:00"}, {"message_id": 149, "sender_username": "4444", "sender_id": 5, "text": "5", "timestamp": "2025-05-30T05:24:34.263650+07:00"}, {"message_id": 150, "sender_username": "4444", "sender_id": 5, "text": "6", "timestamp": "2025-05-30T05:24:34.599736+07:00"}, {"message_id": 151, "sender_username": "4444", "sender_id": 5, "text": "7", "timestamp": "2025-05-30T05:24:34.935755+07:00"}, {"message_id": 152, "sender_username": "4444", "sender_id": 5, "text": "8", "timestamp": "2025-05-30T05:24:35.239788+07:00"}, {"message_id": 153, "sender_username": "4444", "sender_id": 5, "text": "9", "timestamp": "2025-05-30T05:24:35.607747+07:00"}, {"message_id": 154, "sender_username": "4444", "sender_id": 5, "text": "10", "timestamp": "2025-05-30T05:24:38.608350+07:00"}, {"message_id": 155, "sender_username": "4444", "sender_id": 5, "text": "1", "timestamp": "2025-05-30T05:24:39.224530+07:00"}, {"message_id": 156, "sender_username": "4444", "sender_id": 5, "text": "2", "timestamp": "2025-05-30T05:24:39.688444+07:00"}, {"message_id": 157, "sender_username": "4444", "sender_id": 5, "text": "3", "timestamp": "2025-05-30T05:24:40.136443+07:00"}, {"message_id": 158, "sender_username": "4444", "sender_id": 5, "text": "4", "timestamp": "2025-05-30T05:24:40.680565+07:00"}, {"message_id": 159, "sender_username": "4444", "sender_id": 5, "text": "5", "timestamp": "2025-05-30T05:24:41.144526+07:00"}, {"message_id": 160, "sender_username": "4444", "sender_id": 5, "text": "6", "timestamp": "2025-05-30T05:24:41.689043+07:00"}, {"message_id": 161, "sender_username": "4444", "sender_id": 5, "text": "7", "timestamp": "2025-05-30T05:24:42.104536+07:00"}, {"message_id": 162, "sender_username": "4444", "sender_id": 5, "text": "8", "timestamp": "2025-05-30T05:24:42.632908+07:00"}, {"message_id": 163, "sender_username": "4444", "sender_id": 5, "text": "9", "timestamp": "2025-05-30T05:24:43.096848+07:00"}, {"message_id": 164, "sender_username": "4444", "sender_id": 5, "text": "0", "timestamp": "2025-05-30T05:24:43.592824+07:00"}]}}
2025-05-30 05:25:12,522 - SocketHandler - DEBUG - Отправлено: {"type": "send_message_to_chat", "payload": {"chat_id": 8, "text": "123"}}
2025-05-30 05:25:12,954 - SocketHandler - DEBUG - Отправлено: {"type": "send_message_to_chat", "payload": {"chat_id": 8, "text": "123"}}
2025-05-30 05:25:13,490 - SocketHandler - DEBUG - Отправлено: {"type": "send_message_to_chat", "payload": {"chat_id": 8, "text": "123"}}
2025-05-30 05:25:13,922 - SocketHandler - DEBUG - Отправлено: {"type": "send_message_to_chat", "payload": {"chat_id": 8, "text": "123"}}
2025-05-30 05:25:18,350 - SocketHandler - DEBUG - Отправлено: {"type": "request_chat_list", "payload": {}}
2025-05-30 05:25:18,353 - SocketHandler - INFO - Получено полное сообщение от сервера: {"type": "chat_list_response", "payload": {"chats": [{"chat_id": 8, "chat_type": "direct", "chat_name": "4444", "last_message_at": "2025-05-30T05:25:13.924351+07:00", "last_message_text": "123", "other_user_id": 5, "other_username": "4444", "unread_count": 0}]}}
2025-05-30 05:25:21,182 - SocketHandler - DEBUG - Отправлено: {"type": "request_chat_list", "payload": {}}
2025-05-30 05:25:21,184 - SocketHandler - INFO - Получено полное сообщение от сервера: {"type": "chat_list_response", "payload": {"chats": [{"chat_id": 8, "chat_type": "direct", "chat_name": "4444", "last_message_at": "2025-05-30T05:25:13.924351+07:00", "last_message_text": "123", "other_user_id": 5, "other_username": "4444", "unread_count": 0}]}}
2025-05-30 05:25:22,119 - SocketHandler - DEBUG - Отправлено: {"type": "request_chat_history", "payload": {"chat_id": 8}}
2025-05-30 05:25:22,122 - SocketHandler - INFO - Получено полное сообщение от сервера: {"type": "chat_history", "payload": {"chat_id": 8, "messages": [{"message_id": 115, "sender_username": "5555", "sender_id": 4, "text": "1", "timestamp": "2025-05-30T05:23:49.117257+07:00"}, {"message_id": 116, "sender_username": "5555", "sender_id": 4, "text": "2", "timestamp": "2025-05-30T05:23:56.827286+07:00"}, {"message_id": 117, "sender_username": "5555", "sender_id": 4, "text": "3", "timestamp": "2025-05-30T05:23:58.219311+07:00"}, {"message_id": 118, "sender_username": "5555", "sender_id": 4, "text": "4", "timestamp": "2025-05-30T05:23:59.075475+07:00"}, {"message_id": 119, "sender_username": "5555", "sender_id": 4, "text": "5", "timestamp": "2025-05-30T05:23:59.443292+07:00"}, {"message_id": 120, "sender_username": "5555", "sender_id": 4, "text": "6", "timestamp": "2025-05-30T05:24:05.404177+07:00"}, {"message_id": 121, "sender_username": "5555", "sender_id": 4, "text": "7", "timestamp": "2025-05-30T05:24:05.756340+07:00"}, {"message_id": 122, "sender_username": "5555", "sender_id": 4, "text": "8", "timestamp": "2025-05-30T05:24:06.092140+07:00"}, {"message_id": 123, "sender_username": "5555", "sender_id": 4, "text": "9", "timestamp": "2025-05-30T05:24:06.572419+07:00"}, {"message_id": 124, "sender_username": "5555", "sender_id": 4, "text": "10", "timestamp": "2025-05-30T05:24:08.196348+07:00"}, {"message_id": 125, "sender_username": "5555", "sender_id": 4, "text": "11", "timestamp": "2025-05-30T05:24:09.100837+07:00"}, {"message_id": 126, "sender_username": "5555", "sender_id": 4, "text": "12", "timestamp": "2025-05-30T05:24:09.916826+07:00"}, {"message_id": 127, "sender_username": "5555", "sender_id": 4, "text": "13", "timestamp": "2025-05-30T05:24:10.364720+07:00"}, {"message_id": 128, "sender_username": "5555", "sender_id": 4, "text": "14", "timestamp": "2025-05-30T05:24:10.940952+07:00"}, {"message_id": 129, "sender_username": "5555", "sender_id": 4, "text": "15", "timestamp": "2025-05-30T05:24:12.124856+07:00"}, {"message_id": 130, "sender_username": "5555", "sender_id": 4, "text": "16", "timestamp": "2025-05-30T05:24:12.620858+07:00"}, {"message_id": 131, "sender_username": "5555", "sender_id": 4, "text": "17", "timestamp": "2025-05-30T05:24:14.085172+07:00"}, {"message_id": 132, "sender_username": "5555", "sender_id": 4, "text": "18", "timestamp": "2025-05-30T05:24:15.141190+07:00"}, {"message_id": 133, "sender_username": "5555", "sender_id": 4, "text": "19", "timestamp": "2025-05-30T05:24:16.173396+07:00"}, {"message_id": 134, "sender_username": "5555", "sender_id": 4, "text": "20", "timestamp": "2025-05-30T05:24:17.149318+07:00"}, {"message_id": 135, "sender_username": "5555", "sender_id": 4, "text": "21", "timestamp": "2025-05-30T05:24:18.013607+07:00"}, {"message_id": 136, "sender_username": "5555", "sender_id": 4, "text": "22", "timestamp": "2025-05-30T05:24:18.813856+07:00"}, {"message_id": 137, "sender_username": "5555", "sender_id": 4, "text": "23", "timestamp": "2025-05-30T05:24:20.766205+07:00"}, {"message_id": 138, "sender_username": "4444", "sender_id": 5, "text": "24", "timestamp": "2025-05-30T05:24:25.414870+07:00"}, {"message_id": 139, "sender_username": "4444", "sender_id": 5, "text": "25", "timestamp": "2025-05-30T05:24:25.902468+07:00"}, {"message_id": 140, "sender_username": "4444", "sender_id": 5, "text": "26", "timestamp": "2025-05-30T05:24:26.910659+07:00"}, {"message_id": 141, "sender_username": "4444", "sender_id": 5, "text": "27", "timestamp": "2025-05-30T05:24:27.424937+07:00"}, {"message_id": 142, "sender_username": "4444", "sender_id": 5, "text": "28", "timestamp": "2025-05-30T05:24:27.919121+07:00"}, {"message_id": 143, "sender_username": "4444", "sender_id": 5, "text": "29", "timestamp": "2025-05-30T05:24:28.431288+07:00"}, {"message_id": 144, "sender_username": "4444", "sender_id": 5, "text": "30", "timestamp": "2025-05-30T05:24:30.703435+07:00"}, {"message_id": 145, "sender_username": "4444", "sender_id": 5, "text": "1", "timestamp": "2025-05-30T05:24:31.831617+07:00"}, {"message_id": 146, "sender_username": "4444", "sender_id": 5, "text": "2", "timestamp": "2025-05-30T05:24:32.463751+07:00"}, {"message_id": 147, "sender_username": "4444", "sender_id": 5, "text": "3", "timestamp": "2025-05-30T05:24:33.175571+07:00"}, {"message_id": 148, "sender_username": "4444", "sender_id": 5, "text": "4", "timestamp": "2025-05-30T05:24:33.927742+07:00"}, {"message_id": 149, "sender_username": "4444", "sender_id": 5, "text": "5", "timestamp": "2025-05-30T05:24:34.263650+07:00"}, {"message_id": 150, "sender_username": "4444", "sender_id": 5, "text": "6", "timestamp": "2025-05-30T05:24:34.599736+07:00"}, {"message_id": 151, "sender_username": "4444", "sender_id": 5, "text": "7", "timestamp": "2025-05-30T05:24:34.935755+07:00"}, {"message_id": 152, "sender_username": "4444", "sender_id": 5, "text": "8", "timestamp": "2025-05-30T05:24:35.239788+07:00"}, {"message_id": 153, "sender_username": "4444", "sender_id": 5, "text": "9", "timestamp": "2025-05-30T05:24:35.607747+07:00"}, {"message_id": 154, "sender_username": "4444", "sender_id": 5, "text": "10", "timestamp": "2025-05-30T05:24:38.608350+07:00"}, {"message_id": 155, "sender_username": "4444", "sender_id": 5, "text": "1", "timestamp": "2025-05-30T05:24:39.224530+07:00"}, {"message_id": 156, "sender_username": "4444", "sender_id": 5, "text": "2", "timestamp": "2025-05-30T05:24:39.688444+07:00"}, {"message_id": 157, "sender_username": "4444", "sender_id": 5, "text": "3", "timestamp": "2025-05-30T05:24:40.136443+07:00"}, {"message_id": 158, "sender_username": "4444", "sender_id": 5, "text": "4", "timestamp": "2025-05-30T05:24:40.680565+07:00"}, {"message_id": 159, "sender_username": "4444", "sender_id": 5, "text": "5", "timestamp": "2025-05-30T05:24:41.144526+07:00"}, {"message_id": 160, "sender_username": "4444", "sender_id": 5, "text": "6", "timestamp": "2025-05-30T05:24:41.689043+07:00"}, {"message_id": 161, "sender_username": "4444", "sender_id": 5, "text": "7", "timestamp": "2025-05-30T05:24:42.104536+07:00"}, {"message_id": 162, "sender_username": "4444", "sender_id": 5, "text": "8", "timestamp": "2025-05-30T05:24:42.632908+07:00"}, {"message_id": 163, "sender_username": "4444", "sender_id": 5, "text": "9", "timestamp": "2025-05-30T05:24:43.096848+07:00"}, {"message_id": 164, "sender_username": "4444", "sender_id": 5, "text": "0", "timestamp": "2025-05-30T05:24:43.592824+07:00"}]}}
2025-05-30 05:25:40,889 - SocketHandler - DEBUG - Отправлено: {"type": "request_chat_list", "payload": {}}
2025-05-30 05:25:40,893 - SocketHandler - INFO - Получено полное сообщение от сервера: {"type": "chat_list_response", "payload": {"chats": [{"chat_id": 8, "chat_type": "direct", "chat_name": "4444", "last_message_at": "2025-05-30T05:25:13.924351+07:00", "last_message_text": "123", "other_user_id": 5, "other_username": "4444", "unread_count": 0}]}}
2025-05-30 05:25:44,662 - SocketHandler - DEBUG - Отправлено: {"type": "request_chat_list", "payload": {}}
2025-05-30 05:25:44,664 - SocketHandler - INFO - Получено полное сообщение от сервера: {"type": "chat_list_response", "payload": {"chats": [{"chat_id": 8, "chat_type": "direct", "chat_name": "4444", "last_message_at": "2025-05-30T05:25:13.924351+07:00", "last_message_text": "123", "other_user_id": 5, "other_username": "4444", "unread_count": 0}]}}
2025-05-30 05:26:09,711 - SocketHandler - DEBUG - Отправлено: {"type": "create_group_request", "payload": {"group_name": "клоунада", "member_usernames": ["5555", "4444", "3333", "2222", "1111"]}}
2025-05-30 05:26:09,715 - SocketHandler - INFO - Получено полное сообщение от сервера: {"type": "create_group_response", "payload": {"status": "success", "message": "Группа 'клоунада' успешно создана.", "chat_id": 9, "chat_name": "клоунада", "chat_type": "group"}}
2025-05-30 05:26:10,696 - SocketHandler - DEBUG - Отправлено: {"type": "request_chat_list", "payload": {}}
2025-05-30 05:26:10,697 - SocketHandler - DEBUG - Отправлено: {"type": "request_chat_history", "payload": {"chat_id": 9}}
2025-05-30 05:26:10,700 - SocketHandler - INFO - Получено полное сообщение от сервера: {"type": "chat_list_response", "payload": {"chats": [{"chat_id": 8, "chat_type": "direct", "chat_name": "4444", "last_message_at": "2025-05-30T05:25:13.924351+07:00", "last_message_text": "123", "other_user_id": 5, "other_username": "4444", "unread_count": 0}, {"chat_id": 9, "chat_type": "group", "chat_name": "клоунада", "last_message_at": null, "last_message_text": "Нет сообщений", "other_user_id": null, "other_username": null, "unread_count": 0}]}}
2025-05-30 05:26:10,700 - SocketHandler - INFO - Получено полное сообщение от сервера: {"type": "chat_history", "payload": {"chat_id": 9, "messages": []}}
2025-05-30 05:26:15,302 - SocketHandler - DEBUG - Отправлено: {"type": "send_message_to_chat", "payload": {"chat_id": 9, "text": "1"}}
2025-05-30 05:26:24,835 - SocketHandler - DEBUG - Отправлено: {"type": "send_message_to_chat", "payload": {"chat_id": 9, "text": "2"}}
2025-05-30 05:26:25,219 - SocketHandler - DEBUG - Отправлено: {"type": "send_message_to_chat", "payload": {"chat_id": 9, "text": "3"}}
2025-05-30 05:26:25,539 - SocketHandler - DEBUG - Отправлено: {"type": "send_message_to_chat", "payload": {"chat_id": 9, "text": "4"}}
2025-05-30 05:26:25,875 - SocketHandler - DEBUG - Отправлено: {"type": "send_message_to_chat", "payload": {"chat_id": 9, "text": "5"}}
2025-05-30 05:26:26,243 - SocketHandler - DEBUG - Отправлено: {"type": "send_message_to_chat", "payload": {"chat_id": 9, "text": "6"}}
2025-05-30 05:26:26,547 - SocketHandler - DEBUG - Отправлено: {"type": "send_message_to_chat", "payload": {"chat_id": 9, "text": "7"}}
2025-05-30 05:26:26,867 - SocketHandler - DEBUG - Отправлено: {"type": "send_message_to_chat", "payload": {"chat_id": 9, "text": "8"}}
2025-05-30 05:26:27,267 - SocketHandler - DEBUG - Отправлено: {"type": "send_message_to_chat", "payload": {"chat_id": 9, "text": "9"}}
2025-05-30 05:26:28,291 - SocketHandler - DEBUG - Отправлено: {"type": "send_message_to_chat", "payload": {"chat_id": 9, "text": "0"}}
2025-05-30 05:26:28,659 - SocketHandler - DEBUG - Отправлено: {"type": "send_message_to_chat", "payload": {"chat_id": 9, "text": "1"}}
2025-05-30 05:26:28,979 - SocketHandler - DEBUG - Отправлено: {"type": "send_message_to_chat", "payload": {"chat_id": 9, "text": "2"}}
2025-05-30 05:26:29,283 - SocketHandler - DEBUG - Отправлено: {"type": "send_message_to_chat", "payload": {"chat_id": 9, "text": "3"}}
2025-05-30 05:26:29,603 - SocketHandler - DEBUG - Отправлено: {"type": "send_message_to_chat", "payload": {"chat_id": 9, "text": "4"}}
2025-05-30 05:26:29,939 - SocketHandler - DEBUG - Отправлено: {"type": "send_message_to_chat", "payload": {"chat_id": 9, "text": "5"}}
2025-05-30 05:26:30,291 - SocketHandler - DEBUG - Отправлено: {"type": "send_message_to_chat", "payload": {"chat_id": 9, "text": "6"}}
2025-05-30 05:26:30,627 - SocketHandler - DEBUG - Отправлено: {"type": "send_message_to_chat", "payload": {"chat_id": 9, "text": "7"}}
2025-05-30 05:26:30,963 - SocketHandler - DEBUG - Отправлено: {"type": "send_message_to_chat", "payload": {"chat_id": 9, "text": "8"}}
2025-05-30 05:26:31,331 - SocketHandler - DEBUG - Отправлено: {"type": "send_message_to_chat", "payload": {"chat_id": 9, "text": "9"}}
2025-05-30 05:26:32,428 - SocketHandler - DEBUG - Отправлено: {"type": "send_message_to_chat", "payload": {"chat_id": 9, "text": "0"}}
