2025-05-29 22:59:26,702 - MainWindow - INFO - Инициализация ChatClientWindow...
2025-05-29 22:59:26,709 - MainWindow - INFO - UI и SocketHandler для ChatClientWindow инициализированы.
2025-05-29 22:59:28,233 - MainWindow - INFO - Получен запрос на подключение к 127.0.0.1:65432 от ConnectPanel.
2025-05-29 22:59:28,235 - MainWindow - INFO - СИГНАЛ: Успешно подключено к серверу (через SocketHandler).
2025-05-29 22:59:28,236 - MainWindow - INFO - UI: Панель аутентификации. Статус: Подключено к 127.0.0.1:65432. Введите данные.
2025-05-29 22:59:31,521 - MainWindow - INFO - Попытка входа для 1111 через SocketHandler.
2025-05-29 22:59:31,686 - MainWindow - INFO - СИГНАЛ: Получен статус логина: {'message': 'Успешный вход.', 'status': 'success', 'user_id': 1, 'username': '1111'}
2025-05-29 22:59:31,686 - MainWindow - INFO - Логин успешен как 1111 (ID: 1).
2025-05-29 22:59:31,687 - MainWindow - INFO - UI: Панель списка чатов для 1111.
2025-05-29 22:59:31,687 - MainWindow - INFO - Пользователь 1111 запрашивает список чатов через SocketHandler.
2025-05-29 22:59:31,689 - MainWindow - INFO - СИГНАЛ: Получен список из 6 чатов.
2025-05-29 22:59:31,690 - MainWindow - INFO - СИГНАЛ: Получен список из 6 чатов.
2025-05-29 22:59:32,832 - MainWindow - INFO - Выбран чат из списка (панель): {'chat_id': 1, 'chat_name': '2222', 'chat_type': 'direct', 'last_message_at': '2025-05-29T22:55:23.395709+07:00', 'last_message_text': '123', 'other_user_id': 2, 'other_username': '2222', 'unread_count': 0}
2025-05-29 22:59:32,832 - MainWindow - INFO - UI: Запрос на открытие чата ID 1 (2222).
2025-05-29 22:59:32,834 - MainWindow - INFO - Запрос истории для чата ID: 1 через SocketHandler.
2025-05-29 22:59:32,837 - MainWindow - INFO - СИГНАЛ: Получена история для чата ID 1 (28 сообщений).
2025-05-29 23:00:08,337 - MainWindow - INFO - UI: Панель списка чатов для 1111.
2025-05-29 23:00:08,337 - MainWindow - INFO - Пользователь 1111 запрашивает список чатов через SocketHandler.
2025-05-29 23:00:08,341 - MainWindow - INFO - СИГНАЛ: Получен список из 6 чатов.
2025-05-29 23:00:12,567 - MainWindow - INFO - СИГНАЛ: Входящее сообщение в чат ID 1 от 2222: 222
2025-05-29 23:00:12,567 - MainWindow - INFO - Пользователь 1111 запрашивает список чатов через SocketHandler.
2025-05-29 23:00:12,567 - MainWindow - INFO - Новое сообщение в неактивном чате ID 1 от 2222.
2025-05-29 23:00:16,184 - MainWindow - INFO - Выбран чат из списка (панель): {'chat_id': 1, 'chat_name': '2222', 'chat_type': 'direct', 'last_message_at': '2025-05-29T22:55:23.395709+07:00', 'last_message_text': '123', 'other_user_id': 2, 'other_username': '2222', 'unread_count': 0}
2025-05-29 23:00:16,184 - MainWindow - INFO - UI: Запрос на открытие чата ID 1 (2222).
2025-05-29 23:00:16,185 - MainWindow - INFO - Запрос истории для чата ID: 1 через SocketHandler.
2025-05-29 23:00:16,188 - MainWindow - INFO - СИГНАЛ: Получен список из 6 чатов.
2025-05-29 23:00:16,188 - MainWindow - WARNING - Получен список чатов, но панель списка чатов не активна. UI не обновлен.
2025-05-29 23:00:16,192 - MainWindow - INFO - СИГНАЛ: Получена история для чата ID 1 (29 сообщений).
2025-05-29 23:00:20,495 - MainWindow - INFO - Отправка сообщения в чат ID 1 (для 2222): 1
2025-05-29 23:00:21,008 - MainWindow - INFO - Отправка сообщения в чат ID 1 (для 2222): 2
2025-05-29 23:00:21,456 - MainWindow - INFO - Отправка сообщения в чат ID 1 (для 2222): 3
2025-05-29 23:00:21,920 - MainWindow - INFO - Отправка сообщения в чат ID 1 (для 2222): 4
2025-05-29 23:00:22,432 - MainWindow - INFO - Отправка сообщения в чат ID 1 (для 2222): 5
2025-05-29 23:00:25,051 - MainWindow - INFO - СИГНАЛ: Входящее сообщение в чат ID 1 от 2222: 6
2025-05-29 23:00:25,435 - MainWindow - INFO - СИГНАЛ: Входящее сообщение в чат ID 1 от 2222: 7
2025-05-29 23:00:25,835 - MainWindow - INFO - СИГНАЛ: Входящее сообщение в чат ID 1 от 2222: 8
2025-05-29 23:00:29,193 - MainWindow - INFO - Отправка сообщения в чат ID 1 (для 2222): 9
2025-05-29 23:00:30,257 - MainWindow - INFO - Отправка сообщения в чат ID 1 (для 2222): 0
2025-05-29 23:00:32,273 - MainWindow - INFO - UI: Панель списка чатов для 1111.
2025-05-29 23:00:32,273 - MainWindow - INFO - Пользователь 1111 запрашивает список чатов через SocketHandler.
2025-05-29 23:00:32,276 - MainWindow - INFO - СИГНАЛ: Получен список из 6 чатов.
2025-05-29 23:00:34,424 - MainWindow - INFO - Выбран чат из списка (панель): {'chat_id': 1, 'chat_name': '2222', 'chat_type': 'direct', 'last_message_at': '2025-05-29T23:00:30.258792+07:00', 'last_message_text': '0', 'other_user_id': 2, 'other_username': '2222', 'unread_count': 0}
2025-05-29 23:00:34,424 - MainWindow - INFO - UI: Запрос на открытие чата ID 1 (2222).
2025-05-29 23:00:34,425 - MainWindow - INFO - Запрос истории для чата ID: 1 через SocketHandler.
2025-05-29 23:00:34,432 - MainWindow - INFO - СИГНАЛ: Получена история для чата ID 1 (39 сообщений).
2025-05-29 23:00:52,561 - MainWindow - INFO - UI: Панель списка чатов для 1111.
2025-05-29 23:00:52,561 - MainWindow - INFO - Пользователь 1111 запрашивает список чатов через SocketHandler.
2025-05-29 23:00:52,565 - MainWindow - INFO - СИГНАЛ: Получен список из 6 чатов.
2025-05-29 23:01:38,587 - MainWindow - INFO - Окно клиента закрывается. Отключение от сервера через SocketHandler.
2025-05-29 23:01:38,588 - MainWindow - INFO - СИГНАЛ: Отключено от сервера (через SocketHandler).
2025-05-29 23:01:38,589 - MainWindow - INFO - UI: Панель подключения. Статус: Соединение с сервером разорвано.
