2025-05-30 02:47:10,514 - MainWindow - INFO - Инициализация ChatClientWindow...
2025-05-30 02:47:10,521 - MainWindow - INFO - UI и SocketHandler для ChatClientWindow инициализированы.
2025-05-30 02:47:12,318 - MainWindow - INFO - Получен запрос на подключение к 127.0.0.1:65432 от ConnectPanel.
2025-05-30 02:47:12,327 - MainWindow - INFO - СИГНАЛ: Успешно подключено к серверу (через SocketHandler).
2025-05-30 02:47:12,328 - MainWindow - INFO - UI: Панель аутентификации. Статус: Подключено к 127.0.0.1:65432. Введите данные.
2025-05-30 02:47:19,790 - MainWindow - INFO - Попытка входа для 1111 через SocketHandler.
2025-05-30 02:47:19,966 - MainWindow - INFO - СИГНАЛ: Получен статус логина: {'message': 'Успешный вход.', 'status': 'success', 'user_id': 1, 'username': '1111'}
2025-05-30 02:47:19,966 - MainWindow - INFO - Логин успешен как 1111 (ID: 1).
2025-05-30 02:47:19,968 - MainWindow - INFO - UI: Панель списка чатов для 1111.
2025-05-30 02:47:19,968 - MainWindow - INFO - Пользователь 1111 запрашивает список чатов через SocketHandler.
2025-05-30 02:47:19,993 - MainWindow - INFO - СИГНАЛ: Получен список из 6 чатов.
2025-05-30 02:47:20,014 - MainWindow - INFO - СИГНАЛ: Получен список из 6 чатов.
2025-05-30 02:47:21,719 - MainWindow - INFO - Выбран чат из списка (панель): {'chat_id': 1, 'chat_name': '2222', 'chat_type': 'direct', 'last_message_at': '2025-05-29T23:00:30.258792+07:00', 'last_message_text': '0', 'other_user_id': 2, 'other_username': '2222', 'unread_count': 0}
2025-05-30 02:47:21,719 - MainWindow - INFO - UI: Запрос на открытие чата ID 1 (2222).
2025-05-30 02:47:21,723 - MainWindow - INFO - Запрос истории для чата ID: 1 через SocketHandler.
2025-05-30 02:47:21,728 - MainWindow - INFO - СИГНАЛ: Получена история для чата ID 1 (39 сообщений).
2025-05-30 02:47:29,798 - MainWindow - INFO - UI: Панель списка чатов для 1111.
2025-05-30 02:47:29,798 - MainWindow - INFO - Пользователь 1111 запрашивает список чатов через SocketHandler.
2025-05-30 02:47:29,802 - MainWindow - INFO - СИГНАЛ: Получен список из 6 чатов.
2025-05-30 02:47:30,663 - MainWindow - INFO - Окно клиента закрывается. Отключение от сервера через SocketHandler.
2025-05-30 02:47:30,663 - MainWindow - INFO - СИГНАЛ: Отключено от сервера (через SocketHandler).
2025-05-30 02:47:30,664 - MainWindow - INFO - UI: Панель подключения. Статус: Соединение с сервером разорвано.
