2025-05-29 22:59:39,668 - MainWindow - INFO - Инициализация ChatClientWindow...
2025-05-29 22:59:39,675 - MainWindow - INFO - UI и SocketHandler для ChatClientWindow инициализированы.
2025-05-29 22:59:47,641 - MainWindow - INFO - Получен запрос на подключение к 127.0.0.1:65432 от ConnectPanel.
2025-05-29 22:59:47,644 - MainWindow - INFO - СИГНАЛ: Успешно подключено к серверу (через SocketHandler).
2025-05-29 22:59:47,644 - MainWindow - INFO - UI: Панель аутентификации. Статус: Подключено к 127.0.0.1:65432. Введите данные.
2025-05-29 22:59:50,632 - MainWindow - INFO - Попытка входа для 2222 через SocketHandler.
2025-05-29 22:59:50,796 - MainWindow - INFO - СИГНАЛ: Получен статус логина: {'message': 'Успешный вход.', 'status': 'success', 'user_id': 2, 'username': '2222'}
2025-05-29 22:59:50,796 - MainWindow - INFO - Логин успешен как 2222 (ID: 2).
2025-05-29 22:59:50,797 - MainWindow - INFO - UI: Панель списка чатов для 2222.
2025-05-29 22:59:50,797 - MainWindow - INFO - Пользователь 2222 запрашивает список чатов через SocketHandler.
2025-05-29 22:59:50,797 - MainWindow - INFO - СИГНАЛ: Получен список из 3 чатов.
2025-05-29 22:59:50,816 - MainWindow - INFO - СИГНАЛ: Получен список из 3 чатов.
2025-05-29 23:00:10,552 - MainWindow - INFO - Выбран чат из списка (панель): {'chat_id': 1, 'chat_name': '1111', 'chat_type': 'direct', 'last_message_at': '2025-05-29T22:55:23.395709+07:00', 'last_message_text': '123', 'other_user_id': 1, 'other_username': '1111', 'unread_count': 0}
2025-05-29 23:00:10,553 - MainWindow - INFO - UI: Запрос на открытие чата ID 1 (1111).
2025-05-29 23:00:10,554 - MainWindow - INFO - Запрос истории для чата ID: 1 через SocketHandler.
2025-05-29 23:00:10,557 - MainWindow - INFO - СИГНАЛ: Получена история для чата ID 1 (28 сообщений).
2025-05-29 23:00:12,560 - MainWindow - INFO - Отправка сообщения в чат ID 1 (для 1111): 222
2025-05-29 23:00:20,499 - MainWindow - INFO - СИГНАЛ: Входящее сообщение в чат ID 1 от 1111: 1
2025-05-29 23:00:21,011 - MainWindow - INFO - СИГНАЛ: Входящее сообщение в чат ID 1 от 1111: 2
2025-05-29 23:00:21,461 - MainWindow - INFO - СИГНАЛ: Входящее сообщение в чат ID 1 от 1111: 3
2025-05-29 23:00:21,923 - MainWindow - INFO - СИГНАЛ: Входящее сообщение в чат ID 1 от 1111: 4
2025-05-29 23:00:22,437 - MainWindow - INFO - СИГНАЛ: Входящее сообщение в чат ID 1 от 1111: 5
2025-05-29 23:00:25,048 - MainWindow - INFO - Отправка сообщения в чат ID 1 (для 1111): 6
2025-05-29 23:00:25,432 - MainWindow - INFO - Отправка сообщения в чат ID 1 (для 1111): 7
2025-05-29 23:00:25,832 - MainWindow - INFO - Отправка сообщения в чат ID 1 (для 1111): 8
2025-05-29 23:00:29,199 - MainWindow - INFO - СИГНАЛ: Входящее сообщение в чат ID 1 от 1111: 9
2025-05-29 23:00:30,260 - MainWindow - INFO - СИГНАЛ: Входящее сообщение в чат ID 1 от 1111: 0
2025-05-29 23:00:33,001 - MainWindow - INFO - UI: Панель списка чатов для 2222.
2025-05-29 23:00:33,001 - MainWindow - INFO - Пользователь 2222 запрашивает список чатов через SocketHandler.
2025-05-29 23:00:33,005 - MainWindow - INFO - СИГНАЛ: Получен список из 3 чатов.
2025-05-29 23:00:37,704 - MainWindow - INFO - Выбран чат из списка (панель): {'chat_id': 1, 'chat_name': '1111', 'chat_type': 'direct', 'last_message_at': '2025-05-29T23:00:30.258792+07:00', 'last_message_text': '0', 'other_user_id': 1, 'other_username': '1111', 'unread_count': 0}
2025-05-29 23:00:37,705 - MainWindow - INFO - UI: Запрос на открытие чата ID 1 (1111).
2025-05-29 23:00:37,706 - MainWindow - INFO - Запрос истории для чата ID: 1 через SocketHandler.
2025-05-29 23:00:37,710 - MainWindow - INFO - СИГНАЛ: Получена история для чата ID 1 (39 сообщений).
2025-05-29 23:00:51,457 - MainWindow - INFO - UI: Панель списка чатов для 2222.
2025-05-29 23:00:51,457 - MainWindow - INFO - Пользователь 2222 запрашивает список чатов через SocketHandler.
2025-05-29 23:00:51,460 - MainWindow - INFO - СИГНАЛ: Получен список из 3 чатов.
2025-05-29 23:00:54,916 - MainWindow - INFO - Инициация чата с 555 через SocketHandler.
2025-05-29 23:00:54,917 - MainWindow - INFO - СИГНАЛ: Получен ответ на инициацию чата: {'message': "Пользователь '555' не найден.", 'status': 'error'}
2025-05-29 23:00:56,579 - MainWindow - INFO - UI: Панель списка чатов для 2222.
2025-05-29 23:00:56,579 - MainWindow - INFO - Пользователь 2222 запрашивает список чатов через SocketHandler.
2025-05-29 23:00:56,584 - MainWindow - INFO - СИГНАЛ: Получен список из 3 чатов.
2025-05-29 23:00:58,624 - MainWindow - INFO - Инициация чата с 333 через SocketHandler.
2025-05-29 23:00:58,626 - MainWindow - INFO - СИГНАЛ: Получен ответ на инициацию чата: {'message': "Пользователь '333' не найден.", 'status': 'error'}
2025-05-29 23:00:59,730 - MainWindow - INFO - UI: Панель списка чатов для 2222.
2025-05-29 23:00:59,731 - MainWindow - INFO - Пользователь 2222 запрашивает список чатов через SocketHandler.
2025-05-29 23:00:59,735 - MainWindow - INFO - СИГНАЛ: Получен список из 3 чатов.
2025-05-29 23:01:00,928 - MainWindow - INFO - Инициация чата с 3333 через SocketHandler.
2025-05-29 23:01:00,962 - MainWindow - INFO - СИГНАЛ: Получен ответ на инициацию чата: {'chat_id': 7, 'chat_name': '3333', 'other_user_id': 3, 'other_username': '3333', 'status': 'success'}
2025-05-29 23:01:00,962 - MainWindow - INFO - Чат с 3333 успешно инициирован/найден. ID: 7. Открываем панель чата.
2025-05-29 23:01:00,963 - MainWindow - INFO - UI: Запрос на открытие чата ID 7 (3333).
2025-05-29 23:01:00,964 - MainWindow - INFO - Запрос истории для чата ID: 7 через SocketHandler.
2025-05-29 23:01:00,965 - MainWindow - INFO - СИГНАЛ: Получена история для чата ID 7 (0 сообщений).
2025-05-29 23:01:19,720 - MainWindow - INFO - Отправка сообщения в чат ID 7 (для 3333): dadad
2025-05-29 23:01:21,289 - MainWindow - INFO - UI: Панель списка чатов для 2222.
2025-05-29 23:01:21,289 - MainWindow - INFO - Пользователь 2222 запрашивает список чатов через SocketHandler.
2025-05-29 23:01:21,292 - MainWindow - INFO - СИГНАЛ: Получен список из 4 чатов.
2025-05-29 23:01:31,392 - MainWindow - INFO - Выбран чат из списка (панель): {'chat_id': 7, 'chat_name': '3333', 'chat_type': 'direct', 'last_message_at': '2025-05-29T23:01:19.722965+07:00', 'last_message_text': 'dadad', 'other_user_id': 3, 'other_username': '3333', 'unread_count': 0}
2025-05-29 23:01:31,393 - MainWindow - INFO - UI: Запрос на открытие чата ID 7 (3333).
2025-05-29 23:01:31,394 - MainWindow - INFO - Запрос истории для чата ID: 7 через SocketHandler.
2025-05-29 23:01:31,396 - MainWindow - INFO - СИГНАЛ: Получена история для чата ID 7 (1 сообщений).
2025-05-29 23:01:32,249 - MainWindow - INFO - UI: Панель списка чатов для 2222.
2025-05-29 23:01:32,249 - MainWindow - INFO - Пользователь 2222 запрашивает список чатов через SocketHandler.
2025-05-29 23:01:32,252 - MainWindow - INFO - СИГНАЛ: Получен список из 4 чатов.
2025-05-29 23:01:33,981 - MainWindow - INFO - СИГНАЛ: Входящее сообщение в чат ID 7 от 3333: 2134
2025-05-29 23:01:33,981 - MainWindow - INFO - Пользователь 2222 запрашивает список чатов через SocketHandler.
2025-05-29 23:01:33,981 - MainWindow - INFO - Новое сообщение в неактивном чате ID 7 от 3333.
2025-05-29 23:01:37,946 - MainWindow - INFO - Окно клиента закрывается. Отключение от сервера через SocketHandler.
2025-05-29 23:01:37,946 - MainWindow - INFO - СИГНАЛ: Отключено от сервера (через SocketHandler).
2025-05-29 23:01:37,947 - MainWindow - INFO - UI: Панель подключения. Статус: Соединение с сервером разорвано.
