2025-05-29 22:54:02,607 - MainWindow - INFO - Инициализация ChatClientWindow...
2025-05-29 22:54:02,644 - MainWindow - INFO - UI и SocketHandler для ChatClientWindow инициализированы.
2025-05-29 22:54:04,425 - MainWindow - INFO - Получен запрос на подключение к 127.0.0.1:65432 от ConnectPanel.
2025-05-29 22:54:04,437 - MainWindow - INFO - СИГНАЛ: Успешно подключено к серверу (через SocketHandler).
2025-05-29 22:54:04,438 - MainWindow - INFO - UI: Панель аутентификации. Статус: Подключено к 127.0.0.1:65432. Введите данные.
2025-05-29 22:54:09,017 - MainWindow - INFO - Попытка входа для 1111 через SocketHandler.
2025-05-29 22:54:09,184 - MainWindow - INFO - СИГНАЛ: Получен статус логина: {'message': 'Успешный вход.', 'status': 'success', 'user_id': 1, 'username': '1111'}
2025-05-29 22:54:09,184 - MainWindow - INFO - Логин успешен как 1111 (ID: 1).
2025-05-29 22:54:09,185 - MainWindow - INFO - UI: Панель списка чатов для 1111.
2025-05-29 22:54:09,185 - MainWindow - INFO - Пользователь 1111 запрашивает список чатов через SocketHandler.
2025-05-29 22:54:09,188 - MainWindow - INFO - СИГНАЛ: Получен список из 6 чатов.
2025-05-29 22:54:09,188 - MainWindow - INFO - СИГНАЛ: Получен список из 6 чатов.
2025-05-29 22:54:15,833 - MainWindow - INFO - Инициация чата с 2233 через SocketHandler.
2025-05-29 22:54:15,834 - MainWindow - INFO - СИГНАЛ: Получен ответ на инициацию чата: {'message': "Пользователь '2233' не найден.", 'status': 'error'}
2025-05-29 22:54:17,051 - MainWindow - INFO - UI: Панель списка чатов для 1111.
2025-05-29 22:54:17,051 - MainWindow - INFO - Пользователь 1111 запрашивает список чатов через SocketHandler.
2025-05-29 22:54:17,056 - MainWindow - INFO - СИГНАЛ: Получен список из 6 чатов.
2025-05-29 22:54:19,881 - MainWindow - INFO - Инициация чата с 2222 через SocketHandler.
2025-05-29 22:54:19,883 - MainWindow - INFO - СИГНАЛ: Получен ответ на инициацию чата: {'chat_id': 1, 'chat_name': '2222', 'other_user_id': 2, 'other_username': '2222', 'status': 'success'}
2025-05-29 22:54:19,883 - MainWindow - INFO - Чат с 2222 успешно инициирован/найден. ID: 1. Открываем панель чата.
2025-05-29 22:54:19,883 - MainWindow - INFO - UI: Запрос на открытие чата ID 1 (2222).
2025-05-29 22:54:19,884 - MainWindow - INFO - Запрос истории для чата ID: 1 через SocketHandler.
2025-05-29 22:54:19,886 - MainWindow - INFO - СИГНАЛ: Получена история для чата ID 1 (25 сообщений).
2025-05-29 22:54:21,977 - MainWindow - INFO - UI: Панель списка чатов для 1111.
2025-05-29 22:54:21,977 - MainWindow - INFO - Пользователь 1111 запрашивает список чатов через SocketHandler.
2025-05-29 22:54:21,981 - MainWindow - INFO - СИГНАЛ: Получен список из 6 чатов.
2025-05-29 22:54:29,129 - MainWindow - INFO - Попытка создания группы '123' с участниками ['1223'] через SocketHandler.
2025-05-29 22:54:29,130 - MainWindow - INFO - СИГНАЛ: Получен ответ на создание группы: {'message': "Пользователь '1223' для добавления в группу не найден.", 'status': 'error'}
2025-05-29 22:55:00,640 - MainWindow - INFO - СИГНАЛ: Входящее сообщение в чат ID 1 от 2222: 22234
2025-05-29 22:55:00,640 - MainWindow - INFO - Пользователь 1111 запрашивает список чатов через SocketHandler.
2025-05-29 22:55:00,640 - MainWindow - INFO - Новое сообщение в неактивном чате ID 1 от 2222.
2025-05-29 22:55:12,417 - MainWindow - INFO - Пользователь 1111 запрашивает список чатов через SocketHandler.
2025-05-29 22:55:12,418 - MainWindow - INFO - СИГНАЛ: Получен список из 6 чатов.
2025-05-29 22:55:12,419 - MainWindow - INFO - СИГНАЛ: Входящее сообщение в чат ID 1 от 2222: 111
2025-05-29 22:55:12,419 - MainWindow - INFO - Пользователь 1111 запрашивает список чатов через SocketHandler.
2025-05-29 22:55:12,419 - MainWindow - INFO - Новое сообщение в неактивном чате ID 1 от 2222.
2025-05-29 22:55:13,531 - MainWindow - INFO - СИГНАЛ: Получен список из 6 чатов.
2025-05-29 22:55:14,457 - MainWindow - INFO - Пользователь 1111 запрашивает список чатов через SocketHandler.
2025-05-29 22:55:14,459 - MainWindow - INFO - СИГНАЛ: Получен список из 6 чатов.
2025-05-29 22:55:14,459 - MainWindow - INFO - СИГНАЛ: Получен список из 6 чатов.
2025-05-29 22:55:15,825 - MainWindow - INFO - Выбран чат из списка (панель): {'chat_id': 1, 'chat_name': '2222', 'chat_type': 'direct', 'last_message_at': '2025-05-29T22:55:04.220022+07:00', 'last_message_text': '111', 'other_user_id': 2, 'other_username': '2222', 'unread_count': 0}
2025-05-29 22:55:15,825 - MainWindow - INFO - UI: Запрос на открытие чата ID 1 (2222).
2025-05-29 22:55:15,826 - MainWindow - INFO - Запрос истории для чата ID: 1 через SocketHandler.
2025-05-29 22:55:15,828 - MainWindow - INFO - СИГНАЛ: Получена история для чата ID 1 (27 сообщений).
2025-05-29 22:55:23,397 - MainWindow - INFO - СИГНАЛ: Входящее сообщение в чат ID 1 от 2222: 123
