2025-05-29 19:29:46,341 - MainWindow - INFO - Инициализация ChatClientWindow...
2025-05-29 19:29:46,347 - MainWindow - INFO - UI и SocketHandler для ChatClientWindow инициализированы.
2025-05-29 19:29:48,539 - MainWindow - INFO - Получен запрос на подключение к 127.0.0.1:65432 от ConnectPanel.
2025-05-29 19:29:48,541 - MainWindow - INFO - СИГНАЛ: Успешно подключено к серверу (через SocketHandler).
2025-05-29 19:29:48,542 - MainWindow - INFO - UI: Панель аутентификации. Статус: Подключено к 127.0.0.1:65432. Введите данные.
2025-05-29 19:29:51,371 - MainWindow - INFO - Попытка входа для 1111 через SocketHandler.
2025-05-29 19:29:51,536 - MainWindow - INFO - СИГНАЛ: Получен статус логина: {'message': 'Успешный вход.', 'status': 'success', 'user_id': 1, 'username': '1111'}
2025-05-29 19:29:51,537 - MainWindow - INFO - Логин успешен как 1111 (ID: 1).
2025-05-29 19:29:51,537 - MainWindow - INFO - UI: Панель списка чатов для 1111.
2025-05-29 19:29:51,537 - MainWindow - INFO - Пользователь 1111 запрашивает список чатов через SocketHandler.
2025-05-29 19:29:51,540 - MainWindow - INFO - СИГНАЛ: Получен список из 1 чатов.
2025-05-29 19:29:51,540 - MainWindow - INFO - СИГНАЛ: Получен список из 1 чатов.
2025-05-29 19:30:08,579 - MainWindow - INFO - Попытка создания группы 'uganda' с участниками [] через SocketHandler.
2025-05-29 19:30:08,585 - MainWindow - INFO - СИГНАЛ: Получен ответ на создание группы: {'chat_id': 2, 'chat_name': 'uganda', 'chat_type': 'group', 'message': "Группа 'uganda' успешно создана.", 'status': 'success'}
2025-05-29 19:30:09,932 - MainWindow - INFO - Пользователь 1111 запрашивает список чатов через SocketHandler.
2025-05-29 19:30:09,933 - MainWindow - INFO - UI: Запрос на открытие чата ID 2 (uganda).
2025-05-29 19:30:09,934 - MainWindow - INFO - Запрос истории для чата ID: 2 через SocketHandler.
2025-05-29 19:30:09,937 - MainWindow - INFO - СИГНАЛ: Получен список из 2 чатов.
2025-05-29 19:30:09,937 - MainWindow - WARNING - Получен список чатов, но панель списка чатов не активна. UI не обновлен.
2025-05-29 19:30:09,938 - MainWindow - INFO - СИГНАЛ: Получена история для чата ID 2 (0 сообщений).
2025-05-29 19:30:15,987 - MainWindow - INFO - Отправка сообщения в чат ID 2 (для uganda): qwe через SocketHandler.
2025-05-29 19:30:17,355 - MainWindow - INFO - UI: Панель списка чатов для 1111.
2025-05-29 19:30:17,355 - MainWindow - INFO - Пользователь 1111 запрашивает список чатов через SocketHandler.
2025-05-29 19:30:17,358 - MainWindow - INFO - СИГНАЛ: Получен список из 2 чатов.
2025-05-29 19:30:21,362 - MainWindow - INFO - Выбран чат из списка (панель): {'chat_id': 2, 'chat_name': 'uganda', 'chat_type': 'group', 'last_message_at': '2025-05-29T19:30:09.936498+07:00', 'last_message_text': 'qwe', 'other_user_id': None, 'other_username': None, 'unread_count': 0}
2025-05-29 19:30:21,363 - MainWindow - INFO - UI: Запрос на открытие чата ID 2 (uganda).
2025-05-29 19:30:21,363 - MainWindow - INFO - Запрос истории для чата ID: 2 через SocketHandler.
2025-05-29 19:30:21,366 - MainWindow - INFO - СИГНАЛ: Получена история для чата ID 2 (1 сообщений).
2025-05-29 19:30:24,267 - MainWindow - INFO - UI: Панель списка чатов для 1111.
2025-05-29 19:30:24,267 - MainWindow - INFO - Пользователь 1111 запрашивает список чатов через SocketHandler.
2025-05-29 19:30:24,270 - MainWindow - INFO - СИГНАЛ: Получен список из 2 чатов.
2025-05-29 19:30:31,723 - MainWindow - INFO - Попытка создания группы 'uganda' с участниками ['2222'] через SocketHandler.
2025-05-29 19:30:31,726 - MainWindow - INFO - СИГНАЛ: Получен ответ на создание группы: {'chat_id': 3, 'chat_name': 'uganda', 'chat_type': 'group', 'message': "Группа 'uganda' успешно создана.", 'status': 'success'}
2025-05-29 19:30:33,020 - MainWindow - INFO - Пользователь 1111 запрашивает список чатов через SocketHandler.
2025-05-29 19:30:33,021 - MainWindow - INFO - UI: Запрос на открытие чата ID 3 (uganda).
2025-05-29 19:30:33,021 - MainWindow - INFO - Запрос истории для чата ID: 3 через SocketHandler.
2025-05-29 19:30:33,024 - MainWindow - INFO - СИГНАЛ: Получен список из 3 чатов.
2025-05-29 19:30:33,024 - MainWindow - WARNING - Получен список чатов, но панель списка чатов не активна. UI не обновлен.
2025-05-29 19:30:33,025 - MainWindow - INFO - СИГНАЛ: Получена история для чата ID 3 (0 сообщений).
2025-05-29 19:30:35,411 - MainWindow - INFO - UI: Панель списка чатов для 1111.
2025-05-29 19:30:35,411 - MainWindow - INFO - Пользователь 1111 запрашивает список чатов через SocketHandler.
2025-05-29 19:30:35,414 - MainWindow - INFO - СИГНАЛ: Получен список из 3 чатов.
2025-05-29 19:30:39,603 - MainWindow - INFO - Выбран чат из списка (панель): {'chat_id': 3, 'chat_name': 'uganda', 'chat_type': 'group', 'last_message_at': None, 'last_message_text': 'Нет сообщений', 'other_user_id': None, 'other_username': None, 'unread_count': 0}
2025-05-29 19:30:39,603 - MainWindow - INFO - UI: Запрос на открытие чата ID 3 (uganda).
2025-05-29 19:30:39,603 - MainWindow - INFO - Запрос истории для чата ID: 3 через SocketHandler.
2025-05-29 19:30:39,606 - MainWindow - INFO - СИГНАЛ: Получена история для чата ID 3 (0 сообщений).
2025-05-29 19:31:52,483 - MainWindow - INFO - UI: Панель списка чатов для 1111.
2025-05-29 19:31:52,483 - MainWindow - INFO - Пользователь 1111 запрашивает список чатов через SocketHandler.
2025-05-29 19:31:52,487 - MainWindow - INFO - СИГНАЛ: Получен список из 4 чатов.
2025-05-29 19:31:55,298 - MainWindow - INFO - Выбран чат из списка (панель): {'chat_id': 4, 'chat_name': 'ppppppppp', 'chat_type': 'group', 'last_message_at': None, 'last_message_text': 'Нет сообщений', 'other_user_id': None, 'other_username': None, 'unread_count': 0}
2025-05-29 19:31:55,299 - MainWindow - INFO - UI: Запрос на открытие чата ID 4 (ppppppppp).
2025-05-29 19:31:55,299 - MainWindow - INFO - Запрос истории для чата ID: 4 через SocketHandler.
2025-05-29 19:31:55,302 - MainWindow - INFO - СИГНАЛ: Получена история для чата ID 4 (0 сообщений).
2025-05-29 19:31:58,530 - MainWindow - INFO - СИГНАЛ: Входящее сообщение в чат ID 4 от 3333: 123
2025-05-29 19:32:02,086 - MainWindow - INFO - Отправка сообщения в чат ID 4 (для ppppppppp): yjhv через SocketHandler.
2025-05-29 19:32:07,161 - MainWindow - INFO - СИГНАЛ: Входящее сообщение в чат ID 4 от 2222: норм
2025-05-29 19:32:43,248 - MainWindow - INFO - СИГНАЛ: Входящее сообщение в чат ID 4 от 3333: яё
2025-05-29 19:44:19,669 - MainWindow - INFO - Отправка сообщения в чат ID 4 (для ppppppppp): 1 через SocketHandler.
2025-05-29 19:44:19,877 - MainWindow - INFO - Отправка сообщения в чат ID 4 (для ppppppppp): 1 через SocketHandler.
2025-05-29 19:44:20,069 - MainWindow - INFO - Отправка сообщения в чат ID 4 (для ppppppppp): 1 через SocketHandler.
2025-05-29 19:44:20,261 - MainWindow - INFO - Отправка сообщения в чат ID 4 (для ppppppppp): 1 через SocketHandler.
2025-05-29 19:44:20,453 - MainWindow - INFO - Отправка сообщения в чат ID 4 (для ppppppppp): 1 через SocketHandler.
2025-05-29 19:44:20,661 - MainWindow - INFO - Отправка сообщения в чат ID 4 (для ppppppppp): 1 через SocketHandler.
2025-05-29 19:44:20,949 - MainWindow - INFO - Отправка сообщения в чат ID 4 (для ppppppppp): 1 через SocketHandler.
2025-05-29 19:44:21,613 - MainWindow - INFO - Отправка сообщения в чат ID 4 (для ppppppppp): 2 через SocketHandler.
2025-05-29 19:44:21,845 - MainWindow - INFO - Отправка сообщения в чат ID 4 (для ppppppppp): 2 через SocketHandler.
2025-05-29 19:44:22,037 - MainWindow - INFO - Отправка сообщения в чат ID 4 (для ppppppppp): 2 через SocketHandler.
2025-05-29 19:44:22,245 - MainWindow - INFO - Отправка сообщения в чат ID 4 (для ppppppppp): 2 через SocketHandler.
2025-05-29 19:44:22,437 - MainWindow - INFO - Отправка сообщения в чат ID 4 (для ppppppppp): 2 через SocketHandler.
2025-05-29 19:44:22,645 - MainWindow - INFO - Отправка сообщения в чат ID 4 (для ppppppppp): 2 через SocketHandler.
2025-05-29 19:44:23,189 - MainWindow - INFO - Отправка сообщения в чат ID 4 (для ppppppppp): 3 через SocketHandler.
2025-05-29 19:44:23,405 - MainWindow - INFO - Отправка сообщения в чат ID 4 (для ppppppppp): 3 через SocketHandler.
2025-05-29 19:44:23,637 - MainWindow - INFO - Отправка сообщения в чат ID 4 (для ppppppppp): 3 через SocketHandler.
2025-05-29 19:44:26,686 - MainWindow - INFO - Отправка сообщения в чат ID 4 (для ppppppppp): 1 через SocketHandler.
2025-05-29 19:44:26,910 - MainWindow - INFO - Отправка сообщения в чат ID 4 (для ppppppppp): 2 через SocketHandler.
2025-05-29 19:44:27,142 - MainWindow - INFO - Отправка сообщения в чат ID 4 (для ppppppppp): 3 через SocketHandler.
2025-05-29 19:44:43,250 - MainWindow - INFO - UI: Панель списка чатов для 1111.
2025-05-29 19:44:43,250 - MainWindow - INFO - Пользователь 1111 запрашивает список чатов через SocketHandler.
2025-05-29 19:44:43,254 - MainWindow - INFO - СИГНАЛ: Получен список из 4 чатов.
2025-05-29 19:44:44,450 - MainWindow - INFO - Выбран чат из списка (панель): {'chat_id': 4, 'chat_name': 'ppppppppp', 'chat_type': 'group', 'last_message_at': '2025-05-29T19:44:26.914124+07:00', 'last_message_text': '3', 'other_user_id': None, 'other_username': None, 'unread_count': 0}
2025-05-29 19:44:44,450 - MainWindow - INFO - UI: Запрос на открытие чата ID 4 (ppppppppp).
2025-05-29 19:44:44,451 - MainWindow - INFO - Запрос истории для чата ID: 4 через SocketHandler.
2025-05-29 19:44:44,454 - MainWindow - INFO - СИГНАЛ: Получена история для чата ID 4 (23 сообщений).
2025-05-29 19:44:49,882 - MainWindow - INFO - Отправка сообщения в чат ID 4 (для ppppppppp): фывфв через SocketHandler.
2025-05-29 19:44:51,407 - MainWindow - INFO - СИГНАЛ: Входящее сообщение в чат ID 4 от 2222: 111
2025-05-29 19:44:53,551 - MainWindow - INFO - СИГНАЛ: Входящее сообщение в чат ID 4 от 3333: 2222
2025-05-29 19:44:55,338 - MainWindow - INFO - UI: Панель списка чатов для 1111.
2025-05-29 19:44:55,338 - MainWindow - INFO - Пользователь 1111 запрашивает список чатов через SocketHandler.
2025-05-29 19:44:55,342 - MainWindow - INFO - СИГНАЛ: Получен список из 4 чатов.
2025-05-29 19:44:57,186 - MainWindow - INFO - Выбран чат из списка (панель): {'chat_id': 4, 'chat_name': 'ppppppppp', 'chat_type': 'group', 'last_message_at': '2025-05-29T19:32:43.247986+07:00', 'last_message_text': 'фывфв', 'other_user_id': None, 'other_username': None, 'unread_count': 0}
2025-05-29 19:44:57,186 - MainWindow - INFO - UI: Запрос на открытие чата ID 4 (ppppppppp).
2025-05-29 19:44:57,187 - MainWindow - INFO - Запрос истории для чата ID: 4 через SocketHandler.
2025-05-29 19:44:57,189 - MainWindow - INFO - СИГНАЛ: Получена история для чата ID 4 (26 сообщений).
2025-05-29 20:02:16,393 - MainWindow - INFO - UI: Панель списка чатов для 1111.
2025-05-29 20:02:16,393 - MainWindow - INFO - Пользователь 1111 запрашивает список чатов через SocketHandler.
2025-05-29 20:02:16,396 - MainWindow - INFO - СИГНАЛ: Получен список из 4 чатов.
2025-05-29 20:02:30,609 - MainWindow - INFO - Запрос на новый/существующий личный чат с 2222 от панели.
2025-05-29 20:02:30,609 - MainWindow - INFO - UI: Запрос на открытие чата ID 1 (2222).
2025-05-29 20:02:30,610 - MainWindow - INFO - Запрос истории для чата ID: 1 через SocketHandler.
2025-05-29 20:02:30,613 - MainWindow - INFO - СИГНАЛ: Получена история для чата ID 1 (15 сообщений).
2025-05-29 20:02:39,254 - MainWindow - INFO - Отправка сообщения в чат ID 1 (для 2222): 1 через SocketHandler.
2025-05-29 20:02:39,494 - MainWindow - INFO - Отправка сообщения в чат ID 1 (для 2222): 2 через SocketHandler.
2025-05-29 20:02:39,750 - MainWindow - INFO - Отправка сообщения в чат ID 1 (для 2222): 3 через SocketHandler.
2025-05-29 20:02:40,766 - MainWindow - INFO - Отправка сообщения в чат ID 1 (для 2222): 4 через SocketHandler.
2025-05-29 20:02:41,086 - MainWindow - INFO - Отправка сообщения в чат ID 1 (для 2222): 5 через SocketHandler.
2025-05-29 20:02:41,518 - MainWindow - INFO - Отправка сообщения в чат ID 1 (для 2222): 6 через SocketHandler.
2025-05-29 20:02:43,313 - MainWindow - INFO - UI: Панель списка чатов для 1111.
2025-05-29 20:02:43,313 - MainWindow - INFO - Пользователь 1111 запрашивает список чатов через SocketHandler.
2025-05-29 20:02:43,317 - MainWindow - INFO - СИГНАЛ: Получен список из 4 чатов.
2025-05-29 20:02:44,585 - MainWindow - INFO - Выбран чат из списка (панель): {'chat_id': 1, 'chat_name': '2222', 'chat_type': 'direct', 'last_message_at': '2025-05-29T20:02:41.088564+07:00', 'last_message_text': '6', 'other_user_id': 2, 'other_username': '2222', 'unread_count': 0}
2025-05-29 20:02:44,585 - MainWindow - INFO - UI: Запрос на открытие чата ID 1 (2222).
2025-05-29 20:02:44,586 - MainWindow - INFO - Запрос истории для чата ID: 1 через SocketHandler.
2025-05-29 20:02:44,588 - MainWindow - INFO - СИГНАЛ: Получена история для чата ID 1 (21 сообщений).
2025-05-29 20:02:54,055 - MainWindow - INFO - СИГНАЛ: Входящее сообщение в чат ID 1 от 2222: 1 2 3 4 5 6
2025-05-29 20:02:56,667 - MainWindow - INFO - СИГНАЛ: Входящее сообщение в чат ID 1 от 2222: 1
2025-05-29 20:02:56,955 - MainWindow - INFO - СИГНАЛ: Входящее сообщение в чат ID 1 от 2222: 2
2025-05-29 20:02:57,243 - MainWindow - INFO - СИГНАЛ: Входящее сообщение в чат ID 1 от 2222: 3
2025-05-29 20:02:58,897 - MainWindow - INFO - UI: Панель списка чатов для 1111.
2025-05-29 20:02:58,897 - MainWindow - INFO - Пользователь 1111 запрашивает список чатов через SocketHandler.
2025-05-29 20:02:58,901 - MainWindow - INFO - СИГНАЛ: Получен список из 4 чатов.
2025-05-29 20:02:59,881 - MainWindow - INFO - Выбран чат из списка (панель): {'chat_id': 1, 'chat_name': '2222', 'chat_type': 'direct', 'last_message_at': '2025-05-29T20:02:56.954592+07:00', 'last_message_text': '3', 'other_user_id': 2, 'other_username': '2222', 'unread_count': 0}
2025-05-29 20:02:59,881 - MainWindow - INFO - UI: Запрос на открытие чата ID 1 (2222).
2025-05-29 20:02:59,882 - MainWindow - INFO - Запрос истории для чата ID: 1 через SocketHandler.
2025-05-29 20:02:59,884 - MainWindow - INFO - СИГНАЛ: Получена история для чата ID 1 (25 сообщений).
2025-05-29 20:03:06,785 - MainWindow - INFO - UI: Панель списка чатов для 1111.
2025-05-29 20:03:06,786 - MainWindow - INFO - Пользователь 1111 запрашивает список чатов через SocketHandler.
2025-05-29 20:03:06,789 - MainWindow - INFO - СИГНАЛ: Получен список из 4 чатов.
2025-05-29 20:03:31,561 - MainWindow - INFO - Запрос на новый/существующий личный чат с 3333 от панели.
2025-05-29 20:03:31,561 - MainWindow - INFO - Новый личный диалог с 3333. Открытие панели чата (ID пока не известен).
2025-05-29 20:03:31,561 - MainWindow - INFO - UI: Запрос на открытие чата ID None (3333).
2025-05-29 20:03:31,562 - MainWindow - INFO - Новый диалог с 3333. Открытие панели чата (ID пока не известен).
2025-05-29 20:03:55,321 - MainWindow - INFO - UI: Панель списка чатов для 1111.
2025-05-29 20:03:55,321 - MainWindow - INFO - Пользователь 1111 запрашивает список чатов через SocketHandler.
2025-05-29 20:03:55,325 - MainWindow - INFO - СИГНАЛ: Получен список из 4 чатов.
2025-05-29 20:03:58,633 - MainWindow - INFO - Запрос на новый/существующий личный чат с 3333 от панели.
2025-05-29 20:03:58,633 - MainWindow - INFO - Новый личный диалог с 3333. Открытие панели чата (ID пока не известен).
2025-05-29 20:03:58,633 - MainWindow - INFO - UI: Запрос на открытие чата ID None (3333).
2025-05-29 20:03:58,634 - MainWindow - INFO - Новый диалог с 3333. Открытие панели чата (ID пока не известен).
2025-05-29 20:04:05,913 - MainWindow - INFO - UI: Панель списка чатов для 1111.
2025-05-29 20:04:05,913 - MainWindow - INFO - Пользователь 1111 запрашивает список чатов через SocketHandler.
2025-05-29 20:04:05,917 - MainWindow - INFO - СИГНАЛ: Получен список из 4 чатов.
2025-05-29 20:04:06,785 - MainWindow - INFO - Пользователь 1111 запрашивает список чатов через SocketHandler.
2025-05-29 20:04:06,787 - MainWindow - INFO - СИГНАЛ: Получен список из 4 чатов.
2025-05-29 20:04:07,321 - MainWindow - INFO - Пользователь 1111 запрашивает список чатов через SocketHandler.
2025-05-29 20:04:07,323 - MainWindow - INFO - СИГНАЛ: Получен список из 4 чатов.
2025-05-29 20:04:08,609 - MainWindow - INFO - Запрос на новый/существующий личный чат с 3333 от панели.
2025-05-29 20:04:08,609 - MainWindow - INFO - Новый личный диалог с 3333. Открытие панели чата (ID пока не известен).
2025-05-29 20:04:08,609 - MainWindow - INFO - UI: Запрос на открытие чата ID None (3333).
2025-05-29 20:04:08,610 - MainWindow - INFO - Новый диалог с 3333. Открытие панели чата (ID пока не известен).
2025-05-29 20:04:22,849 - MainWindow - INFO - UI: Панель списка чатов для 1111.
2025-05-29 20:04:22,849 - MainWindow - INFO - Пользователь 1111 запрашивает список чатов через SocketHandler.
2025-05-29 20:04:22,853 - MainWindow - INFO - СИГНАЛ: Получен список из 4 чатов.
2025-05-29 20:05:11,697 - MainWindow - INFO - Попытка создания группы 'аа' с участниками ['3333'] через SocketHandler.
2025-05-29 20:05:11,776 - MainWindow - INFO - СИГНАЛ: Получен ответ на создание группы: {'chat_id': 5, 'chat_name': 'аа', 'chat_type': 'group', 'message': "Группа 'аа' успешно создана.", 'status': 'success'}
2025-05-29 20:05:12,987 - MainWindow - INFO - Пользователь 1111 запрашивает список чатов через SocketHandler.
2025-05-29 20:05:12,987 - MainWindow - INFO - UI: Запрос на открытие чата ID 5 (аа).
2025-05-29 20:05:12,988 - MainWindow - INFO - Запрос истории для чата ID: 5 через SocketHandler.
2025-05-29 20:05:12,991 - MainWindow - INFO - СИГНАЛ: Получен список из 5 чатов.
2025-05-29 20:05:12,991 - MainWindow - WARNING - Получен список чатов, но панель списка чатов не активна. UI не обновлен.
2025-05-29 20:05:12,991 - MainWindow - INFO - СИГНАЛ: Получена история для чата ID 5 (0 сообщений).
2025-05-29 20:05:22,201 - MainWindow - INFO - Отправка сообщения в чат ID 5 (для аа): 0 через SocketHandler.
2025-05-29 20:05:24,170 - MainWindow - INFO - Отправка сообщения в чат ID 5 (для аа): 1 через SocketHandler.
2025-05-29 20:05:24,474 - MainWindow - INFO - Отправка сообщения в чат ID 5 (для аа): 2 через SocketHandler.
2025-05-29 20:05:24,778 - MainWindow - INFO - Отправка сообщения в чат ID 5 (для аа): 3 через SocketHandler.
2025-05-29 20:05:25,098 - MainWindow - INFO - Отправка сообщения в чат ID 5 (для аа): 4 через SocketHandler.
2025-05-29 20:05:25,434 - MainWindow - INFO - Отправка сообщения в чат ID 5 (для аа): 5 через SocketHandler.
2025-05-29 20:05:25,818 - MainWindow - INFO - Отправка сообщения в чат ID 5 (для аа): 6 через SocketHandler.
2025-05-29 20:05:27,130 - MainWindow - INFO - Отправка сообщения в чат ID 5 (для аа): 7 через SocketHandler.
2025-05-29 20:05:31,630 - MainWindow - INFO - СИГНАЛ: Входящее сообщение в чат ID 5 от 3333: 8
2025-05-29 20:05:32,398 - MainWindow - INFO - СИГНАЛ: Входящее сообщение в чат ID 5 от 3333: 9
2025-05-29 20:05:33,334 - MainWindow - INFO - СИГНАЛ: Входящее сообщение в чат ID 5 от 3333: 10
2025-05-29 20:05:35,409 - MainWindow - INFO - UI: Панель списка чатов для 1111.
2025-05-29 20:05:35,409 - MainWindow - INFO - Пользователь 1111 запрашивает список чатов через SocketHandler.
2025-05-29 20:05:35,413 - MainWindow - INFO - СИГНАЛ: Получен список из 5 чатов.
2025-05-29 20:05:37,873 - MainWindow - INFO - Выбран чат из списка (панель): {'chat_id': 5, 'chat_name': 'аа', 'chat_type': 'group', 'last_message_at': '2025-05-29T20:05:32.397947+07:00', 'last_message_text': '10', 'other_user_id': None, 'other_username': None, 'unread_count': 0}
2025-05-29 20:05:37,873 - MainWindow - INFO - UI: Запрос на открытие чата ID 5 (аа).
2025-05-29 20:05:37,874 - MainWindow - INFO - Запрос истории для чата ID: 5 через SocketHandler.
2025-05-29 20:05:37,876 - MainWindow - INFO - СИГНАЛ: Получена история для чата ID 5 (11 сообщений).
2025-05-29 20:22:59,160 - MainWindow - INFO - Отправка сообщения в чат ID 5 (для аа): 11 через SocketHandler.
2025-05-29 20:23:00,184 - MainWindow - INFO - Отправка сообщения в чат ID 5 (для аа): 22 через SocketHandler.
2025-05-29 20:23:01,384 - MainWindow - INFO - Отправка сообщения в чат ID 5 (для аа): 33 через SocketHandler.
2025-05-29 20:23:03,006 - MainWindow - INFO - СИГНАЛ: Входящее сообщение в чат ID 5 от 3333: 44
2025-05-29 20:23:05,325 - MainWindow - INFO - СИГНАЛ: Входящее сообщение в чат ID 5 от 3333: 55
2025-05-29 20:23:06,499 - MainWindow - INFO - СИГНАЛ: Входящее сообщение в чат ID 5 от 3333: 66
2025-05-29 20:28:28,218 - MainWindow - INFO - Окно клиента закрывается. Отключение от сервера через SocketHandler.
2025-05-29 20:28:28,218 - MainWindow - INFO - СИГНАЛ: Отключено от сервера (через SocketHandler).
2025-05-29 20:28:28,219 - MainWindow - INFO - UI: Панель подключения. Статус: Соединение с сервером разорвано.
