2025-05-29 20:43:55,567 - MainWindow - INFO - Инициализация ChatClientWindow...
2025-05-29 20:43:55,575 - MainWindow - INFO - UI и SocketHandler для ChatClientWindow инициализированы.
2025-05-29 20:44:07,431 - MainWindow - INFO - Получен запрос на подключение к 127.0.0.1:65432 от ConnectPanel.
2025-05-29 20:44:07,434 - MainWindow - INFO - СИГНАЛ: Успешно подключено к серверу (через SocketHandler).
2025-05-29 20:44:07,435 - MainWindow - INFO - UI: Панель аутентификации. Статус: Подключено к 127.0.0.1:65432. Введите данные.
2025-05-29 20:44:10,519 - MainWindow - INFO - Попытка входа для 3333 через SocketHandler.
2025-05-29 20:44:10,683 - MainWindow - INFO - СИГНАЛ: Получен статус логина: {'message': 'Успешный вход.', 'status': 'success', 'user_id': 3, 'username': '3333'}
2025-05-29 20:44:10,683 - MainWindow - INFO - Логин успешен как 3333 (ID: 3).
2025-05-29 20:44:10,684 - MainWindow - INFO - UI: Панель списка чатов для 3333.
2025-05-29 20:44:10,684 - MainWindow - INFO - Пользователь 3333 запрашивает список чатов через SocketHandler.
2025-05-29 20:44:10,686 - MainWindow - INFO - СИГНАЛ: Получен список из 3 чатов.
2025-05-29 20:44:10,686 - MainWindow - INFO - СИГНАЛ: Получен список из 3 чатов.
2025-05-29 20:44:21,220 - MainWindow - INFO - СИГНАЛ: Входящее сообщение в чат ID 6 от 1111: 12
2025-05-29 20:44:21,220 - MainWindow - INFO - Пользователь 3333 запрашивает список чатов через SocketHandler.
2025-05-29 20:44:21,220 - MainWindow - INFO - Новое сообщение в неактивном чате ID 6 от 1111.
2025-05-29 20:44:25,735 - MainWindow - INFO - Выбран чат из списка (панель): {'chat_id': 6, 'chat_name': 'ввввв', 'chat_type': 'group', 'last_message_at': None, 'last_message_text': 'Нет сообщений', 'other_user_id': None, 'other_username': None, 'unread_count': 0}
2025-05-29 20:44:25,735 - MainWindow - INFO - UI: Запрос на открытие чата ID 6 (ввввв).
2025-05-29 20:44:25,737 - MainWindow - INFO - Запрос истории для чата ID: 6 через SocketHandler.
2025-05-29 20:44:25,739 - MainWindow - INFO - СИГНАЛ: Получен список из 3 чатов.
2025-05-29 20:44:25,740 - MainWindow - WARNING - Получен список чатов, но панель списка чатов не активна. UI не обновлен.
2025-05-29 20:44:25,740 - MainWindow - INFO - СИГНАЛ: Получена история для чата ID 6 (1 сообщений).
2025-05-29 20:44:36,446 - MainWindow - INFO - Отправка сообщения в чат ID 6 (для ввввв): 1 через SocketHandler.
2025-05-29 20:44:36,958 - MainWindow - INFO - Отправка сообщения в чат ID 6 (для ввввв): 2 через SocketHandler.
2025-05-29 20:44:37,422 - MainWindow - INFO - Отправка сообщения в чат ID 6 (для ввввв): 3 через SocketHandler.
2025-05-29 20:44:37,918 - MainWindow - INFO - Отправка сообщения в чат ID 6 (для ввввв): 4 через SocketHandler.
2025-05-29 20:44:38,383 - MainWindow - INFO - Отправка сообщения в чат ID 6 (для ввввв): 5 через SocketHandler.
2025-05-29 20:44:38,895 - MainWindow - INFO - Отправка сообщения в чат ID 6 (для ввввв): 6 через SocketHandler.
2025-05-29 20:44:40,207 - MainWindow - INFO - Отправка сообщения в чат ID 6 (для ввввв): 7 через SocketHandler.
2025-05-29 20:44:42,915 - MainWindow - INFO - СИГНАЛ: Входящее сообщение в чат ID 6 от 1111: 8
2025-05-29 20:44:43,618 - MainWindow - INFO - СИГНАЛ: Входящее сообщение в чат ID 6 от 1111: 9
2025-05-29 20:44:44,690 - MainWindow - INFO - СИГНАЛ: Входящее сообщение в чат ID 6 от 1111: 10
2025-05-29 20:44:45,266 - MainWindow - INFO - СИГНАЛ: Входящее сообщение в чат ID 6 от 1111: 11
2025-05-29 20:45:11,323 - MainWindow - INFO - Отправка сообщения в чат ID 6 (для ввввв): 0 через SocketHandler.
2025-05-29 20:45:11,563 - MainWindow - INFO - Отправка сообщения в чат ID 6 (для ввввв): 1 через SocketHandler.
2025-05-29 20:45:11,899 - MainWindow - INFO - Отправка сообщения в чат ID 6 (для ввввв): 2 через SocketHandler.
2025-05-29 20:45:12,203 - MainWindow - INFO - Отправка сообщения в чат ID 6 (для ввввв): 3 через SocketHandler.
2025-05-29 20:45:13,579 - MainWindow - INFO - Отправка сообщения в чат ID 6 (для ввввв): 4 через SocketHandler.
2025-05-29 20:45:16,240 - MainWindow - INFO - СИГНАЛ: Входящее сообщение в чат ID 6 от 1111: 5
2025-05-29 20:45:16,526 - MainWindow - INFO - СИГНАЛ: Входящее сообщение в чат ID 6 от 1111: 6
2025-05-29 20:45:16,848 - MainWindow - INFO - СИГНАЛ: Входящее сообщение в чат ID 6 от 1111: 7
2025-05-29 20:45:17,134 - MainWindow - INFO - СИГНАЛ: Входящее сообщение в чат ID 6 от 1111: 8
2025-05-29 20:45:17,584 - MainWindow - INFO - СИГНАЛ: Входящее сообщение в чат ID 6 от 1111: 9
2025-05-29 20:45:19,455 - MainWindow - INFO - UI: Панель списка чатов для 3333.
2025-05-29 20:45:19,455 - MainWindow - INFO - Пользователь 3333 запрашивает список чатов через SocketHandler.
2025-05-29 20:45:19,459 - MainWindow - INFO - СИГНАЛ: Получен список из 3 чатов.
2025-05-29 20:45:21,151 - MainWindow - INFO - Выбран чат из списка (панель): {'chat_id': 6, 'chat_name': 'ввввв', 'chat_type': 'group', 'last_message_at': '2025-05-29T20:45:17.581059+07:00', 'last_message_text': '9', 'other_user_id': None, 'other_username': None, 'unread_count': 0}
2025-05-29 20:45:21,151 - MainWindow - INFO - UI: Запрос на открытие чата ID 6 (ввввв).
2025-05-29 20:45:21,152 - MainWindow - INFO - Запрос истории для чата ID: 6 через SocketHandler.
2025-05-29 20:45:21,154 - MainWindow - INFO - СИГНАЛ: Получена история для чата ID 6 (22 сообщений).
2025-05-29 20:45:50,111 - MainWindow - INFO - UI: Панель списка чатов для 3333.
2025-05-29 20:45:50,111 - MainWindow - INFO - Пользователь 3333 запрашивает список чатов через SocketHandler.
2025-05-29 20:45:50,115 - MainWindow - INFO - СИГНАЛ: Получен список из 3 чатов.
2025-05-29 20:46:07,161 - MainWindow - INFO - Окно клиента закрывается. Отключение от сервера через SocketHandler.
2025-05-29 20:46:07,161 - MainWindow - INFO - СИГНАЛ: Отключено от сервера (через SocketHandler).
2025-05-29 20:46:07,162 - MainWindow - INFO - UI: Панель подключения. Статус: Соединение с сервером разорвано.
