2025-05-30 05:28:11,502 - MainWindow - INFO - Инициализация ChatClientWindow...
2025-05-30 05:28:11,509 - MainWindow - INFO - UI и SocketHandler для ChatClientWindow инициализированы.
2025-05-30 05:28:12,838 - MainWindow - INFO - Получен запрос на подключение к 127.0.0.1:65432 от ConnectPanel.
2025-05-30 05:28:16,910 - MainWindow - ERROR - СИГНАЛ: Ошибка сокета: SocketError.ConnectionRefusedError - Connection refused (через SocketHandler).
2025-05-30 05:28:16,911 - MainWindow - INFO - UI: Панель подключения. Статус: Ошибка подключения: Connection refused
2025-05-30 05:28:35,110 - MainWindow - INFO - Получен запрос на подключение к 127.0.0.1:65432 от ConnectPanel.
2025-05-30 05:28:35,122 - MainWindow - INFO - СИГНАЛ: Успешно подключено к серверу (через SocketHandler).
2025-05-30 05:28:35,123 - MainWindow - INFO - UI: Панель аутентификации. Статус: Подключено к 127.0.0.1:65432. Введите данные.
2025-05-30 05:28:39,110 - MainWindow - INFO - Попытка входа для 4444 через SocketHandler.
2025-05-30 05:28:39,274 - MainWindow - INFO - СИГНАЛ: Получен статус логина: {'message': 'Успешный вход.', 'status': 'success', 'user_id': 5, 'username': '4444'}
2025-05-30 05:28:39,274 - MainWindow - INFO - Логин успешен как 4444 (ID: 5).
2025-05-30 05:28:39,275 - MainWindow - INFO - UI: Панель списка чатов для 4444.
2025-05-30 05:28:39,275 - MainWindow - INFO - Пользователь 4444 запрашивает список чатов через SocketHandler.
2025-05-30 05:28:39,277 - MainWindow - INFO - СИГНАЛ: Получен список из 2 чатов.
2025-05-30 05:28:39,294 - MainWindow - INFO - СИГНАЛ: Получен список из 2 чатов.
2025-05-30 05:28:46,558 - MainWindow - INFO - Инициация чата с 1111 через SocketHandler.
2025-05-30 05:28:46,561 - MainWindow - INFO - СИГНАЛ: Получен ответ на инициацию чата: {'chat_id': 10, 'chat_name': '1111', 'other_user_id': 1, 'other_username': '1111', 'status': 'success'}
2025-05-30 05:28:46,561 - MainWindow - INFO - Чат с 1111 успешно инициирован/найден. ID: 10. Открываем панель чата.
2025-05-30 05:28:46,561 - MainWindow - INFO - UI: Запрос на открытие чата ID 10 (1111).
2025-05-30 05:28:46,563 - MainWindow - INFO - Запрос истории для чата ID: 10 через SocketHandler.
2025-05-30 05:28:46,564 - MainWindow - INFO - СИГНАЛ: Получена история для чата ID 10 (0 сообщений).
2025-05-30 05:28:47,542 - MainWindow - INFO - UI: Панель списка чатов для 4444.
2025-05-30 05:28:47,542 - MainWindow - INFO - Пользователь 4444 запрашивает список чатов через SocketHandler.
2025-05-30 05:28:47,546 - MainWindow - INFO - СИГНАЛ: Получен список из 3 чатов.
2025-05-30 05:28:49,766 - MainWindow - INFO - Выбран чат из списка (панель): {'chat_id': 10, 'chat_name': '1111', 'chat_type': 'direct', 'last_message_at': None, 'last_message_text': 'Нет сообщений', 'other_user_id': 1, 'other_username': '1111', 'unread_count': 0}
2025-05-30 05:28:49,766 - MainWindow - INFO - UI: Запрос на открытие чата ID 10 (1111).
2025-05-30 05:28:49,766 - MainWindow - INFO - Запрос истории для чата ID: 10 через SocketHandler.
2025-05-30 05:28:49,769 - MainWindow - INFO - СИГНАЛ: Получена история для чата ID 10 (0 сообщений).
2025-05-30 05:28:50,766 - MainWindow - INFO - UI: Панель списка чатов для 4444.
2025-05-30 05:28:50,766 - MainWindow - INFO - Пользователь 4444 запрашивает список чатов через SocketHandler.
2025-05-30 05:28:50,770 - MainWindow - INFO - СИГНАЛ: Получен список из 3 чатов.
2025-05-30 05:28:51,334 - MainWindow - INFO - Пользователь 4444 запрашивает список чатов через SocketHandler.
2025-05-30 05:28:51,336 - MainWindow - INFO - СИГНАЛ: Получен список из 3 чатов.
2025-05-30 05:28:51,782 - MainWindow - INFO - Пользователь 4444 запрашивает список чатов через SocketHandler.
2025-05-30 05:28:51,784 - MainWindow - INFO - СИГНАЛ: Получен список из 3 чатов.
2025-05-30 05:28:51,942 - MainWindow - INFO - Пользователь 4444 запрашивает список чатов через SocketHandler.
2025-05-30 05:28:51,943 - MainWindow - INFO - СИГНАЛ: Получен список из 3 чатов.
2025-05-30 05:28:52,110 - MainWindow - INFO - Пользователь 4444 запрашивает список чатов через SocketHandler.
2025-05-30 05:28:52,112 - MainWindow - INFO - СИГНАЛ: Получен список из 3 чатов.
2025-05-30 05:29:05,878 - MainWindow - INFO - Пользователь 4444 запрашивает список чатов через SocketHandler.
2025-05-30 05:29:05,880 - MainWindow - INFO - СИГНАЛ: Получен список из 3 чатов.
2025-05-30 05:29:06,246 - MainWindow - INFO - Пользователь 4444 запрашивает список чатов через SocketHandler.
2025-05-30 05:29:06,248 - MainWindow - INFO - СИГНАЛ: Получен список из 3 чатов.
2025-05-30 05:29:06,406 - MainWindow - INFO - Пользователь 4444 запрашивает список чатов через SocketHandler.
2025-05-30 05:29:06,408 - MainWindow - INFO - СИГНАЛ: Получен список из 3 чатов.
2025-05-30 05:29:06,582 - MainWindow - INFO - Пользователь 4444 запрашивает список чатов через SocketHandler.
2025-05-30 05:29:06,583 - MainWindow - INFO - СИГНАЛ: Получен список из 3 чатов.
2025-05-30 05:29:06,742 - MainWindow - INFO - Пользователь 4444 запрашивает список чатов через SocketHandler.
2025-05-30 05:29:06,743 - MainWindow - INFO - СИГНАЛ: Получен список из 3 чатов.
2025-05-30 05:29:06,910 - MainWindow - INFO - Пользователь 4444 запрашивает список чатов через SocketHandler.
2025-05-30 05:29:06,912 - MainWindow - INFO - СИГНАЛ: Получен список из 3 чатов.
2025-05-30 05:29:07,086 - MainWindow - INFO - Пользователь 4444 запрашивает список чатов через SocketHandler.
2025-05-30 05:29:07,088 - MainWindow - INFO - СИГНАЛ: Получен список из 3 чатов.
2025-05-30 05:29:07,230 - MainWindow - INFO - Пользователь 4444 запрашивает список чатов через SocketHandler.
2025-05-30 05:29:07,232 - MainWindow - INFO - СИГНАЛ: Получен список из 3 чатов.
2025-05-30 05:29:07,406 - MainWindow - INFO - Пользователь 4444 запрашивает список чатов через SocketHandler.
2025-05-30 05:29:07,408 - MainWindow - INFO - СИГНАЛ: Получен список из 3 чатов.
2025-05-30 05:29:07,574 - MainWindow - INFO - Пользователь 4444 запрашивает список чатов через SocketHandler.
2025-05-30 05:29:07,576 - MainWindow - INFO - СИГНАЛ: Получен список из 3 чатов.
2025-05-30 05:29:08,094 - MainWindow - INFO - Пользователь 4444 запрашивает список чатов через SocketHandler.
2025-05-30 05:29:08,096 - MainWindow - INFO - СИГНАЛ: Получен список из 3 чатов.
2025-05-30 05:29:08,278 - MainWindow - INFO - Пользователь 4444 запрашивает список чатов через SocketHandler.
2025-05-30 05:29:08,280 - MainWindow - INFO - СИГНАЛ: Получен список из 3 чатов.
2025-05-30 05:29:15,542 - MainWindow - INFO - Инициация чата с 562 через SocketHandler.
2025-05-30 05:29:15,543 - MainWindow - INFO - СИГНАЛ: Получен ответ на инициацию чата: {'message': "Пользователь '562' не найден.", 'status': 'error'}
2025-05-30 05:29:16,432 - MainWindow - INFO - UI: Панель списка чатов для 4444.
2025-05-30 05:29:16,432 - MainWindow - INFO - Пользователь 4444 запрашивает список чатов через SocketHandler.
2025-05-30 05:29:16,436 - MainWindow - INFO - СИГНАЛ: Получен список из 3 чатов.
2025-05-30 05:29:19,134 - MainWindow - INFO - Инициация чата с 12312313 через SocketHandler.
2025-05-30 05:29:19,135 - MainWindow - INFO - СИГНАЛ: Получен ответ на инициацию чата: {'message': "Пользователь '12312313' не найден.", 'status': 'error'}
2025-05-30 05:29:19,936 - MainWindow - INFO - UI: Панель списка чатов для 4444.
2025-05-30 05:29:19,936 - MainWindow - INFO - Пользователь 4444 запрашивает список чатов через SocketHandler.
2025-05-30 05:29:19,940 - MainWindow - INFO - СИГНАЛ: Получен список из 3 чатов.
2025-05-30 05:29:21,934 - MainWindow - INFO - Попытка создания группы '123132' с участниками [] через SocketHandler.
2025-05-30 05:29:21,935 - MainWindow - INFO - СИГНАЛ: Получен ответ на создание группы: {'chat_id': 11, 'chat_name': '123132', 'chat_type': 'group', 'message': "Группа '123132' успешно создана.", 'status': 'success'}
2025-05-30 05:29:22,768 - MainWindow - INFO - Пользователь 4444 запрашивает список чатов через SocketHandler.
2025-05-30 05:29:22,768 - MainWindow - INFO - UI: Запрос на открытие чата ID 11 (123132).
2025-05-30 05:29:22,769 - MainWindow - INFO - Запрос истории для чата ID: 11 через SocketHandler.
2025-05-30 05:29:22,772 - MainWindow - INFO - СИГНАЛ: Получен список из 4 чатов.
2025-05-30 05:29:22,772 - MainWindow - WARNING - Получен список чатов, но панель списка чатов не активна. UI не обновлен.
2025-05-30 05:29:22,772 - MainWindow - INFO - СИГНАЛ: Получена история для чата ID 11 (0 сообщений).
2025-05-30 05:29:26,174 - MainWindow - INFO - UI: Панель списка чатов для 4444.
2025-05-30 05:29:26,174 - MainWindow - INFO - Пользователь 4444 запрашивает список чатов через SocketHandler.
2025-05-30 05:29:26,177 - MainWindow - INFO - СИГНАЛ: Получен список из 4 чатов.
2025-05-30 05:29:29,526 - MainWindow - INFO - Попытка создания группы '123132' с участниками ['123213'] через SocketHandler.
2025-05-30 05:29:29,527 - MainWindow - INFO - СИГНАЛ: Получен ответ на создание группы: {'message': "Пользователь '123213' для добавления в группу не найден.", 'status': 'error'}
2025-05-30 05:29:33,830 - MainWindow - INFO - Пользователь 4444 запрашивает список чатов через SocketHandler.
2025-05-30 05:29:33,832 - MainWindow - INFO - СИГНАЛ: Получен список из 4 чатов.
2025-05-30 05:29:35,671 - MainWindow - INFO - Окно клиента закрывается. Отключение от сервера через SocketHandler.
2025-05-30 05:29:35,672 - MainWindow - INFO - СИГНАЛ: Отключено от сервера (через SocketHandler).
2025-05-30 05:29:35,672 - MainWindow - INFO - UI: Панель подключения. Статус: Соединение с сервером разорвано.
