2025-05-28 22:34:58,249 - ClientApp - INFO - Запуск клиентского приложения...
2025-05-28 22:34:58,264 - ClientApp - INFO - Инициализация главного окна клиента...
2025-05-28 22:34:58,269 - ClientApp - INFO - Изменение состояния UI на: disconnected
2025-05-28 22:34:58,269 - ClientApp - INFO - UI клиента инициализирован.
2025-05-28 22:34:58,344 - ClientApp - INFO - Главное окно клиента отображено.
2025-05-28 22:35:28,957 - ClientApp - INFO - Попытка подключения к 127.0.0.1:65432
2025-05-28 22:35:28,957 - ClientApp - INFO - Изменение состояния UI на: connecting_to_server
2025-05-28 22:35:28,959 - ClientApp - INFO - Успешно подключено к серверу 127.0.0.1:65432
2025-05-28 22:35:28,960 - ClientApp - INFO - Изменение состояния UI на: awaiting_login
2025-05-28 22:35:31,605 - ClientApp - INFO - Отправка запроса на логин с никнеймом: 222
2025-05-28 22:35:31,605 - ClientApp - INFO - Изменение состояния UI на: logging_in
2025-05-28 22:35:31,606 - ClientApp - DEBUG - Отправлено на сервер: {"type": "login", "payload": {"username": "222"}}
2025-05-28 22:35:31,609 - ClientApp - DEBUG - on_ready_read: текущий буфер: "{"type": "login_status", "payload": {"status": "success", "message": "\u0423\u0441\u043f\u0435\u0448\u043d\u044b\u0439 \u0432\u0445\u043e\u0434.", "username": "222"}}
"
2025-05-28 22:35:31,609 - ClientApp - INFO - Получено полное сообщение от сервера: {"type": "login_status", "payload": {"status": "success", "message": "\u0423\u0441\u043f\u0435\u0448\u043d\u044b\u0439 \u0432\u0445\u043e\u0434.", "username": "222"}}
2025-05-28 22:35:31,609 - ClientApp - INFO - Логин успешен как 222. Сообщение от сервера: Успешный вход.
2025-05-28 22:35:31,609 - ClientApp - INFO - Изменение состояния UI на: chatting
2025-05-28 22:43:03,349 - ClientApp - INFO - Отправка личного сообщения для 123: соси
2025-05-28 22:43:03,349 - ClientApp - DEBUG - Отправлено на сервер: {"type": "private_message", "payload": {"recipient": "123", "text": "\u0441\u043e\u0441\u0438"}}
2025-05-28 22:43:17,614 - ClientApp - DEBUG - on_ready_read: текущий буфер: "{"type": "incoming_message", "payload": {"sender": "123", "text": "\u0447\u0451"}}
"
2025-05-28 22:43:17,614 - ClientApp - INFO - Получено полное сообщение от сервера: {"type": "incoming_message", "payload": {"sender": "123", "text": "\u0447\u0451"}}
2025-05-28 22:43:17,614 - ClientApp - INFO - Получено сообщение от 123: чё
2025-05-28 22:43:31,100 - ClientApp - INFO - Отправка личного сообщения для 123: всё
2025-05-28 22:43:31,101 - ClientApp - DEBUG - Отправлено на сервер: {"type": "private_message", "payload": {"recipient": "123", "text": "\u0432\u0441\u0451"}}
2025-05-28 22:43:43,406 - ClientApp - DEBUG - on_ready_read: текущий буфер: "{"type": "incoming_message", "payload": {"sender": "123", "text": "\u043e\u043a"}}
"
2025-05-28 22:43:43,406 - ClientApp - INFO - Получено полное сообщение от сервера: {"type": "incoming_message", "payload": {"sender": "123", "text": "\u043e\u043a"}}
2025-05-28 22:43:43,406 - ClientApp - INFO - Получено сообщение от 123: ок
2025-05-28 22:43:49,797 - ClientApp - INFO - Отправка личного сообщения для 123: почему
2025-05-28 22:43:49,797 - ClientApp - DEBUG - Отправлено на сервер: {"type": "private_message", "payload": {"recipient": "123", "text": "\u043f\u043e\u0447\u0435\u043c\u0443"}}
2025-05-28 23:18:21,901 - ClientApp - INFO - Клиентское приложение завершено с кодом: 0
