2025-05-29 01:22:58,821 - ClientApp - INFO - Запуск клиентского приложения...
2025-05-29 01:22:58,835 - ClientApp - INFO - Инициализация главного окна клиента...
2025-05-29 01:22:58,841 - ClientApp - INFO - Изменение состояния UI на: disconnected
2025-05-29 01:22:58,841 - ClientApp - INFO - UI клиента инициализирован.
2025-05-29 01:22:58,919 - ClientApp - INFO - Главное окно клиента отображено.
2025-05-29 01:23:00,101 - ClientApp - INFO - Попытка подключения к 127.0.0.1:65432
2025-05-29 01:23:00,103 - ClientApp - INFO - Изменение состояния UI на: connecting_to_server
2025-05-29 01:23:00,107 - ClientApp - INFO - Успешно подключено к серверу 127.0.0.1:65432
2025-05-29 01:23:00,107 - ClientApp - INFO - Изменение состояния UI на: awaiting_auth
2025-05-29 01:23:03,133 - ClientApp - INFO - Отправка запроса на вход для: 2222
2025-05-29 01:23:03,133 - ClientApp - INFO - Изменение состояния UI на: authenticating
2025-05-29 01:23:03,134 - ClientApp - DEBUG - Отправлено на сервер: {"type": "login", "payload": {"username": "2222", "password": "2222"}}
2025-05-29 01:23:03,304 - ClientApp - DEBUG - on_ready_read: текущий буфер (до обработки split): "{"type": "login_status", "payload": {"status": "success", "message": "Успешный вход.", "username": "2222", "user_id": 2}}
"
2025-05-29 01:23:03,304 - ClientApp - INFO - Получено полное сообщение от сервера: {"type": "login_status", "payload": {"status": "success", "message": "Успешный вход.", "username": "2222", "user_id": 2}}
2025-05-29 01:23:03,304 - ClientApp - INFO - Логин успешен как 2222 (ID: 2). Сообщение: Успешный вход.
2025-05-29 01:23:03,304 - ClientApp - INFO - Изменение состояния UI на: chatting
2025-05-29 01:23:40,861 - ClientApp - INFO - Отправка личного сообщения для 1111: 132
2025-05-29 01:23:40,861 - ClientApp - DEBUG - Отправлено на сервер: {"type": "private_message", "payload": {"recipient": "1111", "text": "132"}}
2025-05-29 01:23:43,689 - ClientApp - INFO - Клиентское приложение завершено с кодом: 0
