2025-05-29 00:47:32,864 - ClientApp - INFO - Запуск клиентского приложения...
2025-05-29 00:47:32,879 - ClientApp - INFO - Инициализация главного окна клиента...
2025-05-29 00:47:32,884 - ClientApp - INFO - Изменение состояния UI на: disconnected
2025-05-29 00:47:32,884 - ClientApp - INFO - UI клиента инициализирован.
2025-05-29 00:47:32,961 - ClientApp - INFO - Главное окно клиента отображено.
2025-05-29 00:47:35,407 - ClientApp - INFO - Попытка подключения к 127.0.0.1:65432
2025-05-29 00:47:35,409 - ClientApp - INFO - Изменение состояния UI на: connecting_to_server
2025-05-29 00:47:35,412 - ClientApp - INFO - Успешно подключено к серверу 127.0.0.1:65432
2025-05-29 00:47:35,412 - ClientApp - INFO - Изменение состояния UI на: awaiting_auth
2025-05-29 00:47:44,103 - ClientApp - INFO - Отправка запроса на регистрацию для: 1111
2025-05-29 00:47:44,103 - ClientApp - INFO - Изменение состояния UI на: authenticating
2025-05-29 00:47:44,104 - ClientApp - DEBUG - Отправлено на сервер: {"type": "register", "payload": {"username": "1111", "password": "1111"}}
2025-05-29 00:47:44,279 - ClientApp - DEBUG - on_ready_read: текущий буфер (до обработки split): "{"type": "register_status", "payload": {"status": "success", "message": "\u041f\u043e\u043b\u044c\u0437\u043e\u0432\u0430\u0442\u0435\u043b\u044c '1111' \u0443\u0441\u043f\u0435\u0448\u043d\u043e \u0437\u0430\u0440\u0435\u0433\u0438\u0441\u0442\u0440\u0438\u0440\u043e\u0432\u0430\u043d. \u0422\u0435\u043f\u0435\u0440\u044c \u0432\u044b \u043c\u043e\u0436\u0435\u0442\u0435 \u0432\u043e\u0439\u0442\u0438."}}
"
2025-05-29 00:47:44,280 - ClientApp - INFO - Получено полное сообщение от сервера: {"type": "register_status", "payload": {"status": "success", "message": "\u041f\u043e\u043b\u044c\u0437\u043e\u0432\u0430\u0442\u0435\u043b\u044c '1111' \u0443\u0441\u043f\u0435\u0448\u043d\u043e \u0437\u0430\u0440\u0435\u0433\u0438\u0441\u0442\u0440\u0438\u0440\u043e\u0432\u0430\u043d. \u0422\u0435\u043f\u0435\u0440\u044c \u0432\u044b \u043c\u043e\u0436\u0435\u0442\u0435 \u0432\u043e\u0439\u0442\u0438."}}
2025-05-29 00:47:44,280 - ClientApp - INFO - Регистрация успешна. Сообщение: Пользователь '1111' успешно зарегистрирован. Теперь вы можете войти.
2025-05-29 00:48:05,377 - ClientApp - INFO - Изменение состояния UI на: awaiting_auth
2025-05-29 00:48:07,023 - ClientApp - INFO - Отправка запроса на вход для: 1111
2025-05-29 00:48:07,023 - ClientApp - INFO - Изменение состояния UI на: authenticating
2025-05-29 00:48:07,023 - ClientApp - DEBUG - Отправлено на сервер: {"type": "login", "payload": {"username": "1111", "password": "1111"}}
2025-05-29 00:48:07,208 - ClientApp - DEBUG - on_ready_read: текущий буфер (до обработки split): "{"type": "login_status", "payload": {"status": "success", "message": "\u0423\u0441\u043f\u0435\u0448\u043d\u044b\u0439 \u0432\u0445\u043e\u0434.", "username": "1111", "user_id": 1}}
"
2025-05-29 00:48:07,208 - ClientApp - INFO - Получено полное сообщение от сервера: {"type": "login_status", "payload": {"status": "success", "message": "\u0423\u0441\u043f\u0435\u0448\u043d\u044b\u0439 \u0432\u0445\u043e\u0434.", "username": "1111", "user_id": 1}}
2025-05-29 00:48:07,208 - ClientApp - INFO - Логин успешен как 1111 (ID: 1). Сообщение: Успешный вход.
2025-05-29 00:48:07,208 - ClientApp - INFO - Изменение состояния UI на: chatting
2025-05-29 00:50:07,576 - ClientApp - DEBUG - on_ready_read: текущий буфер (до обработки split): "{"type": "incoming_message", "payload": {"sender": "2222", "text": "3"}}
"
2025-05-29 00:50:07,576 - ClientApp - INFO - Получено полное сообщение от сервера: {"type": "incoming_message", "payload": {"sender": "2222", "text": "3"}}
2025-05-29 00:50:07,576 - ClientApp - INFO - Получено сообщение от 2222: 3
2025-05-29 00:50:16,535 - ClientApp - INFO - Отправка личного сообщения для 3333: 444
2025-05-29 00:50:16,535 - ClientApp - DEBUG - Отправлено на сервер: {"type": "private_message", "payload": {"recipient": "3333", "text": "444"}}
2025-05-29 00:50:16,536 - ClientApp - DEBUG - on_ready_read: текущий буфер (до обработки split): "{"type": "error_notification", "payload": {"message": "\u041f\u043e\u043b\u044c\u0437\u043e\u0432\u0430\u0442\u0435\u043b\u044c '3333' \u043d\u0435 \u043d\u0430\u0439\u0434\u0435\u043d \u0438\u043b\u0438 \u043e\u0444\u0444\u043b\u0430\u0439\u043d."}}
"
2025-05-29 00:50:16,536 - ClientApp - INFO - Получено полное сообщение от сервера: {"type": "error_notification", "payload": {"message": "\u041f\u043e\u043b\u044c\u0437\u043e\u0432\u0430\u0442\u0435\u043b\u044c '3333' \u043d\u0435 \u043d\u0430\u0439\u0434\u0435\u043d \u0438\u043b\u0438 \u043e\u0444\u0444\u043b\u0430\u0439\u043d."}}
2025-05-29 00:50:16,536 - ClientApp - WARNING - Уведомление об ошибке от сервера: Пользователь '3333' не найден или оффлайн.
2025-05-29 00:52:51,225 - ClientApp - INFO - Клиентское приложение завершено с кодом: 0
