2025-05-29 03:05:53,684 - ClientApp - INFO - Запуск клиентского приложения...
2025-05-29 03:05:53,699 - ClientApp - INFO - Инициализация главного окна клиента...
2025-05-29 03:05:53,705 - ClientApp - INFO - UI клиента инициализирован.
2025-05-29 03:05:53,782 - ClientApp - INFO - Главное окно клиента отображено.
2025-05-29 03:05:56,264 - ClientApp - INFO - Попытка подключения к 127.0.0.1:65432
2025-05-29 03:05:56,267 - ClientApp - INFO - Успешно подключено к серверу 127.0.0.1:65432
2025-05-29 03:05:56,268 - ClientApp - INFO - UI: Панель аутентификации. Статус: Подключено к 127.0.0.1. Введите данные.
2025-05-29 03:06:07,472 - ClientApp - INFO - Отправка запроса на вход для: 1111
2025-05-29 03:06:07,473 - ClientApp - DEBUG - Отправлено на сервер: {"type": "login", "payload": {"username": "1111", "password": "1111"}}
2025-05-29 03:06:07,637 - ClientApp - INFO - Получено полное сообщение от сервера: {"type": "login_status", "payload": {"status": "success", "message": "Успешный вход.", "username": "1111", "user_id": 1}}
2025-05-29 03:06:07,637 - ClientApp - INFO - Логин успешен как 1111 (ID: 1).
2025-05-29 03:06:07,638 - ClientApp - INFO - UI: Панель списка чатов для 1111.
2025-05-29 03:06:07,638 - ClientApp - INFO - Пользователь 1111 запрашивает список чатов.
2025-05-29 03:06:07,638 - ClientApp - DEBUG - Отправлено на сервер: {"type": "request_chat_list", "payload": {}}
2025-05-29 03:06:07,672 - ClientApp - ERROR - Ошибка сокета: SocketError.RemoteHostClosedError (<enum 'SocketError'>) - The remote host closed the connection
2025-05-29 03:06:07,672 - ClientApp - INFO - UI: Панель подключения. Статус: Ошибка подключения: The remote host closed the connection
2025-05-29 03:06:07,672 - ClientApp - INFO - Отключено от сервера.
2025-05-29 03:06:07,672 - ClientApp - INFO - UI: Панель подключения. Статус: Соединение с сервером разорвано.
2025-05-29 03:06:47,506 - ClientApp - INFO - Окно клиента закрывается. Отключение от сервера.
2025-05-29 03:06:47,508 - ClientApp - INFO - Клиентское приложение завершено с кодом: 0
